2026-05-20 14:22:48,524 [INFO] Activator:176 - 


2026-05-20 14:22:48,530 [INFO] Activator:177 - !SESSION log4j initialized
2026-05-20 14:22:55,483 [INFO] LogOutputStream:77 - [STDOUT_REDIRECT] 
2026-05-20 14:23:10,371 [INFO] ApplicationProperties:184 - Using Application install path: C:\ST\STM32CubeIDE_1.18.0\STM32CubeIDE\plugins\com.st.stm32cube.common.mx_6.14.0.202502271554
2026-05-20 14:23:10,393 [INFO] DbMcusXml:78 - Set database path to: C:\ST\STM32CubeIDE_1.18.0\STM32CubeIDE\plugins\com.st.stm32cube.common.mx_6.14.0.202502271554\\db\/mcu/
2026-05-20 14:23:10,393 [INFO] ApiDb:274 - Set plugin database path to: C:\ST\STM32CubeIDE_1.18.0\STM32CubeIDE\plugins\com.st.stm32cube.common.mx_6.14.0.202502271554\\db\/plugins/boardmanager/
2026-05-20 14:23:10,394 [WARN] ApiDb:259 - Overriding images path with different value:  => C:\ST\STM32CubeIDE_1.18.0\STM32CubeIDE\plugins\com.st.stm32cube.common.mx_6.14.0.202502271554\\db\/plugins/mcufinder/images/
2026-05-20 14:23:10,402 [INFO] ApiDb:250 - Set database path to: C:\Users\91762\.stmcufinder\plugins\mcufinder//mcu/
2026-05-20 14:23:10,403 [INFO] DbMcusAds:125 - Set database path to: C:\Users\91762\.stmcufinder\plugins\mcufinder//mcu/
2026-05-20 14:23:10,421 [INFO] CrossReferenceDbSqlite:203 - Set database path to: C:\Users\91762\.stmcufinder\plugins\mcufinder//mcu/cs/
2026-05-20 14:23:10,555 [INFO] RulesReader:64 - Compatibility file has been processed (301 Rules)
2026-05-20 14:23:10,654 [INFO] DbMcusXml:78 - Set database path to: C:\ST\STM32CubeIDE_1.18.0\STM32CubeIDE\plugins\com.st.stm32cube.common.mx_6.14.0.202502271554\\db\/mcu/
2026-05-20 14:23:10,655 [INFO] ApiDb:274 - Set plugin database path to: C:\ST\STM32CubeIDE_1.18.0\STM32CubeIDE\plugins\com.st.stm32cube.common.mx_6.14.0.202502271554\\db\/plugins/boardmanager/
2026-05-20 14:23:10,655 [INFO] ApiDb:261 - Set plugin images path to: C:\ST\STM32CubeIDE_1.18.0\STM32CubeIDE\plugins\com.st.stm32cube.common.mx_6.14.0.202502271554\\db\/plugins/mcufinder/images/
2026-05-20 14:23:10,655 [WARN] DbFile:41 - Overriding database path with different value: C:\Users\91762\.stmcufinder\plugins\mcufinder/ => C:\Users\91762\.stmcufinder\plugins\mcufinder
2026-05-20 14:23:10,655 [INFO] ApiDb:250 - Set database path to: C:\Users\91762\.stmcufinder\plugins\mcufinder//mcu/
2026-05-20 14:23:10,655 [WARN] DbFile:41 - Overriding database path with different value: C:\Users\91762\.stmcufinder\plugins\mcufinder/ => C:\Users\91762\.stmcufinder\plugins\mcufinder
2026-05-20 14:23:10,655 [INFO] DbMcusAds:125 - Set database path to: C:\Users\91762\.stmcufinder\plugins\mcufinder//mcu/
2026-05-20 14:23:10,655 [WARN] DbFile:41 - Overriding database path with different value: C:\Users\91762\.stmcufinder\plugins\mcufinder/ => C:\Users\91762\.stmcufinder\plugins\mcufinder
2026-05-20 14:23:10,655 [WARN] DbFile:41 - Overriding database path with different value: C:\Users\91762\.stmcufinder\plugins\mcufinder/ => C:\Users\91762\.stmcufinder\plugins\mcufinder
2026-05-20 14:23:10,655 [INFO] CrossReferenceDbSqlite:203 - Set database path to: C:\Users\91762\.stmcufinder\plugins\mcufinder//mcu/cs/
2026-05-20 14:23:10,745 [INFO] MainPanel:272 - HeapMemory: 268435456
2026-05-20 14:23:10,892 [INFO] DbMcusXml:78 - Set database path to: C:\ST\STM32CubeIDE_1.18.0\STM32CubeIDE\plugins\com.st.stm32cube.common.mx_6.14.0.202502271554\\db\/mcu/
2026-05-20 14:23:10,892 [INFO] ApiDb:274 - Set plugin database path to: C:\ST\STM32CubeIDE_1.18.0\STM32CubeIDE\plugins\com.st.stm32cube.common.mx_6.14.0.202502271554\\db\/plugins/boardmanager/
2026-05-20 14:23:10,892 [INFO] ApiDb:261 - Set plugin images path to: C:\ST\STM32CubeIDE_1.18.0\STM32CubeIDE\plugins\com.st.stm32cube.common.mx_6.14.0.202502271554\\db\/plugins/mcufinder/images/
2026-05-20 14:23:10,893 [WARN] DbFile:41 - Overriding database path with different value: C:\Users\91762\.stmcufinder\plugins\mcufinder/ => C:\Users\91762\.stmcufinder\plugins\mcufinder
2026-05-20 14:23:10,893 [INFO] ApiDb:250 - Set database path to: C:\Users\91762\.stmcufinder\plugins\mcufinder//mcu/
2026-05-20 14:23:10,893 [WARN] DbFile:41 - Overriding database path with different value: C:\Users\91762\.stmcufinder\plugins\mcufinder/ => C:\Users\91762\.stmcufinder\plugins\mcufinder
2026-05-20 14:23:10,893 [INFO] DbMcusAds:125 - Set database path to: C:\Users\91762\.stmcufinder\plugins\mcufinder//mcu/
2026-05-20 14:23:10,893 [WARN] DbFile:41 - Overriding database path with different value: C:\Users\91762\.stmcufinder\plugins\mcufinder/ => C:\Users\91762\.stmcufinder\plugins\mcufinder
2026-05-20 14:23:10,893 [WARN] DbFile:41 - Overriding database path with different value: C:\Users\91762\.stmcufinder\plugins\mcufinder/ => C:\Users\91762\.stmcufinder\plugins\mcufinder
2026-05-20 14:23:10,893 [INFO] CrossReferenceDbSqlite:203 - Set database path to: C:\Users\91762\.stmcufinder\plugins\mcufinder//mcu/cs/
2026-05-20 14:23:10,911 [INFO] ApplicationProperties:184 - Using Application install path: C:\ST\STM32CubeIDE_1.18.0\STM32CubeIDE\plugins\com.st.stm32cube.common.mx_6.14.0.202502271554
2026-05-20 14:23:10,912 [INFO] PluginManage:196 - Search for loadable plugins [exclusion list=, ]
2026-05-20 14:23:10,914 [INFO] PluginManage:310 - Check plugin analytics
2026-05-20 14:23:11,137 [INFO] AnalyticsPlugin:253 - Accepted Software Licenses: 
2026-05-20 14:23:11,138 [INFO] AnalyticsPlugin:255 - Accepted CMSIS Pack Licenses: 
2026-05-20 14:23:11,138 [INFO] AnalyticsPlugin:257 - Accepted Firmware Licenses: FW.F4.1.28.0
2026-05-20 14:23:11,140 [INFO] PluginManage:359 - Loaded plugin analytics (category:tool,tabindex:-1)
2026-05-20 14:23:11,141 [INFO] PluginManage:310 - Check plugin cadmodel
2026-05-20 14:23:11,162 [INFO] CADModel:105 - Init CAD model plugin
2026-05-20 14:23:11,163 [INFO] PluginManage:359 - Loaded plugin cadmodel (category:power,tabindex:5)
2026-05-20 14:23:11,163 [INFO] PluginManage:310 - Check plugin clock
2026-05-20 14:23:11,187 [INFO] PluginManage:359 - Loaded plugin clock (category:base,tabindex:2)
2026-05-20 14:23:11,188 [INFO] PluginManage:310 - Check plugin ddr
2026-05-20 14:23:11,191 [INFO] PluginManage:359 - Loaded plugin ddr (category:tool,tabindex:6)
2026-05-20 14:23:11,191 [INFO] PluginManage:310 - Check plugin filemanager
2026-05-20 14:23:11,336 [INFO] PluginManage:359 - Loaded plugin filemanager (category:base,tabindex:10)
2026-05-20 14:23:11,336 [INFO] PluginManage:310 - Check plugin ipmanager
2026-05-20 14:23:11,343 [INFO] PluginManage:359 - Loaded plugin ipmanager (category:base,tabindex:5)
2026-05-20 14:23:11,343 [INFO] PluginManage:310 - Check plugin lpbam
2026-05-20 14:23:11,363 [INFO] PluginManage:359 - Loaded plugin lpbam (category:base,tabindex:0)
2026-05-20 14:23:11,363 [INFO] PluginManage:310 - Check plugin memorymap
2026-05-20 14:23:11,391 [INFO] PluginManage:359 - Loaded plugin memorymap (category:base,tabindex:4)
2026-05-20 14:23:11,392 [INFO] PluginManage:310 - Check plugin pinoutandconfiguration
2026-05-20 14:23:11,408 [INFO] PluginManage:359 - Loaded plugin pinoutandconfiguration (category:base,tabindex:1)
2026-05-20 14:23:11,408 [INFO] PluginManage:310 - Check plugin pinoutconfig
2026-05-20 14:23:11,499 [WARN] SupportedApi:132 - Cannot load RTOS API schema: s4s-elt-must-match.1: The content of 'definitions' must match (annotation?, (simpleType | complexType)?, (unique | key | keyref)*)). A problem was found starting at: attribute.
2026-05-20 14:23:11,647 [INFO] PluginManage:359 - Loaded plugin pinoutconfig (category:base,tabindex:0)
2026-05-20 14:23:11,647 [INFO] PluginManage:310 - Check plugin power
2026-05-20 14:23:11,672 [INFO] PluginManage:359 - Loaded plugin power (category:power,tabindex:4)
2026-05-20 14:23:11,672 [INFO] PluginManage:310 - Check plugin projectmanager
2026-05-20 14:23:11,695 [INFO] PluginManage:359 - Loaded plugin projectmanager (category:projectmanager,tabindex:4)
2026-05-20 14:23:11,696 [INFO] PluginManage:310 - Check plugin rif
2026-05-20 14:23:11,716 [INFO] PluginManage:359 - Loaded plugin rif (category:base,tabindex:3)
2026-05-20 14:23:11,716 [INFO] PluginManage:310 - Check plugin thirdparty
2026-05-20 14:23:12,159 [INFO] PluginManage:359 - Loaded plugin thirdparty (category:base,tabindex:-1)
2026-05-20 14:23:12,159 [WARN] IntegrityCheckThread:84 - waiting for thirdparty lock release [integrity check]
2026-05-20 14:23:12,159 [INFO] PluginManage:310 - Check plugin tools
2026-05-20 14:23:12,160 [INFO] IntegrityCheckThread:86 - entering critical section [integrity check]
2026-05-20 14:23:12,160 [INFO] ThirdPartyUpdaterWithRetryManager:70 - Updater plugin not ready yet. [1/15]
2026-05-20 14:23:12,199 [INFO] PluginManage:359 - Loaded plugin tools (category:base,tabindex:7)
2026-05-20 14:23:12,199 [INFO] PluginManage:310 - Check plugin tutovideos
2026-05-20 14:23:12,389 [INFO] PluginManage:359 - Loaded plugin tutovideos (category:base,tabindex:-1)
2026-05-20 14:23:12,389 [INFO] PluginManage:310 - Check plugin updater
2026-05-20 14:23:12,421 [INFO] PluginManage:359 - Loaded plugin updater (category:base,tabindex:12)
2026-05-20 14:23:12,421 [INFO] PluginManage:310 - Check plugin userauth
2026-05-20 14:23:12,426 [INFO] UserAuth:118 - Init User Auth plugin
2026-05-20 14:23:12,428 [INFO] PluginManage:359 - Loaded plugin userauth (category:base,tabindex:14)
2026-05-20 14:23:12,429 [INFO] PluginManage:283 - PluginManage : Loaded plugins [18]
2026-05-20 14:23:12,684 [INFO] PinOutPanel:1589 - setPackage(No Configuration,No Configuration)
2026-05-20 14:23:12,757 [INFO] CADModel:165 - CPN selected for project level
2026-05-20 14:23:12,758 [INFO] CADModel:114 - Register for checkConnection events
2026-05-20 14:23:12,786 [INFO] IPUIPlugin:80 - create IPUIPlugin
2026-05-20 14:23:12,786 [INFO] PluginManager:220 - loadIPPluginJar : add adc
2026-05-20 14:23:12,828 [INFO] IPUIPlugin:80 - create IPUIPlugin
2026-05-20 14:23:12,829 [INFO] PluginManager:220 - loadIPPluginJar : add aes
2026-05-20 14:23:12,879 [INFO] IPUIPlugin:80 - create IPUIPlugin
2026-05-20 14:23:12,879 [INFO] PluginManager:220 - loadIPPluginJar : add can
2026-05-20 14:23:12,908 [INFO] IPUIPlugin:80 - create IPUIPlugin
2026-05-20 14:23:12,909 [INFO] PluginManager:220 - loadIPPluginJar : add comp
2026-05-20 14:23:12,945 [INFO] IPUIPlugin:80 - create IPUIPlugin
2026-05-20 14:23:12,945 [INFO] PluginManager:220 - loadIPPluginJar : add cryp
2026-05-20 14:23:12,960 [INFO] IPUIPlugin:80 - create IPUIPlugin
2026-05-20 14:23:12,960 [INFO] PluginManager:220 - loadIPPluginJar : add ddr_ctrl_phy
2026-05-20 14:23:12,992 [INFO] IPUIPlugin:80 - create IPUIPlugin
2026-05-20 14:23:12,994 [INFO] PluginManager:220 - loadIPPluginJar : add dfsdm
2026-05-20 14:23:13,008 [INFO] IPUIPlugin:80 - create IPUIPlugin
2026-05-20 14:23:13,009 [INFO] PluginManager:220 - loadIPPluginJar : add dma
2026-05-20 14:23:13,049 [INFO] IPUIPlugin:80 - create IPUIPlugin
2026-05-20 14:23:13,049 [INFO] PluginManager:220 - loadIPPluginJar : add dma3
2026-05-20 14:23:13,098 [INFO] IPUIPlugin:80 - create IPUIPlugin
2026-05-20 14:23:13,098 [INFO] PluginManager:220 - loadIPPluginJar : add extmemmanager
2026-05-20 14:23:13,121 [INFO] IPUIPlugin:80 - create IPUIPlugin
2026-05-20 14:23:13,122 [INFO] PluginManager:220 - loadIPPluginJar : add fatfs
2026-05-20 14:23:13,170 [INFO] IPUIPlugin:80 - create IPUIPlugin
2026-05-20 14:23:13,170 [INFO] PluginManager:220 - loadIPPluginJar : add fmc
2026-05-20 14:23:13,183 [INFO] IPUIPlugin:80 - create IPUIPlugin
2026-05-20 14:23:13,184 [INFO] PluginManager:220 - loadIPPluginJar : add freertos
2026-05-20 14:23:13,206 [INFO] IPUIPlugin:80 - create IPUIPlugin
2026-05-20 14:23:13,206 [INFO] PluginManager:220 - loadIPPluginJar : add genericplugin
2026-05-20 14:23:13,296 [INFO] IPUIPlugin:80 - create IPUIPlugin
2026-05-20 14:23:13,297 [INFO] PluginManager:220 - loadIPPluginJar : add gfxmmu
2026-05-20 14:23:13,432 [INFO] IPUIPlugin:80 - create IPUIPlugin
2026-05-20 14:23:13,432 [INFO] PluginManager:220 - loadIPPluginJar : add gic
2026-05-20 14:23:13,444 [INFO] IPUIPlugin:80 - create IPUIPlugin
2026-05-20 14:23:13,445 [INFO] PluginManager:220 - loadIPPluginJar : add gpio
2026-05-20 14:23:13,546 [INFO] IPUIPlugin:80 - create IPUIPlugin
2026-05-20 14:23:13,546 [INFO] PluginManager:220 - loadIPPluginJar : add gtzc
2026-05-20 14:23:13,590 [INFO] IPUIPlugin:80 - create IPUIPlugin
2026-05-20 14:23:13,591 [INFO] PluginManager:220 - loadIPPluginJar : add hash
2026-05-20 14:23:13,656 [INFO] IPUIPlugin:80 - create IPUIPlugin
2026-05-20 14:23:13,657 [INFO] PluginManager:220 - loadIPPluginJar : add i2c
2026-05-20 14:23:13,706 [INFO] IPUIPlugin:80 - create IPUIPlugin
2026-05-20 14:23:13,707 [INFO] PluginManager:220 - loadIPPluginJar : add i2s
2026-05-20 14:23:13,756 [INFO] IPUIPlugin:80 - create IPUIPlugin
2026-05-20 14:23:13,756 [INFO] PluginManager:220 - loadIPPluginJar : add i3c
2026-05-20 14:23:13,868 [INFO] IPUIPlugin:80 - create IPUIPlugin
2026-05-20 14:23:13,868 [INFO] PluginManager:220 - loadIPPluginJar : add ipddr
2026-05-20 14:23:13,973 [INFO] IPUIPlugin:80 - create IPUIPlugin
2026-05-20 14:23:13,974 [INFO] PluginManager:220 - loadIPPluginJar : add linkedlist
2026-05-20 14:23:14,017 [INFO] IPUIPlugin:80 - create IPUIPlugin
2026-05-20 14:23:14,017 [INFO] PluginManager:220 - loadIPPluginJar : add lorawan
2026-05-20 14:23:14,060 [INFO] IPUIPlugin:80 - create IPUIPlugin
2026-05-20 14:23:14,060 [INFO] PluginManager:220 - loadIPPluginJar : add ltdc
2026-05-20 14:23:14,077 [INFO] IPUIPlugin:80 - create IPUIPlugin
2026-05-20 14:23:14,077 [INFO] PluginManager:220 - loadIPPluginJar : add mdma
2026-05-20 14:23:14,089 [INFO] IPUIPlugin:80 - create IPUIPlugin
2026-05-20 14:23:14,089 [INFO] PluginManager:220 - loadIPPluginJar : add nvic
2026-05-20 14:23:14,130 [INFO] IPUIPlugin:80 - create IPUIPlugin
2026-05-20 14:23:14,131 [INFO] PluginManager:220 - loadIPPluginJar : add opamp
2026-05-20 14:23:14,194 [INFO] IPUIPlugin:80 - create IPUIPlugin
2026-05-20 14:23:14,195 [INFO] PluginManager:220 - loadIPPluginJar : add openamp
2026-05-20 14:23:14,239 [INFO] IPUIPlugin:80 - create IPUIPlugin
2026-05-20 14:23:14,239 [INFO] PluginManager:220 - loadIPPluginJar : add pdm2pcm
2026-05-20 14:23:14,254 [INFO] IPUIPlugin:80 - create IPUIPlugin
2026-05-20 14:23:14,256 [INFO] PluginManager:220 - loadIPPluginJar : add plateformsettings
2026-05-20 14:23:14,279 [INFO] IPUIPlugin:80 - create IPUIPlugin
2026-05-20 14:23:14,279 [INFO] PluginManager:220 - loadIPPluginJar : add quadspi
2026-05-20 14:23:14,321 [INFO] IPUIPlugin:80 - create IPUIPlugin
2026-05-20 14:23:14,323 [INFO] PluginManager:220 - loadIPPluginJar : add radio
2026-05-20 14:23:14,336 [INFO] IPUIPlugin:80 - create IPUIPlugin
2026-05-20 14:23:14,336 [INFO] PluginManager:220 - loadIPPluginJar : add resmgrutility
2026-05-20 14:23:14,387 [INFO] IPUIPlugin:80 - create IPUIPlugin
2026-05-20 14:23:14,387 [INFO] PluginManager:220 - loadIPPluginJar : add sai
2026-05-20 14:23:14,431 [INFO] IPUIPlugin:80 - create IPUIPlugin
2026-05-20 14:23:14,431 [INFO] PluginManager:220 - loadIPPluginJar : add spi
2026-05-20 14:23:14,512 [INFO] IPUIPlugin:80 - create IPUIPlugin
2026-05-20 14:23:14,512 [INFO] PluginManager:220 - loadIPPluginJar : add stm32_wpan
2026-05-20 14:23:14,537 [INFO] IPUIPlugin:80 - create IPUIPlugin
2026-05-20 14:23:14,537 [INFO] PluginManager:220 - loadIPPluginJar : add tim
2026-05-20 14:23:14,597 [INFO] IPUIPlugin:80 - create IPUIPlugin
2026-05-20 14:23:14,597 [INFO] PluginManager:220 - loadIPPluginJar : add touchsensing
2026-05-20 14:23:14,619 [INFO] IPUIPlugin:80 - create IPUIPlugin
2026-05-20 14:23:14,619 [INFO] PluginManager:220 - loadIPPluginJar : add tracer_emb
2026-05-20 14:23:14,646 [INFO] IPUIPlugin:80 - create IPUIPlugin
2026-05-20 14:23:14,646 [INFO] PluginManager:220 - loadIPPluginJar : add ts
2026-05-20 14:23:14,671 [INFO] IPUIPlugin:80 - create IPUIPlugin
2026-05-20 14:23:14,671 [INFO] PluginManager:220 - loadIPPluginJar : add tsc
2026-05-20 14:23:14,695 [INFO] IPUIPlugin:80 - create IPUIPlugin
2026-05-20 14:23:14,695 [INFO] PluginManager:220 - loadIPPluginJar : add ucpd
2026-05-20 14:23:14,743 [INFO] IPUIPlugin:80 - create IPUIPlugin
2026-05-20 14:23:14,743 [INFO] PluginManager:220 - loadIPPluginJar : add usart
2026-05-20 14:23:14,792 [INFO] IPUIPlugin:80 - create IPUIPlugin
2026-05-20 14:23:14,792 [INFO] PluginManager:220 - loadIPPluginJar : add usbx
2026-05-20 14:23:14,927 [FATAL] Updater:351 - Updater called before beeing initialized
2026-05-20 14:23:14,963 [INFO] RulesReader:64 - Compatibility file has been processed (301 Rules)
2026-05-20 14:23:14,972 [INFO] RulesReader:64 - Compatibility file has been processed (301 Rules)
2026-05-20 14:23:14,987 [INFO] CADModel:165 - CPN selected for project level
2026-05-20 14:23:14,987 [INFO] CADModel:114 - Register for checkConnection events
2026-05-20 14:23:14,987 [FATAL] Updater:351 - Updater called before beeing initialized
2026-05-20 14:23:14,987 [ERROR] CADModel:125 - Updater not yet initialized, retry later 
2026-05-20 14:23:15,132 [FATAL] Updater:351 - Updater called before beeing initialized
2026-05-20 14:23:15,134 [INFO] CADModel:165 - CPN selected for project level
2026-05-20 14:23:15,135 [INFO] CADModel:114 - Register for checkConnection events
2026-05-20 14:23:15,135 [FATAL] Updater:351 - Updater called before beeing initialized
2026-05-20 14:23:15,135 [ERROR] CADModel:125 - Updater not yet initialized, retry later 
2026-05-20 14:23:15,137 [FATAL] Updater:351 - Updater called before beeing initialized
2026-05-20 14:23:15,161 [INFO] ThirdPartyUpdaterWithRetryManager:70 - Updater plugin not ready yet. [2/15]
2026-05-20 14:23:15,233 [FATAL] Updater:351 - Updater called before beeing initialized
2026-05-20 14:23:15,245 [INFO] DbMcusAds:53 - JSON generation date=Mon Apr 27 13:44:29 IST 2026 (1777277669577)
2026-05-20 14:23:15,245 [FATAL] Updater:351 - Updater called before beeing initialized
2026-05-20 14:23:15,276 [WARN] DetailPanel:346 - Failed to get advertising image, set to default
2026-05-20 14:23:15,459 [FATAL] Updater:351 - Updater called before beeing initialized
2026-05-20 14:23:15,463 [FATAL] Updater:351 - Updater called before beeing initialized
2026-05-20 14:23:15,463 [FATAL] Updater:351 - Updater called before beeing initialized
2026-05-20 14:23:15,463 [WARN] DetailPanel:346 - Failed to get advertising image, set to default
2026-05-20 14:23:15,464 [FATAL] Updater:351 - Updater called before beeing initialized
2026-05-20 14:23:15,522 [ERROR] Updater:1198 - MainUpdater not yet initialized. External WinMGr cannot be set.
2026-05-20 14:23:15,535 [INFO] Updater:1134 - Updater Version found : 6.14.0
2026-05-20 14:23:15,557 [INFO] ApplicationProperties:184 - Using Application install path: C:\ST\STM32CubeIDE_1.18.0\STM32CubeIDE\plugins\com.st.stm32cube.common.mx_6.14.0.202502271554
2026-05-20 14:23:15,979 [INFO] MainUpdater:2872 - connection check result : 10
2026-05-20 14:23:15,980 [INFO] MainUpdater:289 - Updater Check For Update Now.
2026-05-20 14:23:15,980 [INFO] MicroXplorer:498 - Change Database Version : DB.6.0.140
2026-05-20 14:23:16,001 [INFO] McuFinderGlobals:63 - Set McuFinder mode to 2 (CubeIDE integrated)
2026-05-20 14:23:16,009 [INFO] UserAuth:486 - Internet connection configuration mode: 1
2026-05-20 14:23:16,044 [INFO] JxBrowserEngine:152 - Initiate JxBrowser Engine with user profile folder
2026-05-20 14:23:16,205 [INFO] CheckServerUpdateThread:120 - End of CheckServer Thread
2026-05-20 14:23:18,159 [INFO] WebApp:169 - Instantiating new browser for Auth
2026-05-20 14:23:18,553 [WARN] PackLoader:240 - Cannot read IP mode file for STMicroelectronics.X-CUBE-AZRTOS-H7.3.5.0
2026-05-20 14:23:18,584 [WARN] PackLoader:240 - Cannot read IP mode file for STMicroelectronics.FP-ATR-ASTRA1.2.0.2
2026-05-20 14:23:18,616 [WARN] PackLoader:240 - Cannot read IP mode file for STMicroelectronics.X-CUBE-SMBUS.2.1.0
2026-05-20 14:23:18,652 [WARN] PackLoader:240 - Cannot read IP mode file for STMicroelectronics.X-CUBE-AZRTOS-F7.1.1.0
2026-05-20 14:23:18,674 [ERROR] Engine:466 - C:\Users\91762\.stm32cubemx\thirdparties\pdsc\STMicroelectronics.FP-SNS-MOTENV1.5.1.0.pdsc: PDSC version is not supported
2026-05-20 14:23:18,692 [ERROR] Engine:466 - C:\Users\91762\.stm32cubemx\thirdparties\pdsc\WES.I-CUBE-Cesium.1.4.0.pdsc: PDSC version is not supported
2026-05-20 14:23:18,724 [WARN] PackLoader:240 - Cannot read IP mode file for STMicroelectronics.X-CUBE-DISPLAY.3.0.0
2026-05-20 14:23:18,761 [WARN] PackLoader:240 - Cannot read IP mode file for STMicroelectronics.X-CUBE-GNSS1.7.1.1
2026-05-20 14:23:18,781 [ERROR] Engine:466 - C:\Users\91762\.stm32cubemx\thirdparties\pdsc\STMicroelectronics.FP-SNS-MOTENVWB1.1.5.0.pdsc: PDSC version is not supported
2026-05-20 14:23:18,802 [WARN] PackLoader:240 - Cannot read IP mode file for STMicroelectronics.X-CUBE-NFC10.1.0.0
2026-05-20 14:23:18,826 [WARN] PackLoader:240 - Cannot read IP mode file for STMicroelectronics.X-CUBE-ST60.1.1.0
2026-05-20 14:23:18,860 [WARN] PackLoader:240 - Cannot read IP mode file for emotas.I-CUBE-CANOPEN.1.3.0
2026-05-20 14:23:18,886 [WARN] PackLoader:240 - Cannot read IP mode file for STMicroelectronics.X-CUBE-GNSS1.7.1.0
2026-05-20 14:23:18,917 [ERROR] Engine:466 - C:\Users\91762\.stm32cubemx\thirdparties\pdsc\STMicroelectronics.FP-SNS-STBOX1.2.1.0.pdsc: PDSC version is not supported
2026-05-20 14:23:18,946 [WARN] PackLoader:240 - Cannot read IP mode file for STMicroelectronics.FP-SNS-SMARTAG2.1.2.0
2026-05-20 14:23:18,974 [WARN] PackLoader:240 - Cannot read IP mode file for STMicroelectronics.FP-SNS-FLIGHT1.5.1.0
2026-05-20 14:23:19,013 [INFO] LogOutputStream:77 - [STDOUT_REDIRECT] 1 : Invalid condition id : UX_CORESTACK_Condition cause : null
2026-05-20 14:23:19,015 [INFO] LogOutputStream:77 - [STDOUT_REDIRECT] 1 : Invalid condition id : UX_CORESTACK_Condition cause : null
2026-05-20 14:23:19,016 [INFO] LogOutputStream:77 - [STDOUT_REDIRECT] 1 : Invalid condition id : UX_CORESTACK_Condition cause : null
2026-05-20 14:23:19,018 [INFO] LogOutputStream:77 - [STDOUT_REDIRECT] 1 : Invalid condition id : UX_CORESTACK_Condition cause : null
2026-05-20 14:23:19,021 [INFO] LogOutputStream:77 - [STDOUT_REDIRECT] 1 : Invalid condition id : UX_CORESTACK_Condition cause : null
2026-05-20 14:23:19,027 [WARN] PackLoader:240 - Cannot read IP mode file for STMicroelectronics.X-CUBE-AZRTOS-WL.2.0.0
2026-05-20 14:23:19,101 [WARN] PackLoader:240 - Cannot read IP mode file for STMicroelectronics.X-CUBE-AZRTOS-H7RS.1.2.0
2026-05-20 14:23:19,141 [WARN] PackLoader:240 - Cannot read IP mode file for STMicroelectronics.X-CUBE-BLE2.3.3.0
2026-05-20 14:23:19,258 [WARN] PackLoader:240 - Cannot read IP mode file for Infineon.AIROC-Wi-Fi-Bluetooth-STM32.1.8.0
2026-05-20 14:23:19,294 [WARN] PackLoader:240 - Cannot read IP mode file for STMicroelectronics.X-CUBE-NFC9.1.0.0
2026-05-20 14:23:19,323 [WARN] PackLoader:240 - Cannot read IP mode file for STMicroelectronics.X-CUBE-BLE1.7.1.0
2026-05-20 14:23:19,345 [WARN] PackLoader:240 - Cannot read IP mode file for wolfSSL.I-CUBE-wolfMQTT.1.19.2
2026-05-20 14:23:19,370 [WARN] PackLoader:240 - Cannot read IP mode file for STMicroelectronics.X-CUBE-EEPRMA1.5.2.0
2026-05-20 14:23:19,390 [WARN] PackLoader:240 - Cannot read IP mode file for wolfSSL.I-CUBE-wolfSSL.5.8.4
2026-05-20 14:23:19,413 [WARN] PackLoader:240 - Cannot read IP mode file for Cesanta.I-CUBE-Mongoose.7.20.0
2026-05-20 14:23:19,431 [ERROR] Engine:466 - C:\Users\91762\.stm32cubemx\thirdparties\pdsc\STMicroelectronics.FP-SNS-STAIOTCFT.1.1.0.pdsc: PDSC version is not supported
2026-05-20 14:23:19,514 [WARN] PackLoader:240 - Cannot read IP mode file for STMicroelectronics.X-CUBE-MEMS1.12.0.0
2026-05-20 14:23:19,753 [WARN] PackLoader:240 - Cannot read IP mode file for STMicroelectronics.X-CUBE-AZRTOS-G0.1.1.0
2026-05-20 14:23:19,916 [WARN] PackLoader:240 - Cannot read IP mode file for STMicroelectronics.X-CUBE-NFC4.3.0.0
2026-05-20 14:23:19,951 [WARN] PackLoader:240 - Cannot read IP mode file for EmbeddedOffice.I-CUBE-FS-RTOS.1.0.1
2026-05-20 14:23:19,972 [WARN] PackLoader:240 - Cannot read IP mode file for wolfSSL.I-CUBE-wolfTPM.3.8.0
2026-05-20 14:23:19,994 [WARN] PackLoader:240 - Cannot read IP mode file for STMicroelectronics.X-CUBE-TCPP.4.2.0
2026-05-20 14:23:20,024 [WARN] PackLoader:240 - Cannot read IP mode file for RealThread.X-CUBE-RT-Thread_Nano.4.1.1
2026-05-20 14:23:20,048 [WARN] PackLoader:240 - Cannot read IP mode file for STMicroelectronics.FP-ATR-SIGFOX1.3.2.0
2026-05-20 14:23:20,067 [ERROR] Engine:466 - C:\Users\91762\.stm32cubemx\thirdparties\pdsc\STMicroelectronics.X-CUBE-FREERTOS.1.5.0.pdsc: PDSC version is not supported
2026-05-20 14:23:20,101 [WARN] PackLoader:240 - Cannot read IP mode file for ITTIA_DB.I-CUBE-ITTIADB.8.9.0
2026-05-20 14:23:20,134 [WARN] PackLoader:240 - Cannot read IP mode file for STMicroelectronics.X-CUBE-NFC6.3.2.0
2026-05-20 14:23:20,146 [INFO] WebApp:463 - Apply proxy settings
2026-05-20 14:23:20,164 [INFO] WebApp:508 - Chromium authenticates against Manually configured proxy
2026-05-20 14:23:20,168 [WARN] PackLoader:240 - Cannot read IP mode file for STMicroelectronics.X-CUBE-AI.10.2.0
2026-05-20 14:23:20,182 [INFO] WebApp:516 - Username used for proxy authentication: 
2026-05-20 14:23:20,263 [WARN] PackLoader:240 - Cannot read IP mode file for STMicroelectronics.X-CUBE-MEMS1.12.1.0
2026-05-20 14:23:20,284 [INFO] WebApp:894 - Register for checkConnection events
2026-05-20 14:23:20,285 [INFO] WebApp:463 - Apply proxy settings
2026-05-20 14:23:20,293 [INFO] WebApp:508 - Chromium authenticates against Manually configured proxy
2026-05-20 14:23:20,295 [INFO] WebApp:516 - Username used for proxy authentication: 
2026-05-20 14:23:20,361 [WARN] PackLoader:240 - Cannot read IP mode file for SEGGER.I-CUBE-embOS.1.3.1
2026-05-20 14:23:20,431 [WARN] PackLoader:240 - Cannot read IP mode file for STMicroelectronics.X-CUBE-ALGOBUILD.1.4.0
2026-05-20 14:23:20,452 [WARN] PackLoader:240 - Cannot read IP mode file for STMicroelectronics.X-CUBE-PM33A1.1.0.0
2026-05-20 14:23:20,486 [WARN] PackLoader:240 - Cannot read IP mode file for STMicroelectronics.X-CUBE-AZRTOS-F4.1.1.0
2026-05-20 14:23:20,510 [WARN] PackLoader:240 - Cannot read IP mode file for STMicroelectronics.X-CUBE-ISPU.2.1.0
2026-05-20 14:23:20,538 [ERROR] Engine:466 - C:\Users\91762\.stm32cubemx\thirdparties\pdsc\STMicroelectronics.X-CUBE-IPS.3.2.0.pdsc: PDSC version is not supported
2026-05-20 14:23:20,567 [WARN] PackLoader:240 - Cannot read IP mode file for STMicroelectronics.eDS-WB_DPC_TT-BIDIR.2.1.1
2026-05-20 14:23:20,577 [INFO] WebApp:191 - Connection restablished
2026-05-20 14:23:20,596 [WARN] PackLoader:240 - Cannot read IP mode file for STMicroelectronics.X-CUBE-NFC12.1.0.0
2026-05-20 14:23:20,640 [WARN] PackLoader:240 - Cannot read IP mode file for STMicroelectronics.X-CUBE-AZRTOS-L5.2.0.0
2026-05-20 14:23:20,676 [WARN] PackLoader:240 - Cannot read IP mode file for STMicroelectronics.eDS-WB_DPC_VIENNA.1.2.0
2026-05-20 14:23:20,708 [WARN] PackLoader:240 - Cannot read IP mode file for STMicroelectronics.eDS-WB_DPC_3PH2L-BIDIR.1.1.1
2026-05-20 14:23:20,735 [ERROR] Engine:466 - C:\Users\91762\.stm32cubemx\thirdparties\pdsc\STMicroelectronics.X-CUBE-ST67W61.1.3.0.pdsc: PDSC version is not supported
2026-05-20 14:23:20,770 [WARN] PackLoader:240 - Cannot read IP mode file for STMicroelectronics.X-CUBE-TOUCHGFX.4.26.1
2026-05-20 14:23:20,798 [WARN] PackLoader:240 - Cannot read IP mode file for STMicroelectronics.FP-SNS-STAIOTCFT.1.0.0
2026-05-20 14:23:20,825 [WARN] PackLoader:240 - Cannot read IP mode file for STMicroelectronics.X-CUBE-DPower.1.3.0
2026-05-20 14:23:20,851 [INFO] WebApp:225 - Starting web application
2026-05-20 14:23:20,852 [INFO] WebApp:593 - Web application path used C:\ST\STM32CubeIDE_1.18.0\STM32CubeIDE\plugins\com.st.stm32cube.common.mx_6.14.0.202502271554\db\plugins\mcufinder\reactClient1\index.html
2026-05-20 14:23:20,872 [WARN] ConditionMgr:438 - getConditionDescription Invalid condition id : LAN8742 Phy interface Condition cause : null
2026-05-20 14:23:20,874 [WARN] PackLoader:240 - Cannot read IP mode file for STMicroelectronics.X-CUBE-AZRTOS-L4.2.0.0
2026-05-20 14:23:20,876 [WARN] ConditionMgr:1044 - genDependencies : Invalid condition id : LAN8742 Phy interface Condition cause : null
2026-05-20 14:23:20,877 [WARN] ConditionMgr:1044 - genDependencies : Invalid condition id : LAN8742 Phy interface Condition cause : null
2026-05-20 14:23:20,878 [WARN] ConditionMgr:1044 - genDependencies : Invalid condition id : LAN8742 Phy interface Condition cause : null
2026-05-20 14:23:20,912 [WARN] PackLoader:240 - Cannot read IP mode file for STMicroelectronics.X-CUBE-SFXS2LP1.4.0.0
2026-05-20 14:23:20,937 [WARN] PackLoader:240 - Cannot read IP mode file for STMicroelectronics.X-CUBE-WB05N.2.1.0
2026-05-20 14:23:20,960 [ERROR] Engine:466 - C:\Users\91762\.stm32cubemx\thirdparties\pdsc\STMicroelectronics.X-CUBE-ST67W61.1.2.0.pdsc: PDSC version is not supported
2026-05-20 14:23:21,002 [WARN] PackLoader:240 - Cannot read IP mode file for STMicroelectronics.X-CUBE-BLEMGR.4.1.0
2026-05-20 14:23:21,051 [WARN] ConditionMgr:438 - getConditionDescription Invalid condition id : UX DEVICE CLASS RTOS Condition cause : null
2026-05-20 14:23:21,052 [WARN] ConditionMgr:438 - getConditionDescription Invalid condition id : UX DEVICE CLASS RTOS Condition cause : null
2026-05-20 14:23:21,053 [WARN] PackLoader:240 - Cannot read IP mode file for STMicroelectronics.X-CUBE-AZRTOS-WB.2.0.0
2026-05-20 14:23:21,053 [WARN] ConditionMgr:1044 - genDependencies : Invalid condition id : UX DEVICE CLASS RTOS Condition cause : null
2026-05-20 14:23:21,053 [WARN] ConditionMgr:1044 - genDependencies : Invalid condition id : UX DEVICE CLASS RTOS Condition cause : null
2026-05-20 14:23:21,054 [WARN] ConditionMgr:1044 - genDependencies : Invalid condition id : UX DEVICE CLASS RTOS Condition cause : null
2026-05-20 14:23:21,054 [WARN] ConditionMgr:1044 - genDependencies : Invalid condition id : UX DEVICE CLASS RTOS Condition cause : null
2026-05-20 14:23:21,054 [WARN] ConditionMgr:1044 - genDependencies : Invalid condition id : UX DEVICE CLASS RTOS Condition cause : null
2026-05-20 14:23:21,086 [WARN] ConditionMgr:438 - getConditionDescription Invalid condition id : Cortex-A Device cause : null
2026-05-20 14:23:21,132 [WARN] ConditionMgr:1044 - genDependencies : Invalid condition id : Cortex-A Device cause : null
2026-05-20 14:23:21,132 [WARN] ConditionMgr:1044 - genDependencies : Invalid condition id : Cortex-A Device cause : null
2026-05-20 14:23:21,133 [WARN] ConditionMgr:1044 - genDependencies : Invalid condition id : Cortex-A Device cause : null
2026-05-20 14:23:21,161 [WARN] PackLoader:240 - Cannot read IP mode file for STMicroelectronics.X-CUBE-STSE01.2.0.0
2026-05-20 14:23:21,194 [WARN] PackLoader:240 - Cannot read IP mode file for STMicroelectronics.X-CUBE-SUBG2.5.0.0
2026-05-20 14:23:21,252 [WARN] PackLoader:240 - Cannot read IP mode file for STMicroelectronics.X-CUBE-AZRTOS-G4.2.0.0
2026-05-20 14:23:21,290 [WARN] PackLoader:240 - Cannot read IP mode file for wolfSSL.I-CUBE-wolfSSH.1.4.20
2026-05-20 14:23:21,303 [INFO] UserAuth:486 - Internet connection configuration mode: 1
2026-05-20 14:23:21,329 [WARN] PackLoader:240 - Cannot read IP mode file for STMicroelectronics.X-CUBE-NFC7.2.0.0
2026-05-20 14:23:21,360 [WARN] PackLoader:240 - Cannot read IP mode file for STMicroelectronics.X-CUBE-ALS.1.0.2
2026-05-20 14:23:21,427 [WARN] PackLoader:240 - Cannot read IP mode file for STMicroelectronics.X-CUBE-TOF1.3.4.3
2026-05-20 14:23:21,438 [INFO] ThirdParty:978 - Integrity check success = true
2026-05-20 14:23:21,439 [INFO] IntegrityCheckThread:100 - exiting critical section [integrity check]
2026-05-20 14:23:21,439 [INFO] IntegrityCheckThread:103 - End integrity checks thread
2026-05-20 14:34:31,823 [INFO] WebApp:194 - Connection lost
2026-05-20 14:34:32,549 [INFO] WebApp:191 - Connection restablished
2026-05-20 14:35:25,498 [INFO] WebApp:194 - Connection lost
2026-05-20 14:35:25,679 [INFO] WebApp:191 - Connection restablished
2026-05-20 14:39:12,007 [INFO] WebApp:194 - Connection lost
2026-05-20 14:39:12,210 [INFO] WebApp:191 - Connection restablished
2026-05-20 15:08:20,779 [INFO] WebApp:194 - Connection lost
2026-05-20 15:08:21,297 [INFO] WebApp:191 - Connection restablished
2026-05-20 16:08:25,125 [INFO] WebApp:194 - Connection lost
2026-05-20 16:08:25,933 [INFO] WebApp:191 - Connection restablished
2026-05-20 17:08:29,240 [INFO] WebApp:194 - Connection lost
2026-05-20 17:08:30,727 [INFO] WebApp:191 - Connection restablished
2026-05-20 18:08:32,592 [INFO] WebApp:194 - Connection lost
2026-05-20 18:08:33,319 [INFO] WebApp:191 - Connection restablished
2026-05-20 18:32:59,183 [ERROR] LogOutputStream:75 - [STDERR_REDIRECT] 
