2026-04-15 09:28:13,521 [INFO] Activator:176 - 


2026-04-15 09:28:13,526 [INFO] Activator:177 - !SESSION log4j initialized
2026-04-15 09:28:21,183 [INFO] LogOutputStream:77 - [STDOUT_REDIRECT] 
2026-04-15 09:28:29,720 [INFO] ApplicationProperties:184 - Using Application install path: C:\ST\STM32CubeIDE_1.18.0\STM32CubeIDE\plugins\com.st.stm32cube.common.mx_6.14.0.202502271554
2026-04-15 09:28:29,767 [INFO] DbMcusXml:78 - Set database path to: C:\ST\STM32CubeIDE_1.18.0\STM32CubeIDE\plugins\com.st.stm32cube.common.mx_6.14.0.202502271554\\db\/mcu/
2026-04-15 09:28:29,768 [INFO] ApiDb:274 - Set plugin database path to: C:\ST\STM32CubeIDE_1.18.0\STM32CubeIDE\plugins\com.st.stm32cube.common.mx_6.14.0.202502271554\\db\/plugins/boardmanager/
2026-04-15 09:28:29,771 [WARN] ApiDb:259 - Overriding images path with different value:  => C:\ST\STM32CubeIDE_1.18.0\STM32CubeIDE\plugins\com.st.stm32cube.common.mx_6.14.0.202502271554\\db\/plugins/mcufinder/images/
2026-04-15 09:28:29,796 [INFO] ApiDb:250 - Set database path to: C:\Users\91762\.stmcufinder\plugins\mcufinder//mcu/
2026-04-15 09:28:29,800 [INFO] DbMcusAds:125 - Set database path to: C:\Users\91762\.stmcufinder\plugins\mcufinder//mcu/
2026-04-15 09:28:29,807 [INFO] CrossReferenceDbSqlite:203 - Set database path to: C:\Users\91762\.stmcufinder\plugins\mcufinder//mcu/cs/
2026-04-15 09:28:30,121 [INFO] RulesReader:64 - Compatibility file has been processed (301 Rules)
2026-04-15 09:28:30,376 [INFO] DbMcusXml:78 - Set database path to: C:\ST\STM32CubeIDE_1.18.0\STM32CubeIDE\plugins\com.st.stm32cube.common.mx_6.14.0.202502271554\\db\/mcu/
2026-04-15 09:28:30,377 [INFO] ApiDb:274 - Set plugin database path to: C:\ST\STM32CubeIDE_1.18.0\STM32CubeIDE\plugins\com.st.stm32cube.common.mx_6.14.0.202502271554\\db\/plugins/boardmanager/
2026-04-15 09:28:30,377 [INFO] ApiDb:261 - Set plugin images path to: C:\ST\STM32CubeIDE_1.18.0\STM32CubeIDE\plugins\com.st.stm32cube.common.mx_6.14.0.202502271554\\db\/plugins/mcufinder/images/
2026-04-15 09:28:30,378 [WARN] DbFile:41 - Overriding database path with different value: C:\Users\91762\.stmcufinder\plugins\mcufinder/ => C:\Users\91762\.stmcufinder\plugins\mcufinder
2026-04-15 09:28:30,378 [INFO] ApiDb:250 - Set database path to: C:\Users\91762\.stmcufinder\plugins\mcufinder//mcu/
2026-04-15 09:28:30,378 [WARN] DbFile:41 - Overriding database path with different value: C:\Users\91762\.stmcufinder\plugins\mcufinder/ => C:\Users\91762\.stmcufinder\plugins\mcufinder
2026-04-15 09:28:30,378 [INFO] DbMcusAds:125 - Set database path to: C:\Users\91762\.stmcufinder\plugins\mcufinder//mcu/
2026-04-15 09:28:30,379 [WARN] DbFile:41 - Overriding database path with different value: C:\Users\91762\.stmcufinder\plugins\mcufinder/ => C:\Users\91762\.stmcufinder\plugins\mcufinder
2026-04-15 09:28:30,379 [WARN] DbFile:41 - Overriding database path with different value: C:\Users\91762\.stmcufinder\plugins\mcufinder/ => C:\Users\91762\.stmcufinder\plugins\mcufinder
2026-04-15 09:28:30,379 [INFO] CrossReferenceDbSqlite:203 - Set database path to: C:\Users\91762\.stmcufinder\plugins\mcufinder//mcu/cs/
2026-04-15 09:28:30,594 [INFO] MainPanel:272 - HeapMemory: 268435456
2026-04-15 09:28:30,962 [INFO] DbMcusXml:78 - Set database path to: C:\ST\STM32CubeIDE_1.18.0\STM32CubeIDE\plugins\com.st.stm32cube.common.mx_6.14.0.202502271554\\db\/mcu/
2026-04-15 09:28:30,962 [INFO] ApiDb:274 - Set plugin database path to: C:\ST\STM32CubeIDE_1.18.0\STM32CubeIDE\plugins\com.st.stm32cube.common.mx_6.14.0.202502271554\\db\/plugins/boardmanager/
2026-04-15 09:28:30,962 [INFO] ApiDb:261 - Set plugin images path to: C:\ST\STM32CubeIDE_1.18.0\STM32CubeIDE\plugins\com.st.stm32cube.common.mx_6.14.0.202502271554\\db\/plugins/mcufinder/images/
2026-04-15 09:28:30,965 [WARN] DbFile:41 - Overriding database path with different value: C:\Users\91762\.stmcufinder\plugins\mcufinder/ => C:\Users\91762\.stmcufinder\plugins\mcufinder
2026-04-15 09:28:30,966 [INFO] ApiDb:250 - Set database path to: C:\Users\91762\.stmcufinder\plugins\mcufinder//mcu/
2026-04-15 09:28:30,967 [WARN] DbFile:41 - Overriding database path with different value: C:\Users\91762\.stmcufinder\plugins\mcufinder/ => C:\Users\91762\.stmcufinder\plugins\mcufinder
2026-04-15 09:28:30,967 [INFO] DbMcusAds:125 - Set database path to: C:\Users\91762\.stmcufinder\plugins\mcufinder//mcu/
2026-04-15 09:28:30,967 [WARN] DbFile:41 - Overriding database path with different value: C:\Users\91762\.stmcufinder\plugins\mcufinder/ => C:\Users\91762\.stmcufinder\plugins\mcufinder
2026-04-15 09:28:30,968 [WARN] DbFile:41 - Overriding database path with different value: C:\Users\91762\.stmcufinder\plugins\mcufinder/ => C:\Users\91762\.stmcufinder\plugins\mcufinder
2026-04-15 09:28:30,968 [INFO] CrossReferenceDbSqlite:203 - Set database path to: C:\Users\91762\.stmcufinder\plugins\mcufinder//mcu/cs/
2026-04-15 09:28:31,024 [INFO] ApplicationProperties:184 - Using Application install path: C:\ST\STM32CubeIDE_1.18.0\STM32CubeIDE\plugins\com.st.stm32cube.common.mx_6.14.0.202502271554
2026-04-15 09:28:31,028 [INFO] PluginManage:196 - Search for loadable plugins [exclusion list=, ]
2026-04-15 09:28:31,033 [INFO] PluginManage:310 - Check plugin analytics
2026-04-15 09:28:31,497 [INFO] AnalyticsPlugin:253 - Accepted Software Licenses: 
2026-04-15 09:28:31,498 [INFO] AnalyticsPlugin:255 - Accepted CMSIS Pack Licenses: 
2026-04-15 09:28:31,499 [INFO] AnalyticsPlugin:257 - Accepted Firmware Licenses: FW.F4.1.28.0
2026-04-15 09:28:31,505 [INFO] PluginManage:359 - Loaded plugin analytics (category:tool,tabindex:-1)
2026-04-15 09:28:31,506 [INFO] PluginManage:310 - Check plugin cadmodel
2026-04-15 09:28:31,545 [INFO] CADModel:105 - Init CAD model plugin
2026-04-15 09:28:31,545 [INFO] PluginManage:359 - Loaded plugin cadmodel (category:power,tabindex:5)
2026-04-15 09:28:31,546 [INFO] PluginManage:310 - Check plugin clock
2026-04-15 09:28:31,594 [INFO] PluginManage:359 - Loaded plugin clock (category:base,tabindex:2)
2026-04-15 09:28:31,594 [INFO] PluginManage:310 - Check plugin ddr
2026-04-15 09:28:31,602 [INFO] PluginManage:359 - Loaded plugin ddr (category:tool,tabindex:6)
2026-04-15 09:28:31,603 [INFO] PluginManage:310 - Check plugin filemanager
2026-04-15 09:28:32,025 [INFO] PluginManage:359 - Loaded plugin filemanager (category:base,tabindex:10)
2026-04-15 09:28:32,026 [INFO] PluginManage:310 - Check plugin ipmanager
2026-04-15 09:28:32,049 [INFO] PluginManage:359 - Loaded plugin ipmanager (category:base,tabindex:5)
2026-04-15 09:28:32,050 [INFO] PluginManage:310 - Check plugin lpbam
2026-04-15 09:28:32,111 [INFO] PluginManage:359 - Loaded plugin lpbam (category:base,tabindex:0)
2026-04-15 09:28:32,112 [INFO] PluginManage:310 - Check plugin memorymap
2026-04-15 09:28:32,189 [INFO] PluginManage:359 - Loaded plugin memorymap (category:base,tabindex:4)
2026-04-15 09:28:32,189 [INFO] PluginManage:310 - Check plugin pinoutandconfiguration
2026-04-15 09:28:32,238 [INFO] PluginManage:359 - Loaded plugin pinoutandconfiguration (category:base,tabindex:1)
2026-04-15 09:28:32,238 [INFO] PluginManage:310 - Check plugin pinoutconfig
2026-04-15 09:28:32,593 [WARN] SupportedApi:132 - Cannot load RTOS API schema: s4s-elt-must-match.1: The content of 'definitions' must match (annotation?, (simpleType | complexType)?, (unique | key | keyref)*)). A problem was found starting at: attribute.
2026-04-15 09:28:33,034 [INFO] PluginManage:359 - Loaded plugin pinoutconfig (category:base,tabindex:0)
2026-04-15 09:28:33,035 [INFO] PluginManage:310 - Check plugin power
2026-04-15 09:28:33,115 [INFO] PluginManage:359 - Loaded plugin power (category:power,tabindex:4)
2026-04-15 09:28:33,115 [INFO] PluginManage:310 - Check plugin projectmanager
2026-04-15 09:28:33,152 [INFO] PluginManage:359 - Loaded plugin projectmanager (category:projectmanager,tabindex:4)
2026-04-15 09:28:33,153 [INFO] PluginManage:310 - Check plugin rif
2026-04-15 09:28:33,202 [INFO] PluginManage:359 - Loaded plugin rif (category:base,tabindex:3)
2026-04-15 09:28:33,203 [INFO] PluginManage:310 - Check plugin thirdparty
2026-04-15 09:28:33,981 [WARN] IntegrityCheckThread:84 - waiting for thirdparty lock release [integrity check]
2026-04-15 09:28:33,983 [INFO] IntegrityCheckThread:86 - entering critical section [integrity check]
2026-04-15 09:28:33,983 [INFO] PluginManage:359 - Loaded plugin thirdparty (category:base,tabindex:-1)
2026-04-15 09:28:33,983 [INFO] PluginManage:310 - Check plugin tools
2026-04-15 09:28:33,984 [INFO] ThirdPartyUpdaterWithRetryManager:70 - Updater plugin not ready yet. [1/15]
2026-04-15 09:28:34,114 [INFO] PluginManage:359 - Loaded plugin tools (category:base,tabindex:7)
2026-04-15 09:28:34,116 [INFO] PluginManage:310 - Check plugin tutovideos
2026-04-15 09:28:34,680 [INFO] PluginManage:359 - Loaded plugin tutovideos (category:base,tabindex:-1)
2026-04-15 09:28:34,681 [INFO] PluginManage:310 - Check plugin updater
2026-04-15 09:28:34,746 [INFO] PluginManage:359 - Loaded plugin updater (category:base,tabindex:12)
2026-04-15 09:28:34,746 [INFO] PluginManage:310 - Check plugin userauth
2026-04-15 09:28:34,759 [INFO] UserAuth:118 - Init User Auth plugin
2026-04-15 09:28:34,762 [INFO] PluginManage:359 - Loaded plugin userauth (category:base,tabindex:14)
2026-04-15 09:28:34,764 [INFO] PluginManage:283 - PluginManage : Loaded plugins [18]
2026-04-15 09:28:35,275 [INFO] PinOutPanel:1589 - setPackage(No Configuration,No Configuration)
2026-04-15 09:28:35,515 [INFO] CADModel:165 - CPN selected for project level
2026-04-15 09:28:35,515 [INFO] CADModel:114 - Register for checkConnection events
2026-04-15 09:28:35,573 [INFO] IPUIPlugin:80 - create IPUIPlugin
2026-04-15 09:28:35,573 [INFO] PluginManager:220 - loadIPPluginJar : add adc
2026-04-15 09:28:35,653 [INFO] IPUIPlugin:80 - create IPUIPlugin
2026-04-15 09:28:35,653 [INFO] PluginManager:220 - loadIPPluginJar : add aes
2026-04-15 09:28:35,724 [INFO] IPUIPlugin:80 - create IPUIPlugin
2026-04-15 09:28:35,725 [INFO] PluginManager:220 - loadIPPluginJar : add can
2026-04-15 09:28:35,782 [INFO] IPUIPlugin:80 - create IPUIPlugin
2026-04-15 09:28:35,783 [INFO] PluginManager:220 - loadIPPluginJar : add comp
2026-04-15 09:28:35,861 [INFO] IPUIPlugin:80 - create IPUIPlugin
2026-04-15 09:28:35,862 [INFO] PluginManager:220 - loadIPPluginJar : add cryp
2026-04-15 09:28:35,883 [INFO] IPUIPlugin:80 - create IPUIPlugin
2026-04-15 09:28:35,885 [INFO] PluginManager:220 - loadIPPluginJar : add ddr_ctrl_phy
2026-04-15 09:28:35,941 [INFO] IPUIPlugin:80 - create IPUIPlugin
2026-04-15 09:28:35,941 [INFO] PluginManager:220 - loadIPPluginJar : add dfsdm
2026-04-15 09:28:35,966 [INFO] IPUIPlugin:80 - create IPUIPlugin
2026-04-15 09:28:35,968 [INFO] PluginManager:220 - loadIPPluginJar : add dma
2026-04-15 09:28:36,027 [INFO] IPUIPlugin:80 - create IPUIPlugin
2026-04-15 09:28:36,027 [INFO] PluginManager:220 - loadIPPluginJar : add dma3
2026-04-15 09:28:36,083 [INFO] IPUIPlugin:80 - create IPUIPlugin
2026-04-15 09:28:36,084 [INFO] PluginManager:220 - loadIPPluginJar : add extmemmanager
2026-04-15 09:28:36,117 [INFO] IPUIPlugin:80 - create IPUIPlugin
2026-04-15 09:28:36,117 [INFO] PluginManager:220 - loadIPPluginJar : add fatfs
2026-04-15 09:28:36,195 [INFO] IPUIPlugin:80 - create IPUIPlugin
2026-04-15 09:28:36,195 [INFO] PluginManager:220 - loadIPPluginJar : add fmc
2026-04-15 09:28:36,224 [INFO] IPUIPlugin:80 - create IPUIPlugin
2026-04-15 09:28:36,224 [INFO] PluginManager:220 - loadIPPluginJar : add freertos
2026-04-15 09:28:36,273 [INFO] IPUIPlugin:80 - create IPUIPlugin
2026-04-15 09:28:36,274 [INFO] PluginManager:220 - loadIPPluginJar : add genericplugin
2026-04-15 09:28:36,455 [INFO] IPUIPlugin:80 - create IPUIPlugin
2026-04-15 09:28:36,455 [INFO] PluginManager:220 - loadIPPluginJar : add gfxmmu
2026-04-15 09:28:36,645 [INFO] IPUIPlugin:80 - create IPUIPlugin
2026-04-15 09:28:36,646 [INFO] PluginManager:220 - loadIPPluginJar : add gic
2026-04-15 09:28:36,668 [INFO] IPUIPlugin:80 - create IPUIPlugin
2026-04-15 09:28:36,668 [INFO] PluginManager:220 - loadIPPluginJar : add gpio
2026-04-15 09:28:36,824 [INFO] IPUIPlugin:80 - create IPUIPlugin
2026-04-15 09:28:36,824 [INFO] PluginManager:220 - loadIPPluginJar : add gtzc
2026-04-15 09:28:36,931 [INFO] IPUIPlugin:80 - create IPUIPlugin
2026-04-15 09:28:36,931 [INFO] PluginManager:220 - loadIPPluginJar : add hash
2026-04-15 09:28:36,988 [INFO] ThirdPartyUpdaterWithRetryManager:70 - Updater plugin not ready yet. [2/15]
2026-04-15 09:28:37,103 [INFO] IPUIPlugin:80 - create IPUIPlugin
2026-04-15 09:28:37,103 [INFO] PluginManager:220 - loadIPPluginJar : add i2c
2026-04-15 09:28:37,190 [INFO] IPUIPlugin:80 - create IPUIPlugin
2026-04-15 09:28:37,190 [INFO] PluginManager:220 - loadIPPluginJar : add i2s
2026-04-15 09:28:37,280 [INFO] IPUIPlugin:80 - create IPUIPlugin
2026-04-15 09:28:37,280 [INFO] PluginManager:220 - loadIPPluginJar : add i3c
2026-04-15 09:28:37,492 [INFO] IPUIPlugin:80 - create IPUIPlugin
2026-04-15 09:28:37,493 [INFO] PluginManager:220 - loadIPPluginJar : add ipddr
2026-04-15 09:28:37,633 [INFO] IPUIPlugin:80 - create IPUIPlugin
2026-04-15 09:28:37,634 [INFO] PluginManager:220 - loadIPPluginJar : add linkedlist
2026-04-15 09:28:37,708 [INFO] IPUIPlugin:80 - create IPUIPlugin
2026-04-15 09:28:37,708 [INFO] PluginManager:220 - loadIPPluginJar : add lorawan
2026-04-15 09:28:37,750 [INFO] IPUIPlugin:80 - create IPUIPlugin
2026-04-15 09:28:37,751 [INFO] PluginManager:220 - loadIPPluginJar : add ltdc
2026-04-15 09:28:37,768 [INFO] IPUIPlugin:80 - create IPUIPlugin
2026-04-15 09:28:37,768 [INFO] PluginManager:220 - loadIPPluginJar : add mdma
2026-04-15 09:28:37,792 [INFO] IPUIPlugin:80 - create IPUIPlugin
2026-04-15 09:28:37,793 [INFO] PluginManager:220 - loadIPPluginJar : add nvic
2026-04-15 09:28:37,846 [INFO] IPUIPlugin:80 - create IPUIPlugin
2026-04-15 09:28:37,846 [INFO] PluginManager:220 - loadIPPluginJar : add opamp
2026-04-15 09:28:37,946 [INFO] IPUIPlugin:80 - create IPUIPlugin
2026-04-15 09:28:37,946 [INFO] PluginManager:220 - loadIPPluginJar : add openamp
2026-04-15 09:28:38,020 [INFO] IPUIPlugin:80 - create IPUIPlugin
2026-04-15 09:28:38,020 [INFO] PluginManager:220 - loadIPPluginJar : add pdm2pcm
2026-04-15 09:28:38,048 [INFO] IPUIPlugin:80 - create IPUIPlugin
2026-04-15 09:28:38,054 [INFO] PluginManager:220 - loadIPPluginJar : add plateformsettings
2026-04-15 09:28:38,089 [INFO] IPUIPlugin:80 - create IPUIPlugin
2026-04-15 09:28:38,089 [INFO] PluginManager:220 - loadIPPluginJar : add quadspi
2026-04-15 09:28:38,139 [INFO] IPUIPlugin:80 - create IPUIPlugin
2026-04-15 09:28:38,140 [INFO] PluginManager:220 - loadIPPluginJar : add radio
2026-04-15 09:28:38,162 [INFO] IPUIPlugin:80 - create IPUIPlugin
2026-04-15 09:28:38,162 [INFO] PluginManager:220 - loadIPPluginJar : add resmgrutility
2026-04-15 09:28:38,248 [INFO] IPUIPlugin:80 - create IPUIPlugin
2026-04-15 09:28:38,248 [INFO] PluginManager:220 - loadIPPluginJar : add sai
2026-04-15 09:28:38,322 [INFO] IPUIPlugin:80 - create IPUIPlugin
2026-04-15 09:28:38,322 [INFO] PluginManager:220 - loadIPPluginJar : add spi
2026-04-15 09:28:38,448 [INFO] IPUIPlugin:80 - create IPUIPlugin
2026-04-15 09:28:38,448 [INFO] PluginManager:220 - loadIPPluginJar : add stm32_wpan
2026-04-15 09:28:38,500 [INFO] IPUIPlugin:80 - create IPUIPlugin
2026-04-15 09:28:38,500 [INFO] PluginManager:220 - loadIPPluginJar : add tim
2026-04-15 09:28:38,608 [INFO] IPUIPlugin:80 - create IPUIPlugin
2026-04-15 09:28:38,608 [INFO] PluginManager:220 - loadIPPluginJar : add touchsensing
2026-04-15 09:28:38,660 [INFO] IPUIPlugin:80 - create IPUIPlugin
2026-04-15 09:28:38,661 [INFO] PluginManager:220 - loadIPPluginJar : add tracer_emb
2026-04-15 09:28:38,718 [INFO] IPUIPlugin:80 - create IPUIPlugin
2026-04-15 09:28:38,718 [INFO] PluginManager:220 - loadIPPluginJar : add ts
2026-04-15 09:28:38,770 [INFO] IPUIPlugin:80 - create IPUIPlugin
2026-04-15 09:28:38,771 [INFO] PluginManager:220 - loadIPPluginJar : add tsc
2026-04-15 09:28:38,820 [INFO] IPUIPlugin:80 - create IPUIPlugin
2026-04-15 09:28:38,821 [INFO] PluginManager:220 - loadIPPluginJar : add ucpd
2026-04-15 09:28:38,917 [INFO] IPUIPlugin:80 - create IPUIPlugin
2026-04-15 09:28:38,918 [INFO] PluginManager:220 - loadIPPluginJar : add usart
2026-04-15 09:28:39,024 [INFO] IPUIPlugin:80 - create IPUIPlugin
2026-04-15 09:28:39,024 [INFO] PluginManager:220 - loadIPPluginJar : add usbx
2026-04-15 09:28:39,216 [FATAL] Updater:351 - Updater called before beeing initialized
2026-04-15 09:28:39,244 [INFO] RulesReader:64 - Compatibility file has been processed (301 Rules)
2026-04-15 09:28:39,258 [INFO] RulesReader:64 - Compatibility file has been processed (301 Rules)
2026-04-15 09:28:39,275 [INFO] CADModel:165 - CPN selected for project level
2026-04-15 09:28:39,276 [INFO] CADModel:114 - Register for checkConnection events
2026-04-15 09:28:39,276 [FATAL] Updater:351 - Updater called before beeing initialized
2026-04-15 09:28:39,276 [ERROR] CADModel:125 - Updater not yet initialized, retry later 
2026-04-15 09:28:39,501 [FATAL] Updater:351 - Updater called before beeing initialized
2026-04-15 09:28:39,505 [INFO] CADModel:165 - CPN selected for project level
2026-04-15 09:28:39,505 [INFO] CADModel:114 - Register for checkConnection events
2026-04-15 09:28:39,505 [FATAL] Updater:351 - Updater called before beeing initialized
2026-04-15 09:28:39,505 [ERROR] CADModel:125 - Updater not yet initialized, retry later 
2026-04-15 09:28:39,508 [FATAL] Updater:351 - Updater called before beeing initialized
2026-04-15 09:28:39,666 [FATAL] Updater:351 - Updater called before beeing initialized
2026-04-15 09:28:39,690 [INFO] DbMcusAds:53 - JSON generation date=Fri Apr 10 14:49:02 IST 2026 (1775812742310)
2026-04-15 09:28:39,690 [FATAL] Updater:351 - Updater called before beeing initialized
2026-04-15 09:28:39,744 [WARN] DetailPanel:346 - Failed to get advertising image, set to default
2026-04-15 09:28:39,990 [INFO] ThirdPartyUpdaterWithRetryManager:70 - Updater plugin not ready yet. [3/15]
2026-04-15 09:28:40,054 [FATAL] Updater:351 - Updater called before beeing initialized
2026-04-15 09:28:40,056 [FATAL] Updater:351 - Updater called before beeing initialized
2026-04-15 09:28:40,056 [FATAL] Updater:351 - Updater called before beeing initialized
2026-04-15 09:28:40,056 [WARN] DetailPanel:346 - Failed to get advertising image, set to default
2026-04-15 09:28:40,057 [FATAL] Updater:351 - Updater called before beeing initialized
2026-04-15 09:28:40,144 [ERROR] Updater:1198 - MainUpdater not yet initialized. External WinMGr cannot be set.
2026-04-15 09:28:40,165 [INFO] Updater:1134 - Updater Version found : 6.14.0
2026-04-15 09:28:40,189 [INFO] ApplicationProperties:184 - Using Application install path: C:\ST\STM32CubeIDE_1.18.0\STM32CubeIDE\plugins\com.st.stm32cube.common.mx_6.14.0.202502271554
2026-04-15 09:28:41,787 [ERROR] LogOutputStream:75 - [STDERR_REDIRECT] Apr 15, 2026 9:28:41 AM java.util.prefs.WindowsPreferences <init>
2026-04-15 09:28:41,788 [ERROR] LogOutputStream:75 - [STDERR_REDIRECT] WARNING: Could not open/create prefs root node Software\JavaSoft\Prefs at root 0xffffffff80000002. Windows RegCreateKeyEx(...) returned error code 5.
2026-04-15 09:28:41,789 [ERROR] LogOutputStream:75 - [STDERR_REDIRECT] 
2026-04-15 09:28:42,147 [INFO] MainUpdater:2872 - connection check result : 10
2026-04-15 09:28:42,149 [INFO] MainUpdater:289 - Updater Check For Update Now.
2026-04-15 09:28:42,149 [INFO] MicroXplorer:498 - Change Database Version : DB.6.0.140
2026-04-15 09:28:42,180 [INFO] McuFinderGlobals:63 - Set McuFinder mode to 2 (CubeIDE integrated)
2026-04-15 09:28:42,191 [INFO] UserAuth:486 - Internet connection configuration mode: 1
2026-04-15 09:28:42,246 [INFO] JxBrowserEngine:152 - Initiate JxBrowser Engine with user profile folder
2026-04-15 09:28:42,385 [INFO] CheckServerUpdateThread:120 - End of CheckServer Thread
2026-04-15 09:28:43,892 [WARN] PackLoader:240 - Cannot read IP mode file for STMicroelectronics.X-CUBE-AZRTOS-H7.3.5.0
2026-04-15 09:28:43,938 [WARN] PackLoader:240 - Cannot read IP mode file for STMicroelectronics.FP-ATR-ASTRA1.2.0.2
2026-04-15 09:28:43,970 [WARN] PackLoader:240 - Cannot read IP mode file for STMicroelectronics.X-CUBE-SMBUS.2.1.0
2026-04-15 09:28:44,013 [WARN] PackLoader:240 - Cannot read IP mode file for STMicroelectronics.X-CUBE-AZRTOS-F7.1.1.0
2026-04-15 09:28:44,042 [ERROR] Engine:466 - C:\Users\91762\.stm32cubemx\thirdparties\pdsc\STMicroelectronics.FP-SNS-MOTENV1.5.1.0.pdsc: PDSC version is not supported
2026-04-15 09:28:44,059 [ERROR] Engine:466 - C:\Users\91762\.stm32cubemx\thirdparties\pdsc\WES.I-CUBE-Cesium.1.4.0.pdsc: PDSC version is not supported
2026-04-15 09:28:44,085 [WARN] PackLoader:240 - Cannot read IP mode file for STMicroelectronics.X-CUBE-DISPLAY.3.0.0
2026-04-15 09:28:44,109 [ERROR] Engine:466 - C:\Users\91762\.stm32cubemx\thirdparties\pdsc\STMicroelectronics.FP-SNS-MOTENVWB1.1.5.0.pdsc: PDSC version is not supported
2026-04-15 09:28:44,127 [WARN] PackLoader:240 - Cannot read IP mode file for STMicroelectronics.X-CUBE-NFC10.1.0.0
2026-04-15 09:28:44,146 [WARN] PackLoader:240 - Cannot read IP mode file for STMicroelectronics.X-CUBE-ST60.1.1.0
2026-04-15 09:28:44,163 [WARN] PackLoader:240 - Cannot read IP mode file for emotas.I-CUBE-CANOPEN.1.3.0
2026-04-15 09:28:44,177 [WARN] PackLoader:240 - Cannot read IP mode file for STMicroelectronics.X-CUBE-GNSS1.7.1.0
2026-04-15 09:28:44,194 [ERROR] Engine:466 - C:\Users\91762\.stm32cubemx\thirdparties\pdsc\STMicroelectronics.FP-SNS-STBOX1.2.1.0.pdsc: PDSC version is not supported
2026-04-15 09:28:44,210 [WARN] PackLoader:240 - Cannot read IP mode file for STMicroelectronics.FP-SNS-SMARTAG2.1.2.0
2026-04-15 09:28:44,236 [WARN] PackLoader:240 - Cannot read IP mode file for STMicroelectronics.FP-SNS-FLIGHT1.5.1.0
2026-04-15 09:28:44,278 [INFO] LogOutputStream:77 - [STDOUT_REDIRECT] 1 : Invalid condition id : UX_CORESTACK_Condition cause : null
2026-04-15 09:28:44,280 [INFO] LogOutputStream:77 - [STDOUT_REDIRECT] 1 : Invalid condition id : UX_CORESTACK_Condition cause : null
2026-04-15 09:28:44,282 [INFO] LogOutputStream:77 - [STDOUT_REDIRECT] 1 : Invalid condition id : UX_CORESTACK_Condition cause : null
2026-04-15 09:28:44,284 [INFO] LogOutputStream:77 - [STDOUT_REDIRECT] 1 : Invalid condition id : UX_CORESTACK_Condition cause : null
2026-04-15 09:28:44,286 [INFO] LogOutputStream:77 - [STDOUT_REDIRECT] 1 : Invalid condition id : UX_CORESTACK_Condition cause : null
2026-04-15 09:28:44,290 [WARN] PackLoader:240 - Cannot read IP mode file for STMicroelectronics.X-CUBE-AZRTOS-WL.2.0.0
2026-04-15 09:28:44,354 [WARN] PackLoader:240 - Cannot read IP mode file for STMicroelectronics.X-CUBE-AZRTOS-H7RS.1.2.0
2026-04-15 09:28:44,403 [WARN] PackLoader:240 - Cannot read IP mode file for STMicroelectronics.X-CUBE-BLE2.3.3.0
2026-04-15 09:28:44,570 [WARN] PackLoader:240 - Cannot read IP mode file for Infineon.AIROC-Wi-Fi-Bluetooth-STM32.1.8.0
2026-04-15 09:28:44,610 [WARN] PackLoader:240 - Cannot read IP mode file for STMicroelectronics.X-CUBE-NFC9.1.0.0
2026-04-15 09:28:44,648 [WARN] PackLoader:240 - Cannot read IP mode file for STMicroelectronics.X-CUBE-BLE1.7.1.0
2026-04-15 09:28:44,681 [WARN] PackLoader:240 - Cannot read IP mode file for wolfSSL.I-CUBE-wolfMQTT.1.19.2
2026-04-15 09:28:44,713 [WARN] PackLoader:240 - Cannot read IP mode file for STMicroelectronics.X-CUBE-EEPRMA1.5.2.0
2026-04-15 09:28:44,747 [WARN] PackLoader:240 - Cannot read IP mode file for wolfSSL.I-CUBE-wolfSSL.5.8.4
2026-04-15 09:28:44,784 [WARN] PackLoader:240 - Cannot read IP mode file for Cesanta.I-CUBE-Mongoose.7.20.0
2026-04-15 09:28:44,860 [WARN] PackLoader:240 - Cannot read IP mode file for STMicroelectronics.X-CUBE-MEMS1.12.0.0
2026-04-15 09:28:44,930 [INFO] WebApp:169 - Instantiating new browser for Auth
2026-04-15 09:28:44,974 [WARN] PackLoader:240 - Cannot read IP mode file for STMicroelectronics.X-CUBE-AZRTOS-G0.1.1.0
2026-04-15 09:28:45,031 [WARN] PackLoader:240 - Cannot read IP mode file for STMicroelectronics.X-CUBE-NFC4.3.0.0
2026-04-15 09:28:45,078 [WARN] PackLoader:240 - Cannot read IP mode file for EmbeddedOffice.I-CUBE-FS-RTOS.1.0.1
2026-04-15 09:28:45,109 [WARN] PackLoader:240 - Cannot read IP mode file for wolfSSL.I-CUBE-wolfTPM.3.8.0
2026-04-15 09:28:45,142 [WARN] PackLoader:240 - Cannot read IP mode file for STMicroelectronics.X-CUBE-TCPP.4.2.0
2026-04-15 09:28:45,174 [WARN] PackLoader:240 - Cannot read IP mode file for RealThread.X-CUBE-RT-Thread_Nano.4.1.1
2026-04-15 09:28:45,207 [WARN] PackLoader:240 - Cannot read IP mode file for STMicroelectronics.FP-ATR-SIGFOX1.3.2.0
2026-04-15 09:28:45,232 [ERROR] Engine:466 - C:\Users\91762\.stm32cubemx\thirdparties\pdsc\STMicroelectronics.X-CUBE-FREERTOS.1.5.0.pdsc: PDSC version is not supported
2026-04-15 09:28:45,261 [WARN] PackLoader:240 - Cannot read IP mode file for ITTIA_DB.I-CUBE-ITTIADB.8.9.0
2026-04-15 09:28:45,287 [WARN] PackLoader:240 - Cannot read IP mode file for STMicroelectronics.X-CUBE-NFC6.3.2.0
2026-04-15 09:28:45,317 [WARN] PackLoader:240 - Cannot read IP mode file for STMicroelectronics.X-CUBE-AI.10.2.0
2026-04-15 09:28:45,379 [WARN] PackLoader:240 - Cannot read IP mode file for SEGGER.I-CUBE-embOS.1.3.1
2026-04-15 09:28:45,471 [WARN] PackLoader:240 - Cannot read IP mode file for STMicroelectronics.X-CUBE-ALGOBUILD.1.4.0
2026-04-15 09:28:45,510 [WARN] PackLoader:240 - Cannot read IP mode file for STMicroelectronics.X-CUBE-PM33A1.1.0.0
2026-04-15 09:28:45,542 [WARN] PackLoader:240 - Cannot read IP mode file for STMicroelectronics.X-CUBE-AZRTOS-F4.1.1.0
2026-04-15 09:28:45,561 [WARN] PackLoader:240 - Cannot read IP mode file for STMicroelectronics.X-CUBE-ISPU.2.1.0
2026-04-15 09:28:45,590 [ERROR] Engine:466 - C:\Users\91762\.stm32cubemx\thirdparties\pdsc\STMicroelectronics.X-CUBE-IPS.3.2.0.pdsc: PDSC version is not supported
2026-04-15 09:28:45,620 [WARN] PackLoader:240 - Cannot read IP mode file for STMicroelectronics.eDS-WB_DPC_TT-BIDIR.2.1.1
2026-04-15 09:28:45,652 [WARN] PackLoader:240 - Cannot read IP mode file for STMicroelectronics.X-CUBE-NFC12.1.0.0
2026-04-15 09:28:45,703 [WARN] PackLoader:240 - Cannot read IP mode file for STMicroelectronics.X-CUBE-AZRTOS-L5.2.0.0
2026-04-15 09:28:45,738 [WARN] PackLoader:240 - Cannot read IP mode file for STMicroelectronics.eDS-WB_DPC_VIENNA.1.2.0
2026-04-15 09:28:45,786 [WARN] PackLoader:240 - Cannot read IP mode file for STMicroelectronics.eDS-WB_DPC_3PH2L-BIDIR.1.1.1
2026-04-15 09:28:45,823 [WARN] PackLoader:240 - Cannot read IP mode file for STMicroelectronics.X-CUBE-TOUCHGFX.4.26.1
2026-04-15 09:28:45,852 [WARN] PackLoader:240 - Cannot read IP mode file for STMicroelectronics.FP-SNS-STAIOTCFT.1.0.0
2026-04-15 09:28:45,880 [WARN] PackLoader:240 - Cannot read IP mode file for STMicroelectronics.X-CUBE-DPower.1.3.0
2026-04-15 09:28:45,949 [WARN] ConditionMgr:438 - getConditionDescription Invalid condition id : LAN8742 Phy interface Condition cause : null
2026-04-15 09:28:45,952 [WARN] PackLoader:240 - Cannot read IP mode file for STMicroelectronics.X-CUBE-AZRTOS-L4.2.0.0
2026-04-15 09:28:45,956 [WARN] ConditionMgr:1044 - genDependencies : Invalid condition id : LAN8742 Phy interface Condition cause : null
2026-04-15 09:28:45,957 [WARN] ConditionMgr:1044 - genDependencies : Invalid condition id : LAN8742 Phy interface Condition cause : null
2026-04-15 09:28:45,958 [WARN] ConditionMgr:1044 - genDependencies : Invalid condition id : LAN8742 Phy interface Condition cause : null
2026-04-15 09:28:45,996 [WARN] PackLoader:240 - Cannot read IP mode file for STMicroelectronics.X-CUBE-SFXS2LP1.4.0.0
2026-04-15 09:28:46,036 [WARN] PackLoader:240 - Cannot read IP mode file for STMicroelectronics.X-CUBE-WB05N.2.1.0
2026-04-15 09:28:46,058 [ERROR] Engine:466 - C:\Users\91762\.stm32cubemx\thirdparties\pdsc\STMicroelectronics.X-CUBE-ST67W61.1.2.0.pdsc: PDSC version is not supported
2026-04-15 09:28:46,097 [WARN] PackLoader:240 - Cannot read IP mode file for STMicroelectronics.X-CUBE-BLEMGR.4.1.0
2026-04-15 09:28:46,144 [WARN] ConditionMgr:438 - getConditionDescription Invalid condition id : UX DEVICE CLASS RTOS Condition cause : null
2026-04-15 09:28:46,144 [WARN] ConditionMgr:438 - getConditionDescription Invalid condition id : UX DEVICE CLASS RTOS Condition cause : null
2026-04-15 09:28:46,147 [WARN] PackLoader:240 - Cannot read IP mode file for STMicroelectronics.X-CUBE-AZRTOS-WB.2.0.0
2026-04-15 09:28:46,148 [WARN] ConditionMgr:1044 - genDependencies : Invalid condition id : UX DEVICE CLASS RTOS Condition cause : null
2026-04-15 09:28:46,149 [WARN] ConditionMgr:1044 - genDependencies : Invalid condition id : UX DEVICE CLASS RTOS Condition cause : null
2026-04-15 09:28:46,150 [WARN] ConditionMgr:1044 - genDependencies : Invalid condition id : UX DEVICE CLASS RTOS Condition cause : null
2026-04-15 09:28:46,151 [WARN] ConditionMgr:1044 - genDependencies : Invalid condition id : UX DEVICE CLASS RTOS Condition cause : null
2026-04-15 09:28:46,151 [WARN] ConditionMgr:1044 - genDependencies : Invalid condition id : UX DEVICE CLASS RTOS Condition cause : null
2026-04-15 09:28:46,182 [WARN] ConditionMgr:438 - getConditionDescription Invalid condition id : Cortex-A Device cause : null
2026-04-15 09:28:46,219 [WARN] ConditionMgr:1044 - genDependencies : Invalid condition id : Cortex-A Device cause : null
2026-04-15 09:28:46,220 [WARN] ConditionMgr:1044 - genDependencies : Invalid condition id : Cortex-A Device cause : null
2026-04-15 09:28:46,220 [WARN] ConditionMgr:1044 - genDependencies : Invalid condition id : Cortex-A Device cause : null
2026-04-15 09:28:46,245 [WARN] PackLoader:240 - Cannot read IP mode file for STMicroelectronics.X-CUBE-STSE01.2.0.0
2026-04-15 09:28:46,289 [WARN] PackLoader:240 - Cannot read IP mode file for STMicroelectronics.X-CUBE-SUBG2.5.0.0
2026-04-15 09:28:46,338 [WARN] PackLoader:240 - Cannot read IP mode file for STMicroelectronics.X-CUBE-AZRTOS-G4.2.0.0
2026-04-15 09:28:46,367 [WARN] PackLoader:240 - Cannot read IP mode file for wolfSSL.I-CUBE-wolfSSH.1.4.20
2026-04-15 09:28:46,392 [WARN] PackLoader:240 - Cannot read IP mode file for STMicroelectronics.X-CUBE-NFC7.2.0.0
2026-04-15 09:28:46,415 [WARN] PackLoader:240 - Cannot read IP mode file for STMicroelectronics.X-CUBE-ALS.1.0.2
2026-04-15 09:28:46,450 [WARN] PackLoader:240 - Cannot read IP mode file for STMicroelectronics.X-CUBE-TOF1.3.4.3
2026-04-15 09:28:46,470 [INFO] ThirdParty:978 - Integrity check success = true
2026-04-15 09:28:46,471 [INFO] IntegrityCheckThread:100 - exiting critical section [integrity check]
2026-04-15 09:28:46,471 [INFO] IntegrityCheckThread:103 - End integrity checks thread
2026-04-15 09:28:46,917 [INFO] WebApp:463 - Apply proxy settings
2026-04-15 09:28:46,918 [INFO] WebApp:548 - Chromium requires no authentication
2026-04-15 09:28:46,936 [INFO] WebApp:491 - Direct internet connection detected
2026-04-15 09:28:46,987 [INFO] WebApp:894 - Register for checkConnection events
2026-04-15 09:28:46,987 [INFO] WebApp:463 - Apply proxy settings
2026-04-15 09:28:46,987 [INFO] WebApp:548 - Chromium requires no authentication
2026-04-15 09:28:46,987 [INFO] WebApp:491 - Direct internet connection detected
2026-04-15 09:28:47,195 [INFO] WebApp:191 - Connection restablished
2026-04-15 09:28:47,224 [INFO] WebApp:225 - Starting web application
2026-04-15 09:28:47,224 [INFO] WebApp:593 - Web application path used C:\ST\STM32CubeIDE_1.18.0\STM32CubeIDE\plugins\com.st.stm32cube.common.mx_6.14.0.202502271554\db\plugins\mcufinder\reactClient1\index.html
2026-04-15 09:28:47,680 [INFO] UserAuth:486 - Internet connection configuration mode: 1
2026-04-15 10:03:15,162 [INFO] WebApp:194 - Connection lost
2026-04-15 10:03:15,468 [INFO] WebApp:191 - Connection restablished
2026-04-15 11:03:17,831 [INFO] WebApp:194 - Connection lost
2026-04-15 11:03:18,341 [INFO] WebApp:191 - Connection restablished
2026-04-15 13:33:04,289 [INFO] WebApp:194 - Connection lost
2026-04-15 13:33:05,018 [INFO] WebApp:191 - Connection restablished
2026-04-15 14:06:13,171 [INFO] WebApp:194 - Connection lost
2026-04-15 14:06:13,683 [INFO] WebApp:191 - Connection restablished
2026-04-15 15:32:17,455 [INFO] WebApp:194 - Connection lost
2026-04-15 15:32:17,719 [INFO] WebApp:191 - Connection restablished
2026-04-15 15:32:57,085 [INFO] WebApp:194 - Connection lost
2026-04-15 15:32:57,448 [INFO] WebApp:191 - Connection restablished
2026-04-15 15:33:04,451 [INFO] WebApp:194 - Connection lost
2026-04-15 15:33:04,693 [INFO] WebApp:191 - Connection restablished
2026-04-15 16:32:20,263 [INFO] WebApp:194 - Connection lost
2026-04-15 16:32:20,842 [INFO] WebApp:191 - Connection restablished
2026-04-15 17:32:24,163 [INFO] WebApp:194 - Connection lost
2026-04-15 17:32:24,805 [INFO] WebApp:191 - Connection restablished
2026-04-15 18:04:35,356 [INFO] WebApp:194 - Connection lost
2026-04-15 18:06:13,310 [ERROR] ConfigurationRetriever:142 - IOException on connection: sw-center.st.com
2026-04-15 18:06:13,323 [ERROR] ConfigurationRetriever:142 - IOException on connection: sw-center.st.com
2026-04-15 18:06:13,327 [ERROR] ConfigurationRetriever:142 - IOException on connection: sw-center.st.com
2026-04-15 18:06:18,011 [ERROR] LogOutputStream:75 - [STDERR_REDIRECT] 
2026-04-15 18:06:18,018 [ERROR] LogOutputStream:75 - [STDERR_REDIRECT] 
2026-04-15 21:17:01,502 [INFO] Activator:176 - 


2026-04-15 21:17:01,504 [INFO] Activator:177 - !SESSION log4j initialized
2026-04-15 21:17:08,775 [INFO] LogOutputStream:77 - [STDOUT_REDIRECT] 
2026-04-15 21:17:10,765 [INFO] ApplicationProperties:184 - Using Application install path: C:\ST\STM32CubeIDE_1.18.0\STM32CubeIDE\plugins\com.st.stm32cube.common.mx_6.14.0.202502271554
2026-04-15 21:17:10,792 [INFO] DbMcusXml:78 - Set database path to: C:\ST\STM32CubeIDE_1.18.0\STM32CubeIDE\plugins\com.st.stm32cube.common.mx_6.14.0.202502271554\\db\/mcu/
2026-04-15 21:17:10,792 [INFO] ApiDb:274 - Set plugin database path to: C:\ST\STM32CubeIDE_1.18.0\STM32CubeIDE\plugins\com.st.stm32cube.common.mx_6.14.0.202502271554\\db\/plugins/boardmanager/
2026-04-15 21:17:10,793 [WARN] ApiDb:259 - Overriding images path with different value:  => C:\ST\STM32CubeIDE_1.18.0\STM32CubeIDE\plugins\com.st.stm32cube.common.mx_6.14.0.202502271554\\db\/plugins/mcufinder/images/
2026-04-15 21:17:10,811 [INFO] ApiDb:250 - Set database path to: C:\Users\91762\.stmcufinder\plugins\mcufinder//mcu/
2026-04-15 21:17:10,814 [INFO] DbMcusAds:125 - Set database path to: C:\Users\91762\.stmcufinder\plugins\mcufinder//mcu/
2026-04-15 21:17:10,818 [INFO] CrossReferenceDbSqlite:203 - Set database path to: C:\Users\91762\.stmcufinder\plugins\mcufinder//mcu/cs/
2026-04-15 21:17:11,028 [INFO] RulesReader:64 - Compatibility file has been processed (301 Rules)
2026-04-15 21:17:11,211 [INFO] DbMcusXml:78 - Set database path to: C:\ST\STM32CubeIDE_1.18.0\STM32CubeIDE\plugins\com.st.stm32cube.common.mx_6.14.0.202502271554\\db\/mcu/
2026-04-15 21:17:11,211 [INFO] ApiDb:274 - Set plugin database path to: C:\ST\STM32CubeIDE_1.18.0\STM32CubeIDE\plugins\com.st.stm32cube.common.mx_6.14.0.202502271554\\db\/plugins/boardmanager/
2026-04-15 21:17:11,211 [INFO] ApiDb:261 - Set plugin images path to: C:\ST\STM32CubeIDE_1.18.0\STM32CubeIDE\plugins\com.st.stm32cube.common.mx_6.14.0.202502271554\\db\/plugins/mcufinder/images/
2026-04-15 21:17:11,213 [WARN] DbFile:41 - Overriding database path with different value: C:\Users\91762\.stmcufinder\plugins\mcufinder/ => C:\Users\91762\.stmcufinder\plugins\mcufinder
2026-04-15 21:17:11,213 [INFO] ApiDb:250 - Set database path to: C:\Users\91762\.stmcufinder\plugins\mcufinder//mcu/
2026-04-15 21:17:11,213 [WARN] DbFile:41 - Overriding database path with different value: C:\Users\91762\.stmcufinder\plugins\mcufinder/ => C:\Users\91762\.stmcufinder\plugins\mcufinder
2026-04-15 21:17:11,213 [INFO] DbMcusAds:125 - Set database path to: C:\Users\91762\.stmcufinder\plugins\mcufinder//mcu/
2026-04-15 21:17:11,213 [WARN] DbFile:41 - Overriding database path with different value: C:\Users\91762\.stmcufinder\plugins\mcufinder/ => C:\Users\91762\.stmcufinder\plugins\mcufinder
2026-04-15 21:17:11,213 [WARN] DbFile:41 - Overriding database path with different value: C:\Users\91762\.stmcufinder\plugins\mcufinder/ => C:\Users\91762\.stmcufinder\plugins\mcufinder
2026-04-15 21:17:11,213 [INFO] CrossReferenceDbSqlite:203 - Set database path to: C:\Users\91762\.stmcufinder\plugins\mcufinder//mcu/cs/
2026-04-15 21:17:11,342 [INFO] MainPanel:272 - HeapMemory: 268435456
2026-04-15 21:17:11,568 [INFO] DbMcusXml:78 - Set database path to: C:\ST\STM32CubeIDE_1.18.0\STM32CubeIDE\plugins\com.st.stm32cube.common.mx_6.14.0.202502271554\\db\/mcu/
2026-04-15 21:17:11,569 [INFO] ApiDb:274 - Set plugin database path to: C:\ST\STM32CubeIDE_1.18.0\STM32CubeIDE\plugins\com.st.stm32cube.common.mx_6.14.0.202502271554\\db\/plugins/boardmanager/
2026-04-15 21:17:11,569 [INFO] ApiDb:261 - Set plugin images path to: C:\ST\STM32CubeIDE_1.18.0\STM32CubeIDE\plugins\com.st.stm32cube.common.mx_6.14.0.202502271554\\db\/plugins/mcufinder/images/
2026-04-15 21:17:11,570 [WARN] DbFile:41 - Overriding database path with different value: C:\Users\91762\.stmcufinder\plugins\mcufinder/ => C:\Users\91762\.stmcufinder\plugins\mcufinder
2026-04-15 21:17:11,571 [INFO] ApiDb:250 - Set database path to: C:\Users\91762\.stmcufinder\plugins\mcufinder//mcu/
2026-04-15 21:17:11,571 [WARN] DbFile:41 - Overriding database path with different value: C:\Users\91762\.stmcufinder\plugins\mcufinder/ => C:\Users\91762\.stmcufinder\plugins\mcufinder
2026-04-15 21:17:11,571 [INFO] DbMcusAds:125 - Set database path to: C:\Users\91762\.stmcufinder\plugins\mcufinder//mcu/
2026-04-15 21:17:11,571 [WARN] DbFile:41 - Overriding database path with different value: C:\Users\91762\.stmcufinder\plugins\mcufinder/ => C:\Users\91762\.stmcufinder\plugins\mcufinder
2026-04-15 21:17:11,571 [WARN] DbFile:41 - Overriding database path with different value: C:\Users\91762\.stmcufinder\plugins\mcufinder/ => C:\Users\91762\.stmcufinder\plugins\mcufinder
2026-04-15 21:17:11,571 [INFO] CrossReferenceDbSqlite:203 - Set database path to: C:\Users\91762\.stmcufinder\plugins\mcufinder//mcu/cs/
2026-04-15 21:17:11,598 [INFO] ApplicationProperties:184 - Using Application install path: C:\ST\STM32CubeIDE_1.18.0\STM32CubeIDE\plugins\com.st.stm32cube.common.mx_6.14.0.202502271554
2026-04-15 21:17:11,599 [INFO] PluginManage:196 - Search for loadable plugins [exclusion list=, ]
2026-04-15 21:17:11,602 [INFO] PluginManage:310 - Check plugin analytics
2026-04-15 21:17:11,936 [INFO] AnalyticsPlugin:253 - Accepted Software Licenses: 
2026-04-15 21:17:11,936 [INFO] AnalyticsPlugin:255 - Accepted CMSIS Pack Licenses: 
2026-04-15 21:17:11,937 [INFO] AnalyticsPlugin:257 - Accepted Firmware Licenses: FW.F4.1.28.0
2026-04-15 21:17:11,943 [INFO] PluginManage:359 - Loaded plugin analytics (category:tool,tabindex:-1)
2026-04-15 21:17:11,943 [INFO] PluginManage:310 - Check plugin cadmodel
2026-04-15 21:17:11,970 [INFO] CADModel:105 - Init CAD model plugin
2026-04-15 21:17:11,970 [INFO] PluginManage:359 - Loaded plugin cadmodel (category:power,tabindex:5)
2026-04-15 21:17:11,971 [INFO] PluginManage:310 - Check plugin clock
2026-04-15 21:17:12,010 [INFO] PluginManage:359 - Loaded plugin clock (category:base,tabindex:2)
2026-04-15 21:17:12,010 [INFO] PluginManage:310 - Check plugin ddr
2026-04-15 21:17:12,014 [INFO] PluginManage:359 - Loaded plugin ddr (category:tool,tabindex:6)
2026-04-15 21:17:12,014 [INFO] PluginManage:310 - Check plugin filemanager
2026-04-15 21:17:12,228 [INFO] PluginManage:359 - Loaded plugin filemanager (category:base,tabindex:10)
2026-04-15 21:17:12,229 [INFO] PluginManage:310 - Check plugin ipmanager
2026-04-15 21:17:12,242 [INFO] PluginManage:359 - Loaded plugin ipmanager (category:base,tabindex:5)
2026-04-15 21:17:12,242 [INFO] PluginManage:310 - Check plugin lpbam
2026-04-15 21:17:12,269 [INFO] PluginManage:359 - Loaded plugin lpbam (category:base,tabindex:0)
2026-04-15 21:17:12,269 [INFO] PluginManage:310 - Check plugin memorymap
2026-04-15 21:17:12,299 [INFO] PluginManage:359 - Loaded plugin memorymap (category:base,tabindex:4)
2026-04-15 21:17:12,300 [INFO] PluginManage:310 - Check plugin pinoutandconfiguration
2026-04-15 21:17:12,328 [INFO] PluginManage:359 - Loaded plugin pinoutandconfiguration (category:base,tabindex:1)
2026-04-15 21:17:12,329 [INFO] PluginManage:310 - Check plugin pinoutconfig
2026-04-15 21:17:12,483 [WARN] SupportedApi:132 - Cannot load RTOS API schema: s4s-elt-must-match.1: The content of 'definitions' must match (annotation?, (simpleType | complexType)?, (unique | key | keyref)*)). A problem was found starting at: attribute.
2026-04-15 21:17:12,706 [INFO] PluginManage:359 - Loaded plugin pinoutconfig (category:base,tabindex:0)
2026-04-15 21:17:12,707 [INFO] PluginManage:310 - Check plugin power
2026-04-15 21:17:12,737 [INFO] PluginManage:359 - Loaded plugin power (category:power,tabindex:4)
2026-04-15 21:17:12,737 [INFO] PluginManage:310 - Check plugin projectmanager
2026-04-15 21:17:12,763 [INFO] PluginManage:359 - Loaded plugin projectmanager (category:projectmanager,tabindex:4)
2026-04-15 21:17:12,763 [INFO] PluginManage:310 - Check plugin rif
2026-04-15 21:17:12,786 [INFO] PluginManage:359 - Loaded plugin rif (category:base,tabindex:3)
2026-04-15 21:17:12,786 [INFO] PluginManage:310 - Check plugin thirdparty
2026-04-15 21:17:13,208 [INFO] PluginManage:359 - Loaded plugin thirdparty (category:base,tabindex:-1)
2026-04-15 21:17:13,208 [INFO] PluginManage:310 - Check plugin tools
2026-04-15 21:17:13,208 [WARN] IntegrityCheckThread:84 - waiting for thirdparty lock release [integrity check]
2026-04-15 21:17:13,208 [INFO] IntegrityCheckThread:86 - entering critical section [integrity check]
2026-04-15 21:17:13,208 [INFO] ThirdPartyUpdaterWithRetryManager:70 - Updater plugin not ready yet. [1/15]
2026-04-15 21:17:13,248 [INFO] PluginManage:359 - Loaded plugin tools (category:base,tabindex:7)
2026-04-15 21:17:13,249 [INFO] PluginManage:310 - Check plugin tutovideos
2026-04-15 21:17:13,491 [INFO] PluginManage:359 - Loaded plugin tutovideos (category:base,tabindex:-1)
2026-04-15 21:17:13,491 [INFO] PluginManage:310 - Check plugin updater
2026-04-15 21:17:13,524 [INFO] PluginManage:359 - Loaded plugin updater (category:base,tabindex:12)
2026-04-15 21:17:13,524 [INFO] PluginManage:310 - Check plugin userauth
2026-04-15 21:17:13,530 [INFO] UserAuth:118 - Init User Auth plugin
2026-04-15 21:17:13,531 [INFO] PluginManage:359 - Loaded plugin userauth (category:base,tabindex:14)
2026-04-15 21:17:13,531 [INFO] PluginManage:283 - PluginManage : Loaded plugins [18]
2026-04-15 21:17:13,815 [INFO] PinOutPanel:1589 - setPackage(No Configuration,No Configuration)
2026-04-15 21:17:13,936 [INFO] CADModel:165 - CPN selected for project level
2026-04-15 21:17:13,936 [INFO] CADModel:114 - Register for checkConnection events
2026-04-15 21:17:13,983 [INFO] IPUIPlugin:80 - create IPUIPlugin
2026-04-15 21:17:13,983 [INFO] PluginManager:220 - loadIPPluginJar : add adc
2026-04-15 21:17:14,041 [INFO] IPUIPlugin:80 - create IPUIPlugin
2026-04-15 21:17:14,042 [INFO] PluginManager:220 - loadIPPluginJar : add aes
2026-04-15 21:17:14,102 [INFO] IPUIPlugin:80 - create IPUIPlugin
2026-04-15 21:17:14,102 [INFO] PluginManager:220 - loadIPPluginJar : add can
2026-04-15 21:17:14,137 [INFO] IPUIPlugin:80 - create IPUIPlugin
2026-04-15 21:17:14,137 [INFO] PluginManager:220 - loadIPPluginJar : add comp
2026-04-15 21:17:14,181 [INFO] IPUIPlugin:80 - create IPUIPlugin
2026-04-15 21:17:14,182 [INFO] PluginManager:220 - loadIPPluginJar : add cryp
2026-04-15 21:17:14,200 [INFO] IPUIPlugin:80 - create IPUIPlugin
2026-04-15 21:17:14,200 [INFO] PluginManager:220 - loadIPPluginJar : add ddr_ctrl_phy
2026-04-15 21:17:14,245 [INFO] IPUIPlugin:80 - create IPUIPlugin
2026-04-15 21:17:14,245 [INFO] PluginManager:220 - loadIPPluginJar : add dfsdm
2026-04-15 21:17:14,272 [INFO] IPUIPlugin:80 - create IPUIPlugin
2026-04-15 21:17:14,273 [INFO] PluginManager:220 - loadIPPluginJar : add dma
2026-04-15 21:17:14,317 [INFO] IPUIPlugin:80 - create IPUIPlugin
2026-04-15 21:17:14,317 [INFO] PluginManager:220 - loadIPPluginJar : add dma3
2026-04-15 21:17:14,364 [INFO] IPUIPlugin:80 - create IPUIPlugin
2026-04-15 21:17:14,364 [INFO] PluginManager:220 - loadIPPluginJar : add extmemmanager
2026-04-15 21:17:14,386 [INFO] IPUIPlugin:80 - create IPUIPlugin
2026-04-15 21:17:14,387 [INFO] PluginManager:220 - loadIPPluginJar : add fatfs
2026-04-15 21:17:14,435 [INFO] IPUIPlugin:80 - create IPUIPlugin
2026-04-15 21:17:14,435 [INFO] PluginManager:220 - loadIPPluginJar : add fmc
2026-04-15 21:17:14,452 [INFO] IPUIPlugin:80 - create IPUIPlugin
2026-04-15 21:17:14,452 [INFO] PluginManager:220 - loadIPPluginJar : add freertos
2026-04-15 21:17:14,478 [INFO] IPUIPlugin:80 - create IPUIPlugin
2026-04-15 21:17:14,479 [INFO] PluginManager:220 - loadIPPluginJar : add genericplugin
2026-04-15 21:17:14,603 [INFO] IPUIPlugin:80 - create IPUIPlugin
2026-04-15 21:17:14,603 [INFO] PluginManager:220 - loadIPPluginJar : add gfxmmu
2026-04-15 21:17:14,783 [INFO] IPUIPlugin:80 - create IPUIPlugin
2026-04-15 21:17:14,783 [INFO] PluginManager:220 - loadIPPluginJar : add gic
2026-04-15 21:17:14,800 [INFO] IPUIPlugin:80 - create IPUIPlugin
2026-04-15 21:17:14,800 [INFO] PluginManager:220 - loadIPPluginJar : add gpio
2026-04-15 21:17:14,925 [INFO] IPUIPlugin:80 - create IPUIPlugin
2026-04-15 21:17:14,925 [INFO] PluginManager:220 - loadIPPluginJar : add gtzc
2026-04-15 21:17:14,972 [INFO] IPUIPlugin:80 - create IPUIPlugin
2026-04-15 21:17:14,972 [INFO] PluginManager:220 - loadIPPluginJar : add hash
2026-04-15 21:17:15,032 [INFO] IPUIPlugin:80 - create IPUIPlugin
2026-04-15 21:17:15,032 [INFO] PluginManager:220 - loadIPPluginJar : add i2c
2026-04-15 21:17:15,078 [INFO] IPUIPlugin:80 - create IPUIPlugin
2026-04-15 21:17:15,079 [INFO] PluginManager:220 - loadIPPluginJar : add i2s
2026-04-15 21:17:15,125 [INFO] IPUIPlugin:80 - create IPUIPlugin
2026-04-15 21:17:15,125 [INFO] PluginManager:220 - loadIPPluginJar : add i3c
2026-04-15 21:17:15,241 [INFO] IPUIPlugin:80 - create IPUIPlugin
2026-04-15 21:17:15,242 [INFO] PluginManager:220 - loadIPPluginJar : add ipddr
2026-04-15 21:17:15,355 [INFO] IPUIPlugin:80 - create IPUIPlugin
2026-04-15 21:17:15,356 [INFO] PluginManager:220 - loadIPPluginJar : add linkedlist
2026-04-15 21:17:15,401 [INFO] IPUIPlugin:80 - create IPUIPlugin
2026-04-15 21:17:15,401 [INFO] PluginManager:220 - loadIPPluginJar : add lorawan
2026-04-15 21:17:15,444 [INFO] IPUIPlugin:80 - create IPUIPlugin
2026-04-15 21:17:15,445 [INFO] PluginManager:220 - loadIPPluginJar : add ltdc
2026-04-15 21:17:15,460 [INFO] IPUIPlugin:80 - create IPUIPlugin
2026-04-15 21:17:15,461 [INFO] PluginManager:220 - loadIPPluginJar : add mdma
2026-04-15 21:17:15,476 [INFO] IPUIPlugin:80 - create IPUIPlugin
2026-04-15 21:17:15,476 [INFO] PluginManager:220 - loadIPPluginJar : add nvic
2026-04-15 21:17:15,528 [INFO] IPUIPlugin:80 - create IPUIPlugin
2026-04-15 21:17:15,529 [INFO] PluginManager:220 - loadIPPluginJar : add opamp
2026-04-15 21:17:15,671 [INFO] IPUIPlugin:80 - create IPUIPlugin
2026-04-15 21:17:15,671 [INFO] PluginManager:220 - loadIPPluginJar : add openamp
2026-04-15 21:17:16,000 [INFO] IPUIPlugin:80 - create IPUIPlugin
2026-04-15 21:17:16,001 [INFO] PluginManager:220 - loadIPPluginJar : add pdm2pcm
2026-04-15 21:17:16,019 [INFO] IPUIPlugin:80 - create IPUIPlugin
2026-04-15 21:17:16,022 [INFO] PluginManager:220 - loadIPPluginJar : add plateformsettings
2026-04-15 21:17:16,053 [INFO] IPUIPlugin:80 - create IPUIPlugin
2026-04-15 21:17:16,053 [INFO] PluginManager:220 - loadIPPluginJar : add quadspi
2026-04-15 21:17:16,090 [INFO] IPUIPlugin:80 - create IPUIPlugin
2026-04-15 21:17:16,091 [INFO] PluginManager:220 - loadIPPluginJar : add radio
2026-04-15 21:17:16,107 [INFO] IPUIPlugin:80 - create IPUIPlugin
2026-04-15 21:17:16,107 [INFO] PluginManager:220 - loadIPPluginJar : add resmgrutility
2026-04-15 21:17:16,161 [INFO] IPUIPlugin:80 - create IPUIPlugin
2026-04-15 21:17:16,162 [INFO] PluginManager:220 - loadIPPluginJar : add sai
2026-04-15 21:17:16,202 [INFO] IPUIPlugin:80 - create IPUIPlugin
2026-04-15 21:17:16,202 [INFO] PluginManager:220 - loadIPPluginJar : add spi
2026-04-15 21:17:16,211 [INFO] ThirdPartyUpdaterWithRetryManager:70 - Updater plugin not ready yet. [2/15]
2026-04-15 21:17:16,280 [INFO] IPUIPlugin:80 - create IPUIPlugin
2026-04-15 21:17:16,280 [INFO] PluginManager:220 - loadIPPluginJar : add stm32_wpan
2026-04-15 21:17:16,310 [INFO] IPUIPlugin:80 - create IPUIPlugin
2026-04-15 21:17:16,310 [INFO] PluginManager:220 - loadIPPluginJar : add tim
2026-04-15 21:17:16,387 [INFO] IPUIPlugin:80 - create IPUIPlugin
2026-04-15 21:17:16,387 [INFO] PluginManager:220 - loadIPPluginJar : add touchsensing
2026-04-15 21:17:16,412 [INFO] IPUIPlugin:80 - create IPUIPlugin
2026-04-15 21:17:16,413 [INFO] PluginManager:220 - loadIPPluginJar : add tracer_emb
2026-04-15 21:17:16,439 [INFO] IPUIPlugin:80 - create IPUIPlugin
2026-04-15 21:17:16,440 [INFO] PluginManager:220 - loadIPPluginJar : add ts
2026-04-15 21:17:16,468 [INFO] IPUIPlugin:80 - create IPUIPlugin
2026-04-15 21:17:16,468 [INFO] PluginManager:220 - loadIPPluginJar : add tsc
2026-04-15 21:17:16,494 [INFO] IPUIPlugin:80 - create IPUIPlugin
2026-04-15 21:17:16,494 [INFO] PluginManager:220 - loadIPPluginJar : add ucpd
2026-04-15 21:17:16,540 [INFO] IPUIPlugin:80 - create IPUIPlugin
2026-04-15 21:17:16,540 [INFO] PluginManager:220 - loadIPPluginJar : add usart
2026-04-15 21:17:16,586 [INFO] IPUIPlugin:80 - create IPUIPlugin
2026-04-15 21:17:16,586 [INFO] PluginManager:220 - loadIPPluginJar : add usbx
2026-04-15 21:17:16,716 [FATAL] Updater:351 - Updater called before beeing initialized
2026-04-15 21:17:16,741 [INFO] RulesReader:64 - Compatibility file has been processed (301 Rules)
2026-04-15 21:17:16,755 [INFO] RulesReader:64 - Compatibility file has been processed (301 Rules)
2026-04-15 21:17:16,773 [INFO] CADModel:165 - CPN selected for project level
2026-04-15 21:17:16,774 [INFO] CADModel:114 - Register for checkConnection events
2026-04-15 21:17:16,774 [FATAL] Updater:351 - Updater called before beeing initialized
2026-04-15 21:17:16,775 [ERROR] CADModel:125 - Updater not yet initialized, retry later 
2026-04-15 21:17:17,030 [FATAL] Updater:351 - Updater called before beeing initialized
2026-04-15 21:17:17,034 [INFO] CADModel:165 - CPN selected for project level
2026-04-15 21:17:17,035 [INFO] CADModel:114 - Register for checkConnection events
2026-04-15 21:17:17,035 [FATAL] Updater:351 - Updater called before beeing initialized
2026-04-15 21:17:17,035 [ERROR] CADModel:125 - Updater not yet initialized, retry later 
2026-04-15 21:17:17,044 [FATAL] Updater:351 - Updater called before beeing initialized
2026-04-15 21:17:17,228 [FATAL] Updater:351 - Updater called before beeing initialized
2026-04-15 21:17:17,245 [INFO] DbMcusAds:53 - JSON generation date=Fri Apr 10 14:49:02 IST 2026 (1775812742310)
2026-04-15 21:17:17,245 [FATAL] Updater:351 - Updater called before beeing initialized
2026-04-15 21:17:17,289 [WARN] DetailPanel:346 - Failed to get advertising image, set to default
2026-04-15 21:17:17,524 [FATAL] Updater:351 - Updater called before beeing initialized
2026-04-15 21:17:17,527 [FATAL] Updater:351 - Updater called before beeing initialized
2026-04-15 21:17:17,527 [FATAL] Updater:351 - Updater called before beeing initialized
2026-04-15 21:17:17,527 [WARN] DetailPanel:346 - Failed to get advertising image, set to default
2026-04-15 21:17:17,528 [FATAL] Updater:351 - Updater called before beeing initialized
2026-04-15 21:17:17,594 [ERROR] Updater:1198 - MainUpdater not yet initialized. External WinMGr cannot be set.
2026-04-15 21:17:17,605 [INFO] Updater:1134 - Updater Version found : 6.14.0
2026-04-15 21:17:17,627 [INFO] ApplicationProperties:184 - Using Application install path: C:\ST\STM32CubeIDE_1.18.0\STM32CubeIDE\plugins\com.st.stm32cube.common.mx_6.14.0.202502271554
2026-04-15 21:17:19,213 [INFO] ThirdPartyUpdaterWithRetryManager:70 - Updater plugin not ready yet. [3/15]
2026-04-15 21:17:19,228 [ERROR] LogOutputStream:75 - [STDERR_REDIRECT] Apr 15, 2026 9:17:19 PM java.util.prefs.WindowsPreferences <init>
2026-04-15 21:17:19,231 [ERROR] LogOutputStream:75 - [STDERR_REDIRECT] WARNING: Could not open/create prefs root node Software\JavaSoft\Prefs at root 0xffffffff80000002. Windows RegCreateKeyEx(...) returned error code 5.
2026-04-15 21:17:19,231 [ERROR] LogOutputStream:75 - [STDERR_REDIRECT] 
2026-04-15 21:17:19,836 [INFO] MainUpdater:2872 - connection check result : 10
2026-04-15 21:17:19,836 [INFO] MainUpdater:289 - Updater Check For Update Now.
2026-04-15 21:17:19,837 [INFO] MicroXplorer:498 - Change Database Version : DB.6.0.140
2026-04-15 21:17:19,857 [INFO] McuFinderGlobals:63 - Set McuFinder mode to 2 (CubeIDE integrated)
2026-04-15 21:17:19,869 [INFO] UserAuth:486 - Internet connection configuration mode: 1
2026-04-15 21:17:19,955 [INFO] JxBrowserEngine:152 - Initiate JxBrowser Engine with user profile folder
2026-04-15 21:17:20,111 [INFO] CheckServerUpdateThread:120 - End of CheckServer Thread
2026-04-15 21:17:22,095 [INFO] WebApp:169 - Instantiating new browser for Auth
2026-04-15 21:17:22,684 [WARN] PackLoader:240 - Cannot read IP mode file for STMicroelectronics.X-CUBE-AZRTOS-H7.3.5.0
2026-04-15 21:17:22,715 [WARN] PackLoader:240 - Cannot read IP mode file for STMicroelectronics.FP-ATR-ASTRA1.2.0.2
2026-04-15 21:17:22,757 [WARN] PackLoader:240 - Cannot read IP mode file for STMicroelectronics.X-CUBE-SMBUS.2.1.0
2026-04-15 21:17:22,788 [WARN] PackLoader:240 - Cannot read IP mode file for STMicroelectronics.X-CUBE-AZRTOS-F7.1.1.0
2026-04-15 21:17:22,807 [ERROR] Engine:466 - C:\Users\91762\.stm32cubemx\thirdparties\pdsc\STMicroelectronics.FP-SNS-MOTENV1.5.1.0.pdsc: PDSC version is not supported
2026-04-15 21:17:22,826 [ERROR] Engine:466 - C:\Users\91762\.stm32cubemx\thirdparties\pdsc\WES.I-CUBE-Cesium.1.4.0.pdsc: PDSC version is not supported
2026-04-15 21:17:22,849 [WARN] PackLoader:240 - Cannot read IP mode file for STMicroelectronics.X-CUBE-DISPLAY.3.0.0
2026-04-15 21:17:22,867 [ERROR] Engine:466 - C:\Users\91762\.stm32cubemx\thirdparties\pdsc\STMicroelectronics.FP-SNS-MOTENVWB1.1.5.0.pdsc: PDSC version is not supported
2026-04-15 21:17:22,893 [WARN] PackLoader:240 - Cannot read IP mode file for STMicroelectronics.X-CUBE-NFC10.1.0.0
2026-04-15 21:17:22,925 [WARN] PackLoader:240 - Cannot read IP mode file for STMicroelectronics.X-CUBE-ST60.1.1.0
2026-04-15 21:17:22,957 [WARN] PackLoader:240 - Cannot read IP mode file for emotas.I-CUBE-CANOPEN.1.3.0
2026-04-15 21:17:22,984 [WARN] PackLoader:240 - Cannot read IP mode file for STMicroelectronics.X-CUBE-GNSS1.7.1.0
2026-04-15 21:17:23,010 [ERROR] Engine:466 - C:\Users\91762\.stm32cubemx\thirdparties\pdsc\STMicroelectronics.FP-SNS-STBOX1.2.1.0.pdsc: PDSC version is not supported
2026-04-15 21:17:23,037 [WARN] PackLoader:240 - Cannot read IP mode file for STMicroelectronics.FP-SNS-SMARTAG2.1.2.0
2026-04-15 21:17:23,058 [WARN] PackLoader:240 - Cannot read IP mode file for STMicroelectronics.FP-SNS-FLIGHT1.5.1.0
2026-04-15 21:17:23,096 [INFO] LogOutputStream:77 - [STDOUT_REDIRECT] 1 : Invalid condition id : UX_CORESTACK_Condition cause : null
2026-04-15 21:17:23,098 [INFO] LogOutputStream:77 - [STDOUT_REDIRECT] 1 : Invalid condition id : UX_CORESTACK_Condition cause : null
2026-04-15 21:17:23,101 [INFO] LogOutputStream:77 - [STDOUT_REDIRECT] 1 : Invalid condition id : UX_CORESTACK_Condition cause : null
2026-04-15 21:17:23,103 [INFO] LogOutputStream:77 - [STDOUT_REDIRECT] 1 : Invalid condition id : UX_CORESTACK_Condition cause : null
2026-04-15 21:17:23,108 [INFO] LogOutputStream:77 - [STDOUT_REDIRECT] 1 : Invalid condition id : UX_CORESTACK_Condition cause : null
2026-04-15 21:17:23,112 [WARN] PackLoader:240 - Cannot read IP mode file for STMicroelectronics.X-CUBE-AZRTOS-WL.2.0.0
2026-04-15 21:17:23,166 [WARN] PackLoader:240 - Cannot read IP mode file for STMicroelectronics.X-CUBE-AZRTOS-H7RS.1.2.0
2026-04-15 21:17:23,209 [WARN] PackLoader:240 - Cannot read IP mode file for STMicroelectronics.X-CUBE-BLE2.3.3.0
2026-04-15 21:17:23,344 [WARN] PackLoader:240 - Cannot read IP mode file for Infineon.AIROC-Wi-Fi-Bluetooth-STM32.1.8.0
2026-04-15 21:17:23,388 [WARN] PackLoader:240 - Cannot read IP mode file for STMicroelectronics.X-CUBE-NFC9.1.0.0
2026-04-15 21:17:23,435 [WARN] PackLoader:240 - Cannot read IP mode file for STMicroelectronics.X-CUBE-BLE1.7.1.0
2026-04-15 21:17:23,467 [WARN] PackLoader:240 - Cannot read IP mode file for wolfSSL.I-CUBE-wolfMQTT.1.19.2
2026-04-15 21:17:23,495 [WARN] PackLoader:240 - Cannot read IP mode file for STMicroelectronics.X-CUBE-EEPRMA1.5.2.0
2026-04-15 21:17:23,514 [WARN] PackLoader:240 - Cannot read IP mode file for wolfSSL.I-CUBE-wolfSSL.5.8.4
2026-04-15 21:17:23,535 [WARN] PackLoader:240 - Cannot read IP mode file for Cesanta.I-CUBE-Mongoose.7.20.0
2026-04-15 21:17:23,607 [WARN] PackLoader:240 - Cannot read IP mode file for STMicroelectronics.X-CUBE-MEMS1.12.0.0
2026-04-15 21:17:23,802 [WARN] PackLoader:240 - Cannot read IP mode file for STMicroelectronics.X-CUBE-AZRTOS-G0.1.1.0
2026-04-15 21:17:23,830 [WARN] PackLoader:240 - Cannot read IP mode file for STMicroelectronics.X-CUBE-NFC4.3.0.0
2026-04-15 21:17:23,861 [WARN] PackLoader:240 - Cannot read IP mode file for EmbeddedOffice.I-CUBE-FS-RTOS.1.0.1
2026-04-15 21:17:23,892 [WARN] PackLoader:240 - Cannot read IP mode file for wolfSSL.I-CUBE-wolfTPM.3.8.0
2026-04-15 21:17:23,933 [WARN] PackLoader:240 - Cannot read IP mode file for STMicroelectronics.X-CUBE-TCPP.4.2.0
2026-04-15 21:17:23,976 [WARN] PackLoader:240 - Cannot read IP mode file for RealThread.X-CUBE-RT-Thread_Nano.4.1.1
2026-04-15 21:17:24,006 [WARN] PackLoader:240 - Cannot read IP mode file for STMicroelectronics.FP-ATR-SIGFOX1.3.2.0
2026-04-15 21:17:24,037 [ERROR] Engine:466 - C:\Users\91762\.stm32cubemx\thirdparties\pdsc\STMicroelectronics.X-CUBE-FREERTOS.1.5.0.pdsc: PDSC version is not supported
2026-04-15 21:17:24,079 [WARN] PackLoader:240 - Cannot read IP mode file for ITTIA_DB.I-CUBE-ITTIADB.8.9.0
2026-04-15 21:17:24,112 [WARN] PackLoader:240 - Cannot read IP mode file for STMicroelectronics.X-CUBE-NFC6.3.2.0
2026-04-15 21:17:24,163 [WARN] PackLoader:240 - Cannot read IP mode file for STMicroelectronics.X-CUBE-AI.10.2.0
2026-04-15 21:17:24,239 [WARN] PackLoader:240 - Cannot read IP mode file for SEGGER.I-CUBE-embOS.1.3.1
2026-04-15 21:17:24,292 [INFO] WebApp:463 - Apply proxy settings
2026-04-15 21:17:24,293 [INFO] WebApp:548 - Chromium requires no authentication
2026-04-15 21:17:24,317 [WARN] PackLoader:240 - Cannot read IP mode file for STMicroelectronics.X-CUBE-ALGOBUILD.1.4.0
2026-04-15 21:17:24,320 [INFO] WebApp:491 - Direct internet connection detected
2026-04-15 21:17:24,343 [WARN] PackLoader:240 - Cannot read IP mode file for STMicroelectronics.X-CUBE-PM33A1.1.0.0
2026-04-15 21:17:24,373 [WARN] PackLoader:240 - Cannot read IP mode file for STMicroelectronics.X-CUBE-AZRTOS-F4.1.1.0
2026-04-15 21:17:24,396 [WARN] PackLoader:240 - Cannot read IP mode file for STMicroelectronics.X-CUBE-ISPU.2.1.0
2026-04-15 21:17:24,412 [ERROR] Engine:466 - C:\Users\91762\.stm32cubemx\thirdparties\pdsc\STMicroelectronics.X-CUBE-IPS.3.2.0.pdsc: PDSC version is not supported
2026-04-15 21:17:24,427 [WARN] PackLoader:240 - Cannot read IP mode file for STMicroelectronics.eDS-WB_DPC_TT-BIDIR.2.1.1
2026-04-15 21:17:24,443 [WARN] PackLoader:240 - Cannot read IP mode file for STMicroelectronics.X-CUBE-NFC12.1.0.0
2026-04-15 21:17:24,472 [WARN] PackLoader:240 - Cannot read IP mode file for STMicroelectronics.X-CUBE-AZRTOS-L5.2.0.0
2026-04-15 21:17:24,475 [INFO] WebApp:894 - Register for checkConnection events
2026-04-15 21:17:24,476 [INFO] WebApp:463 - Apply proxy settings
2026-04-15 21:17:24,476 [INFO] WebApp:548 - Chromium requires no authentication
2026-04-15 21:17:24,477 [INFO] WebApp:491 - Direct internet connection detected
2026-04-15 21:17:24,493 [WARN] PackLoader:240 - Cannot read IP mode file for STMicroelectronics.eDS-WB_DPC_VIENNA.1.2.0
2026-04-15 21:17:24,513 [WARN] PackLoader:240 - Cannot read IP mode file for STMicroelectronics.eDS-WB_DPC_3PH2L-BIDIR.1.1.1
2026-04-15 21:17:24,544 [WARN] PackLoader:240 - Cannot read IP mode file for STMicroelectronics.X-CUBE-TOUCHGFX.4.26.1
2026-04-15 21:17:24,564 [WARN] PackLoader:240 - Cannot read IP mode file for STMicroelectronics.FP-SNS-STAIOTCFT.1.0.0
2026-04-15 21:17:24,598 [WARN] PackLoader:240 - Cannot read IP mode file for STMicroelectronics.X-CUBE-DPower.1.3.0
2026-04-15 21:17:24,633 [WARN] ConditionMgr:438 - getConditionDescription Invalid condition id : LAN8742 Phy interface Condition cause : null
2026-04-15 21:17:24,634 [WARN] PackLoader:240 - Cannot read IP mode file for STMicroelectronics.X-CUBE-AZRTOS-L4.2.0.0
2026-04-15 21:17:24,635 [WARN] ConditionMgr:1044 - genDependencies : Invalid condition id : LAN8742 Phy interface Condition cause : null
2026-04-15 21:17:24,635 [WARN] ConditionMgr:1044 - genDependencies : Invalid condition id : LAN8742 Phy interface Condition cause : null
2026-04-15 21:17:24,636 [WARN] ConditionMgr:1044 - genDependencies : Invalid condition id : LAN8742 Phy interface Condition cause : null
2026-04-15 21:17:24,674 [WARN] PackLoader:240 - Cannot read IP mode file for STMicroelectronics.X-CUBE-SFXS2LP1.4.0.0
2026-04-15 21:17:24,708 [WARN] PackLoader:240 - Cannot read IP mode file for STMicroelectronics.X-CUBE-WB05N.2.1.0
2026-04-15 21:17:24,730 [INFO] WebApp:191 - Connection restablished
2026-04-15 21:17:24,739 [ERROR] Engine:466 - C:\Users\91762\.stm32cubemx\thirdparties\pdsc\STMicroelectronics.X-CUBE-ST67W61.1.2.0.pdsc: PDSC version is not supported
2026-04-15 21:17:24,777 [WARN] PackLoader:240 - Cannot read IP mode file for STMicroelectronics.X-CUBE-BLEMGR.4.1.0
2026-04-15 21:17:24,826 [WARN] ConditionMgr:438 - getConditionDescription Invalid condition id : UX DEVICE CLASS RTOS Condition cause : null
2026-04-15 21:17:24,826 [WARN] ConditionMgr:438 - getConditionDescription Invalid condition id : UX DEVICE CLASS RTOS Condition cause : null
2026-04-15 21:17:24,829 [WARN] PackLoader:240 - Cannot read IP mode file for STMicroelectronics.X-CUBE-AZRTOS-WB.2.0.0
2026-04-15 21:17:24,830 [WARN] ConditionMgr:1044 - genDependencies : Invalid condition id : UX DEVICE CLASS RTOS Condition cause : null
2026-04-15 21:17:24,831 [WARN] ConditionMgr:1044 - genDependencies : Invalid condition id : UX DEVICE CLASS RTOS Condition cause : null
2026-04-15 21:17:24,832 [WARN] ConditionMgr:1044 - genDependencies : Invalid condition id : UX DEVICE CLASS RTOS Condition cause : null
2026-04-15 21:17:24,832 [WARN] ConditionMgr:1044 - genDependencies : Invalid condition id : UX DEVICE CLASS RTOS Condition cause : null
2026-04-15 21:17:24,832 [WARN] ConditionMgr:1044 - genDependencies : Invalid condition id : UX DEVICE CLASS RTOS Condition cause : null
2026-04-15 21:17:24,868 [WARN] ConditionMgr:438 - getConditionDescription Invalid condition id : Cortex-A Device cause : null
2026-04-15 21:17:24,909 [WARN] ConditionMgr:1044 - genDependencies : Invalid condition id : Cortex-A Device cause : null
2026-04-15 21:17:24,910 [WARN] ConditionMgr:1044 - genDependencies : Invalid condition id : Cortex-A Device cause : null
2026-04-15 21:17:24,910 [WARN] ConditionMgr:1044 - genDependencies : Invalid condition id : Cortex-A Device cause : null
2026-04-15 21:17:24,933 [WARN] PackLoader:240 - Cannot read IP mode file for STMicroelectronics.X-CUBE-STSE01.2.0.0
2026-04-15 21:17:24,957 [WARN] PackLoader:240 - Cannot read IP mode file for STMicroelectronics.X-CUBE-SUBG2.5.0.0
2026-04-15 21:17:24,994 [WARN] PackLoader:240 - Cannot read IP mode file for STMicroelectronics.X-CUBE-AZRTOS-G4.2.0.0
2026-04-15 21:17:25,015 [WARN] PackLoader:240 - Cannot read IP mode file for wolfSSL.I-CUBE-wolfSSH.1.4.20
2026-04-15 21:17:25,041 [WARN] PackLoader:240 - Cannot read IP mode file for STMicroelectronics.X-CUBE-NFC7.2.0.0
2026-04-15 21:17:25,067 [WARN] PackLoader:240 - Cannot read IP mode file for STMicroelectronics.X-CUBE-ALS.1.0.2
2026-04-15 21:17:25,100 [WARN] PackLoader:240 - Cannot read IP mode file for STMicroelectronics.X-CUBE-TOF1.3.4.3
2026-04-15 21:17:25,110 [INFO] WebApp:225 - Starting web application
2026-04-15 21:17:25,110 [INFO] ThirdParty:978 - Integrity check success = true
2026-04-15 21:17:25,111 [INFO] IntegrityCheckThread:100 - exiting critical section [integrity check]
2026-04-15 21:17:25,110 [INFO] WebApp:593 - Web application path used C:\ST\STM32CubeIDE_1.18.0\STM32CubeIDE\plugins\com.st.stm32cube.common.mx_6.14.0.202502271554\db\plugins\mcufinder\reactClient1\index.html
2026-04-15 21:17:25,111 [INFO] IntegrityCheckThread:103 - End integrity checks thread
2026-04-15 21:17:25,582 [INFO] UserAuth:486 - Internet connection configuration mode: 1
2026-04-15 22:26:56,564 [ERROR] LogOutputStream:75 - [STDERR_REDIRECT] 
