2026-04-21 15:33:00,042 [INFO] Activator:176 - 


2026-04-21 15:33:00,049 [INFO] Activator:177 - !SESSION log4j initialized
2026-04-21 15:33:09,769 [INFO] LogOutputStream:77 - [STDOUT_REDIRECT] 
2026-04-21 15:33:13,642 [INFO] ApplicationProperties:184 - Using Application install path: C:\ST\STM32CubeIDE_1.18.0\STM32CubeIDE\plugins\com.st.stm32cube.common.mx_6.14.0.202502271554
2026-04-21 15:33:13,705 [INFO] DbMcusXml:78 - Set database path to: C:\ST\STM32CubeIDE_1.18.0\STM32CubeIDE\plugins\com.st.stm32cube.common.mx_6.14.0.202502271554\\db\/mcu/
2026-04-21 15:33:13,708 [INFO] ApiDb:274 - Set plugin database path to: C:\ST\STM32CubeIDE_1.18.0\STM32CubeIDE\plugins\com.st.stm32cube.common.mx_6.14.0.202502271554\\db\/plugins/boardmanager/
2026-04-21 15:33:13,709 [WARN] ApiDb:259 - Overriding images path with different value:  => C:\ST\STM32CubeIDE_1.18.0\STM32CubeIDE\plugins\com.st.stm32cube.common.mx_6.14.0.202502271554\\db\/plugins/mcufinder/images/
2026-04-21 15:33:13,726 [INFO] ApiDb:250 - Set database path to: C:\Users\91762\.stmcufinder\plugins\mcufinder//mcu/
2026-04-21 15:33:13,729 [INFO] DbMcusAds:125 - Set database path to: C:\Users\91762\.stmcufinder\plugins\mcufinder//mcu/
2026-04-21 15:33:13,733 [INFO] CrossReferenceDbSqlite:203 - Set database path to: C:\Users\91762\.stmcufinder\plugins\mcufinder//mcu/cs/
2026-04-21 15:33:13,991 [INFO] RulesReader:64 - Compatibility file has been processed (301 Rules)
2026-04-21 15:33:14,149 [INFO] DbMcusXml:78 - Set database path to: C:\ST\STM32CubeIDE_1.18.0\STM32CubeIDE\plugins\com.st.stm32cube.common.mx_6.14.0.202502271554\\db\/mcu/
2026-04-21 15:33:14,149 [INFO] ApiDb:274 - Set plugin database path to: C:\ST\STM32CubeIDE_1.18.0\STM32CubeIDE\plugins\com.st.stm32cube.common.mx_6.14.0.202502271554\\db\/plugins/boardmanager/
2026-04-21 15:33:14,149 [INFO] ApiDb:261 - Set plugin images path to: C:\ST\STM32CubeIDE_1.18.0\STM32CubeIDE\plugins\com.st.stm32cube.common.mx_6.14.0.202502271554\\db\/plugins/mcufinder/images/
2026-04-21 15:33:14,150 [WARN] DbFile:41 - Overriding database path with different value: C:\Users\91762\.stmcufinder\plugins\mcufinder/ => C:\Users\91762\.stmcufinder\plugins\mcufinder
2026-04-21 15:33:14,150 [INFO] ApiDb:250 - Set database path to: C:\Users\91762\.stmcufinder\plugins\mcufinder//mcu/
2026-04-21 15:33:14,150 [WARN] DbFile:41 - Overriding database path with different value: C:\Users\91762\.stmcufinder\plugins\mcufinder/ => C:\Users\91762\.stmcufinder\plugins\mcufinder
2026-04-21 15:33:14,150 [INFO] DbMcusAds:125 - Set database path to: C:\Users\91762\.stmcufinder\plugins\mcufinder//mcu/
2026-04-21 15:33:14,150 [WARN] DbFile:41 - Overriding database path with different value: C:\Users\91762\.stmcufinder\plugins\mcufinder/ => C:\Users\91762\.stmcufinder\plugins\mcufinder
2026-04-21 15:33:14,150 [WARN] DbFile:41 - Overriding database path with different value: C:\Users\91762\.stmcufinder\plugins\mcufinder/ => C:\Users\91762\.stmcufinder\plugins\mcufinder
2026-04-21 15:33:14,150 [INFO] CrossReferenceDbSqlite:203 - Set database path to: C:\Users\91762\.stmcufinder\plugins\mcufinder//mcu/cs/
2026-04-21 15:33:14,289 [INFO] MainPanel:272 - HeapMemory: 268435456
2026-04-21 15:33:14,525 [INFO] DbMcusXml:78 - Set database path to: C:\ST\STM32CubeIDE_1.18.0\STM32CubeIDE\plugins\com.st.stm32cube.common.mx_6.14.0.202502271554\\db\/mcu/
2026-04-21 15:33:14,525 [INFO] ApiDb:274 - Set plugin database path to: C:\ST\STM32CubeIDE_1.18.0\STM32CubeIDE\plugins\com.st.stm32cube.common.mx_6.14.0.202502271554\\db\/plugins/boardmanager/
2026-04-21 15:33:14,526 [INFO] ApiDb:261 - Set plugin images path to: C:\ST\STM32CubeIDE_1.18.0\STM32CubeIDE\plugins\com.st.stm32cube.common.mx_6.14.0.202502271554\\db\/plugins/mcufinder/images/
2026-04-21 15:33:14,526 [WARN] DbFile:41 - Overriding database path with different value: C:\Users\91762\.stmcufinder\plugins\mcufinder/ => C:\Users\91762\.stmcufinder\plugins\mcufinder
2026-04-21 15:33:14,526 [INFO] ApiDb:250 - Set database path to: C:\Users\91762\.stmcufinder\plugins\mcufinder//mcu/
2026-04-21 15:33:14,526 [WARN] DbFile:41 - Overriding database path with different value: C:\Users\91762\.stmcufinder\plugins\mcufinder/ => C:\Users\91762\.stmcufinder\plugins\mcufinder
2026-04-21 15:33:14,527 [INFO] DbMcusAds:125 - Set database path to: C:\Users\91762\.stmcufinder\plugins\mcufinder//mcu/
2026-04-21 15:33:14,527 [WARN] DbFile:41 - Overriding database path with different value: C:\Users\91762\.stmcufinder\plugins\mcufinder/ => C:\Users\91762\.stmcufinder\plugins\mcufinder
2026-04-21 15:33:14,527 [WARN] DbFile:41 - Overriding database path with different value: C:\Users\91762\.stmcufinder\plugins\mcufinder/ => C:\Users\91762\.stmcufinder\plugins\mcufinder
2026-04-21 15:33:14,527 [INFO] CrossReferenceDbSqlite:203 - Set database path to: C:\Users\91762\.stmcufinder\plugins\mcufinder//mcu/cs/
2026-04-21 15:33:14,572 [INFO] ApplicationProperties:184 - Using Application install path: C:\ST\STM32CubeIDE_1.18.0\STM32CubeIDE\plugins\com.st.stm32cube.common.mx_6.14.0.202502271554
2026-04-21 15:33:14,575 [INFO] PluginManage:196 - Search for loadable plugins [exclusion list=, ]
2026-04-21 15:33:14,579 [INFO] PluginManage:310 - Check plugin analytics
2026-04-21 15:33:15,049 [INFO] AnalyticsPlugin:253 - Accepted Software Licenses: 
2026-04-21 15:33:15,050 [INFO] AnalyticsPlugin:255 - Accepted CMSIS Pack Licenses: 
2026-04-21 15:33:15,050 [INFO] AnalyticsPlugin:257 - Accepted Firmware Licenses: FW.F4.1.28.0
2026-04-21 15:33:15,063 [INFO] PluginManage:359 - Loaded plugin analytics (category:tool,tabindex:-1)
2026-04-21 15:33:15,065 [INFO] PluginManage:310 - Check plugin cadmodel
2026-04-21 15:33:15,101 [INFO] CADModel:105 - Init CAD model plugin
2026-04-21 15:33:15,102 [INFO] PluginManage:359 - Loaded plugin cadmodel (category:power,tabindex:5)
2026-04-21 15:33:15,102 [INFO] PluginManage:310 - Check plugin clock
2026-04-21 15:33:15,147 [INFO] PluginManage:359 - Loaded plugin clock (category:base,tabindex:2)
2026-04-21 15:33:15,148 [INFO] PluginManage:310 - Check plugin ddr
2026-04-21 15:33:15,156 [INFO] PluginManage:359 - Loaded plugin ddr (category:tool,tabindex:6)
2026-04-21 15:33:15,156 [INFO] PluginManage:310 - Check plugin filemanager
2026-04-21 15:33:15,479 [INFO] PluginManage:359 - Loaded plugin filemanager (category:base,tabindex:10)
2026-04-21 15:33:15,479 [INFO] PluginManage:310 - Check plugin ipmanager
2026-04-21 15:33:15,495 [INFO] PluginManage:359 - Loaded plugin ipmanager (category:base,tabindex:5)
2026-04-21 15:33:15,497 [INFO] PluginManage:310 - Check plugin lpbam
2026-04-21 15:33:15,542 [INFO] PluginManage:359 - Loaded plugin lpbam (category:base,tabindex:0)
2026-04-21 15:33:15,543 [INFO] PluginManage:310 - Check plugin memorymap
2026-04-21 15:33:15,582 [INFO] PluginManage:359 - Loaded plugin memorymap (category:base,tabindex:4)
2026-04-21 15:33:15,582 [INFO] PluginManage:310 - Check plugin pinoutandconfiguration
2026-04-21 15:33:15,605 [INFO] PluginManage:359 - Loaded plugin pinoutandconfiguration (category:base,tabindex:1)
2026-04-21 15:33:15,606 [INFO] PluginManage:310 - Check plugin pinoutconfig
2026-04-21 15:33:15,733 [WARN] SupportedApi:132 - Cannot load RTOS API schema: s4s-elt-must-match.1: The content of 'definitions' must match (annotation?, (simpleType | complexType)?, (unique | key | keyref)*)). A problem was found starting at: attribute.
2026-04-21 15:33:15,933 [INFO] PluginManage:359 - Loaded plugin pinoutconfig (category:base,tabindex:0)
2026-04-21 15:33:15,933 [INFO] PluginManage:310 - Check plugin power
2026-04-21 15:33:15,962 [INFO] PluginManage:359 - Loaded plugin power (category:power,tabindex:4)
2026-04-21 15:33:15,962 [INFO] PluginManage:310 - Check plugin projectmanager
2026-04-21 15:33:15,984 [INFO] PluginManage:359 - Loaded plugin projectmanager (category:projectmanager,tabindex:4)
2026-04-21 15:33:15,985 [INFO] PluginManage:310 - Check plugin rif
2026-04-21 15:33:16,009 [INFO] PluginManage:359 - Loaded plugin rif (category:base,tabindex:3)
2026-04-21 15:33:16,009 [INFO] PluginManage:310 - Check plugin thirdparty
2026-04-21 15:33:16,568 [INFO] PluginManage:359 - Loaded plugin thirdparty (category:base,tabindex:-1)
2026-04-21 15:33:16,568 [WARN] IntegrityCheckThread:84 - waiting for thirdparty lock release [integrity check]
2026-04-21 15:33:16,569 [INFO] PluginManage:310 - Check plugin tools
2026-04-21 15:33:16,569 [INFO] IntegrityCheckThread:86 - entering critical section [integrity check]
2026-04-21 15:33:16,570 [INFO] ThirdPartyUpdaterWithRetryManager:70 - Updater plugin not ready yet. [1/15]
2026-04-21 15:33:16,643 [INFO] PluginManage:359 - Loaded plugin tools (category:base,tabindex:7)
2026-04-21 15:33:16,644 [INFO] PluginManage:310 - Check plugin tutovideos
2026-04-21 15:33:17,058 [INFO] PluginManage:359 - Loaded plugin tutovideos (category:base,tabindex:-1)
2026-04-21 15:33:17,059 [INFO] PluginManage:310 - Check plugin updater
2026-04-21 15:33:17,102 [INFO] PluginManage:359 - Loaded plugin updater (category:base,tabindex:12)
2026-04-21 15:33:17,103 [INFO] PluginManage:310 - Check plugin userauth
2026-04-21 15:33:17,115 [INFO] UserAuth:118 - Init User Auth plugin
2026-04-21 15:33:17,117 [INFO] PluginManage:359 - Loaded plugin userauth (category:base,tabindex:14)
2026-04-21 15:33:17,117 [INFO] PluginManage:283 - PluginManage : Loaded plugins [18]
2026-04-21 15:33:17,532 [INFO] PinOutPanel:1589 - setPackage(No Configuration,No Configuration)
2026-04-21 15:33:17,698 [INFO] CADModel:165 - CPN selected for project level
2026-04-21 15:33:17,699 [INFO] CADModel:114 - Register for checkConnection events
2026-04-21 15:33:17,756 [INFO] IPUIPlugin:80 - create IPUIPlugin
2026-04-21 15:33:17,756 [INFO] PluginManager:220 - loadIPPluginJar : add adc
2026-04-21 15:33:17,826 [INFO] IPUIPlugin:80 - create IPUIPlugin
2026-04-21 15:33:17,827 [INFO] PluginManager:220 - loadIPPluginJar : add aes
2026-04-21 15:33:17,907 [INFO] IPUIPlugin:80 - create IPUIPlugin
2026-04-21 15:33:17,907 [INFO] PluginManager:220 - loadIPPluginJar : add can
2026-04-21 15:33:17,953 [INFO] IPUIPlugin:80 - create IPUIPlugin
2026-04-21 15:33:17,953 [INFO] PluginManager:220 - loadIPPluginJar : add comp
2026-04-21 15:33:18,007 [INFO] IPUIPlugin:80 - create IPUIPlugin
2026-04-21 15:33:18,007 [INFO] PluginManager:220 - loadIPPluginJar : add cryp
2026-04-21 15:33:18,025 [INFO] IPUIPlugin:80 - create IPUIPlugin
2026-04-21 15:33:18,025 [INFO] PluginManager:220 - loadIPPluginJar : add ddr_ctrl_phy
2026-04-21 15:33:18,082 [INFO] IPUIPlugin:80 - create IPUIPlugin
2026-04-21 15:33:18,082 [INFO] PluginManager:220 - loadIPPluginJar : add dfsdm
2026-04-21 15:33:18,108 [INFO] IPUIPlugin:80 - create IPUIPlugin
2026-04-21 15:33:18,109 [INFO] PluginManager:220 - loadIPPluginJar : add dma
2026-04-21 15:33:18,174 [INFO] IPUIPlugin:80 - create IPUIPlugin
2026-04-21 15:33:18,175 [INFO] PluginManager:220 - loadIPPluginJar : add dma3
2026-04-21 15:33:18,255 [INFO] IPUIPlugin:80 - create IPUIPlugin
2026-04-21 15:33:18,255 [INFO] PluginManager:220 - loadIPPluginJar : add extmemmanager
2026-04-21 15:33:18,290 [INFO] IPUIPlugin:80 - create IPUIPlugin
2026-04-21 15:33:18,290 [INFO] PluginManager:220 - loadIPPluginJar : add fatfs
2026-04-21 15:33:18,361 [INFO] IPUIPlugin:80 - create IPUIPlugin
2026-04-21 15:33:18,361 [INFO] PluginManager:220 - loadIPPluginJar : add fmc
2026-04-21 15:33:18,387 [INFO] IPUIPlugin:80 - create IPUIPlugin
2026-04-21 15:33:18,387 [INFO] PluginManager:220 - loadIPPluginJar : add freertos
2026-04-21 15:33:18,420 [INFO] IPUIPlugin:80 - create IPUIPlugin
2026-04-21 15:33:18,420 [INFO] PluginManager:220 - loadIPPluginJar : add genericplugin
2026-04-21 15:33:18,555 [INFO] IPUIPlugin:80 - create IPUIPlugin
2026-04-21 15:33:18,555 [INFO] PluginManager:220 - loadIPPluginJar : add gfxmmu
2026-04-21 15:33:18,780 [INFO] IPUIPlugin:80 - create IPUIPlugin
2026-04-21 15:33:18,781 [INFO] PluginManager:220 - loadIPPluginJar : add gic
2026-04-21 15:33:18,802 [INFO] IPUIPlugin:80 - create IPUIPlugin
2026-04-21 15:33:18,802 [INFO] PluginManager:220 - loadIPPluginJar : add gpio
2026-04-21 15:33:18,958 [INFO] IPUIPlugin:80 - create IPUIPlugin
2026-04-21 15:33:18,959 [INFO] PluginManager:220 - loadIPPluginJar : add gtzc
2026-04-21 15:33:19,022 [INFO] IPUIPlugin:80 - create IPUIPlugin
2026-04-21 15:33:19,022 [INFO] PluginManager:220 - loadIPPluginJar : add hash
2026-04-21 15:33:19,107 [INFO] IPUIPlugin:80 - create IPUIPlugin
2026-04-21 15:33:19,107 [INFO] PluginManager:220 - loadIPPluginJar : add i2c
2026-04-21 15:33:19,170 [INFO] IPUIPlugin:80 - create IPUIPlugin
2026-04-21 15:33:19,170 [INFO] PluginManager:220 - loadIPPluginJar : add i2s
2026-04-21 15:33:19,236 [INFO] IPUIPlugin:80 - create IPUIPlugin
2026-04-21 15:33:19,236 [INFO] PluginManager:220 - loadIPPluginJar : add i3c
2026-04-21 15:33:19,377 [INFO] IPUIPlugin:80 - create IPUIPlugin
2026-04-21 15:33:19,379 [INFO] PluginManager:220 - loadIPPluginJar : add ipddr
2026-04-21 15:33:19,540 [INFO] IPUIPlugin:80 - create IPUIPlugin
2026-04-21 15:33:19,540 [INFO] PluginManager:220 - loadIPPluginJar : add linkedlist
2026-04-21 15:33:19,572 [INFO] ThirdPartyUpdaterWithRetryManager:70 - Updater plugin not ready yet. [2/15]
2026-04-21 15:33:19,597 [INFO] IPUIPlugin:80 - create IPUIPlugin
2026-04-21 15:33:19,598 [INFO] PluginManager:220 - loadIPPluginJar : add lorawan
2026-04-21 15:33:19,656 [INFO] IPUIPlugin:80 - create IPUIPlugin
2026-04-21 15:33:19,656 [INFO] PluginManager:220 - loadIPPluginJar : add ltdc
2026-04-21 15:33:19,675 [INFO] IPUIPlugin:80 - create IPUIPlugin
2026-04-21 15:33:19,676 [INFO] PluginManager:220 - loadIPPluginJar : add mdma
2026-04-21 15:33:19,697 [INFO] IPUIPlugin:80 - create IPUIPlugin
2026-04-21 15:33:19,698 [INFO] PluginManager:220 - loadIPPluginJar : add nvic
2026-04-21 15:33:19,763 [INFO] IPUIPlugin:80 - create IPUIPlugin
2026-04-21 15:33:19,763 [INFO] PluginManager:220 - loadIPPluginJar : add opamp
2026-04-21 15:33:19,863 [INFO] IPUIPlugin:80 - create IPUIPlugin
2026-04-21 15:33:19,863 [INFO] PluginManager:220 - loadIPPluginJar : add openamp
2026-04-21 15:33:19,940 [INFO] IPUIPlugin:80 - create IPUIPlugin
2026-04-21 15:33:19,940 [INFO] PluginManager:220 - loadIPPluginJar : add pdm2pcm
2026-04-21 15:33:19,967 [INFO] IPUIPlugin:80 - create IPUIPlugin
2026-04-21 15:33:19,972 [INFO] PluginManager:220 - loadIPPluginJar : add plateformsettings
2026-04-21 15:33:20,008 [INFO] IPUIPlugin:80 - create IPUIPlugin
2026-04-21 15:33:20,009 [INFO] PluginManager:220 - loadIPPluginJar : add quadspi
2026-04-21 15:33:20,067 [INFO] IPUIPlugin:80 - create IPUIPlugin
2026-04-21 15:33:20,068 [INFO] PluginManager:220 - loadIPPluginJar : add radio
2026-04-21 15:33:20,099 [INFO] IPUIPlugin:80 - create IPUIPlugin
2026-04-21 15:33:20,099 [INFO] PluginManager:220 - loadIPPluginJar : add resmgrutility
2026-04-21 15:33:20,196 [INFO] IPUIPlugin:80 - create IPUIPlugin
2026-04-21 15:33:20,196 [INFO] PluginManager:220 - loadIPPluginJar : add sai
2026-04-21 15:33:20,275 [INFO] IPUIPlugin:80 - create IPUIPlugin
2026-04-21 15:33:20,275 [INFO] PluginManager:220 - loadIPPluginJar : add spi
2026-04-21 15:33:20,415 [INFO] IPUIPlugin:80 - create IPUIPlugin
2026-04-21 15:33:20,415 [INFO] PluginManager:220 - loadIPPluginJar : add stm32_wpan
2026-04-21 15:33:20,454 [INFO] IPUIPlugin:80 - create IPUIPlugin
2026-04-21 15:33:20,455 [INFO] PluginManager:220 - loadIPPluginJar : add tim
2026-04-21 15:33:20,561 [INFO] IPUIPlugin:80 - create IPUIPlugin
2026-04-21 15:33:20,561 [INFO] PluginManager:220 - loadIPPluginJar : add touchsensing
2026-04-21 15:33:20,611 [INFO] IPUIPlugin:80 - create IPUIPlugin
2026-04-21 15:33:20,613 [INFO] PluginManager:220 - loadIPPluginJar : add tracer_emb
2026-04-21 15:33:20,658 [INFO] IPUIPlugin:80 - create IPUIPlugin
2026-04-21 15:33:20,658 [INFO] PluginManager:220 - loadIPPluginJar : add ts
2026-04-21 15:33:20,709 [INFO] IPUIPlugin:80 - create IPUIPlugin
2026-04-21 15:33:20,710 [INFO] PluginManager:220 - loadIPPluginJar : add tsc
2026-04-21 15:33:20,761 [INFO] IPUIPlugin:80 - create IPUIPlugin
2026-04-21 15:33:20,761 [INFO] PluginManager:220 - loadIPPluginJar : add ucpd
2026-04-21 15:33:20,838 [INFO] IPUIPlugin:80 - create IPUIPlugin
2026-04-21 15:33:20,838 [INFO] PluginManager:220 - loadIPPluginJar : add usart
2026-04-21 15:33:20,910 [INFO] IPUIPlugin:80 - create IPUIPlugin
2026-04-21 15:33:20,911 [INFO] PluginManager:220 - loadIPPluginJar : add usbx
2026-04-21 15:33:21,072 [FATAL] Updater:351 - Updater called before beeing initialized
2026-04-21 15:33:21,118 [INFO] RulesReader:64 - Compatibility file has been processed (301 Rules)
2026-04-21 15:33:21,132 [INFO] RulesReader:64 - Compatibility file has been processed (301 Rules)
2026-04-21 15:33:21,150 [INFO] CADModel:165 - CPN selected for project level
2026-04-21 15:33:21,151 [INFO] CADModel:114 - Register for checkConnection events
2026-04-21 15:33:21,151 [FATAL] Updater:351 - Updater called before beeing initialized
2026-04-21 15:33:21,151 [ERROR] CADModel:125 - Updater not yet initialized, retry later 
2026-04-21 15:33:21,424 [FATAL] Updater:351 - Updater called before beeing initialized
2026-04-21 15:33:21,429 [INFO] CADModel:165 - CPN selected for project level
2026-04-21 15:33:21,429 [INFO] CADModel:114 - Register for checkConnection events
2026-04-21 15:33:21,430 [FATAL] Updater:351 - Updater called before beeing initialized
2026-04-21 15:33:21,430 [ERROR] CADModel:125 - Updater not yet initialized, retry later 
2026-04-21 15:33:21,446 [FATAL] Updater:351 - Updater called before beeing initialized
2026-04-21 15:33:21,638 [FATAL] Updater:351 - Updater called before beeing initialized
2026-04-21 15:33:21,660 [INFO] DbMcusAds:53 - JSON generation date=Fri Apr 10 14:49:02 IST 2026 (1775812742310)
2026-04-21 15:33:21,660 [FATAL] Updater:351 - Updater called before beeing initialized
2026-04-21 15:33:21,717 [WARN] DetailPanel:346 - Failed to get advertising image, set to default
2026-04-21 15:33:21,987 [FATAL] Updater:351 - Updater called before beeing initialized
2026-04-21 15:33:21,991 [FATAL] Updater:351 - Updater called before beeing initialized
2026-04-21 15:33:21,992 [FATAL] Updater:351 - Updater called before beeing initialized
2026-04-21 15:33:21,992 [WARN] DetailPanel:346 - Failed to get advertising image, set to default
2026-04-21 15:33:21,995 [FATAL] Updater:351 - Updater called before beeing initialized
2026-04-21 15:33:22,109 [ERROR] Updater:1198 - MainUpdater not yet initialized. External WinMGr cannot be set.
2026-04-21 15:33:22,125 [INFO] Updater:1134 - Updater Version found : 6.14.0
2026-04-21 15:33:22,163 [INFO] ApplicationProperties:184 - Using Application install path: C:\ST\STM32CubeIDE_1.18.0\STM32CubeIDE\plugins\com.st.stm32cube.common.mx_6.14.0.202502271554
2026-04-21 15:33:22,574 [INFO] ThirdPartyUpdaterWithRetryManager:70 - Updater plugin not ready yet. [3/15]
2026-04-21 15:33:23,765 [ERROR] LogOutputStream:75 - [STDERR_REDIRECT] Apr 21, 2026 3:33:23 PM java.util.prefs.WindowsPreferences <init>
2026-04-21 15:33:23,769 [ERROR] LogOutputStream:75 - [STDERR_REDIRECT] WARNING: Could not open/create prefs root node Software\JavaSoft\Prefs at root 0xffffffff80000002. Windows RegCreateKeyEx(...) returned error code 5.
2026-04-21 15:33:23,769 [ERROR] LogOutputStream:75 - [STDERR_REDIRECT] 
2026-04-21 15:33:24,333 [INFO] MainUpdater:2872 - connection check result : 10
2026-04-21 15:33:24,335 [INFO] MainUpdater:3566 - Updater definition file requires update
2026-04-21 15:33:24,337 [INFO] MainUpdater:289 - Updater Check For Update Now.
2026-04-21 15:33:24,338 [INFO] MicroXplorer:498 - Change Database Version : DB.6.0.140
2026-04-21 15:33:24,369 [INFO] McuFinderGlobals:63 - Set McuFinder mode to 2 (CubeIDE integrated)
2026-04-21 15:33:24,383 [INFO] UserAuth:486 - Internet connection configuration mode: 1
2026-04-21 15:33:24,386 [INFO] ServerAccessManage:473 - Download File updaters.zip
2026-04-21 15:33:24,458 [INFO] JxBrowserEngine:152 - Initiate JxBrowser Engine with user profile folder
2026-04-21 15:33:24,497 [INFO] FileExtend:242 - Unzip File : updaters.zip
2026-04-21 15:33:24,497 [INFO] FileExtend:257 - Standard Zip Deflate
2026-04-21 15:33:25,580 [WARN] MainUpdater:1193 - Updater busy. Cannot search thirdparties
2026-04-21 15:33:25,581 [INFO] ThirdPartyUpdaterWithRetryManager:96 - Updater plugin is busy. [1/15]
2026-04-21 15:33:26,458 [INFO] ServerAccessManage:473 - Download File PacksControlFlags.xml
2026-04-21 15:33:26,581 [INFO] ServerAccessManage:473 - Download File cubemx.pidx
2026-04-21 15:33:28,584 [WARN] MainUpdater:1193 - Updater busy. Cannot search thirdparties
2026-04-21 15:33:28,584 [INFO] ThirdPartyUpdaterWithRetryManager:96 - Updater plugin is busy. [2/15]
2026-04-21 15:33:28,975 [INFO] WebApp:169 - Instantiating new browser for Auth
2026-04-21 15:33:29,069 [INFO] ServerAccessManage:473 - Download File STMicroelectronics.X-CUBE-ST67W61.pdsc
2026-04-21 15:33:31,448 [WARN] PopulateThirdPartyThread:106 - Error when creating pack: C:/Users/91762/.stm32cubemx/thirdparties/pdsc/STMicroelectronics.X-CUBE-ST67W61.pdsc
2026-04-21 15:33:31,448 [INFO] PopulateThirdPartyThread:66 - Ending populate Thread
2026-04-21 15:33:31,449 [INFO] LoadServerUpdatesThread:375 - End of LoadServerUpdate Thread
2026-04-21 15:33:31,585 [WARN] MainUpdater:1193 - Updater busy. Cannot search thirdparties
2026-04-21 15:33:31,585 [INFO] ThirdPartyUpdaterWithRetryManager:96 - Updater plugin is busy. [3/15]
2026-04-21 15:33:31,750 [INFO] WebApp:463 - Apply proxy settings
2026-04-21 15:33:31,751 [INFO] WebApp:548 - Chromium requires no authentication
2026-04-21 15:33:31,752 [INFO] CheckServerUpdateThread:120 - End of CheckServer Thread
2026-04-21 15:33:31,781 [INFO] WebApp:491 - Direct internet connection detected
2026-04-21 15:33:31,860 [INFO] WebApp:894 - Register for checkConnection events
2026-04-21 15:33:31,861 [INFO] WebApp:463 - Apply proxy settings
2026-04-21 15:33:31,862 [INFO] WebApp:548 - Chromium requires no authentication
2026-04-21 15:33:31,864 [INFO] WebApp:491 - Direct internet connection detected
2026-04-21 15:33:32,282 [INFO] WebApp:191 - Connection restablished
2026-04-21 15:33:32,392 [INFO] WebApp:225 - Starting web application
2026-04-21 15:33:32,392 [INFO] WebApp:593 - Web application path used C:\ST\STM32CubeIDE_1.18.0\STM32CubeIDE\plugins\com.st.stm32cube.common.mx_6.14.0.202502271554\db\plugins\mcufinder\reactClient1\index.html
2026-04-21 15:33:33,917 [INFO] UserAuth:486 - Internet connection configuration mode: 1
2026-04-21 15:33:35,033 [WARN] PackLoader:240 - Cannot read IP mode file for STMicroelectronics.X-CUBE-AZRTOS-H7.3.5.0
2026-04-21 15:33:35,059 [WARN] PackLoader:240 - Cannot read IP mode file for STMicroelectronics.FP-ATR-ASTRA1.2.0.2
2026-04-21 15:33:35,103 [WARN] PackLoader:240 - Cannot read IP mode file for STMicroelectronics.X-CUBE-SMBUS.2.1.0
2026-04-21 15:33:35,158 [WARN] PackLoader:240 - Cannot read IP mode file for STMicroelectronics.X-CUBE-AZRTOS-F7.1.1.0
2026-04-21 15:33:35,201 [ERROR] Engine:466 - C:\Users\91762\.stm32cubemx\thirdparties\pdsc\STMicroelectronics.FP-SNS-MOTENV1.5.1.0.pdsc: PDSC version is not supported
2026-04-21 15:33:35,226 [ERROR] Engine:466 - C:\Users\91762\.stm32cubemx\thirdparties\pdsc\WES.I-CUBE-Cesium.1.4.0.pdsc: PDSC version is not supported
2026-04-21 15:33:35,253 [WARN] PackLoader:240 - Cannot read IP mode file for STMicroelectronics.X-CUBE-DISPLAY.3.0.0
2026-04-21 15:33:35,267 [ERROR] Engine:466 - C:\Users\91762\.stm32cubemx\thirdparties\pdsc\STMicroelectronics.FP-SNS-MOTENVWB1.1.5.0.pdsc: PDSC version is not supported
2026-04-21 15:33:35,297 [WARN] PackLoader:240 - Cannot read IP mode file for STMicroelectronics.X-CUBE-NFC10.1.0.0
2026-04-21 15:33:35,322 [WARN] PackLoader:240 - Cannot read IP mode file for STMicroelectronics.X-CUBE-ST60.1.1.0
2026-04-21 15:33:35,353 [WARN] PackLoader:240 - Cannot read IP mode file for emotas.I-CUBE-CANOPEN.1.3.0
2026-04-21 15:33:35,371 [WARN] PackLoader:240 - Cannot read IP mode file for STMicroelectronics.X-CUBE-GNSS1.7.1.0
2026-04-21 15:33:35,394 [ERROR] Engine:466 - C:\Users\91762\.stm32cubemx\thirdparties\pdsc\STMicroelectronics.FP-SNS-STBOX1.2.1.0.pdsc: PDSC version is not supported
2026-04-21 15:33:35,413 [WARN] PackLoader:240 - Cannot read IP mode file for STMicroelectronics.FP-SNS-SMARTAG2.1.2.0
2026-04-21 15:33:35,429 [WARN] PackLoader:240 - Cannot read IP mode file for STMicroelectronics.FP-SNS-FLIGHT1.5.1.0
2026-04-21 15:33:35,455 [INFO] LogOutputStream:77 - [STDOUT_REDIRECT] 1 : Invalid condition id : UX_CORESTACK_Condition cause : null
2026-04-21 15:33:35,458 [INFO] LogOutputStream:77 - [STDOUT_REDIRECT] 1 : Invalid condition id : UX_CORESTACK_Condition cause : null
2026-04-21 15:33:35,460 [INFO] LogOutputStream:77 - [STDOUT_REDIRECT] 1 : Invalid condition id : UX_CORESTACK_Condition cause : null
2026-04-21 15:33:35,462 [INFO] LogOutputStream:77 - [STDOUT_REDIRECT] 1 : Invalid condition id : UX_CORESTACK_Condition cause : null
2026-04-21 15:33:35,463 [INFO] LogOutputStream:77 - [STDOUT_REDIRECT] 1 : Invalid condition id : UX_CORESTACK_Condition cause : null
2026-04-21 15:33:35,468 [WARN] PackLoader:240 - Cannot read IP mode file for STMicroelectronics.X-CUBE-AZRTOS-WL.2.0.0
2026-04-21 15:33:35,542 [WARN] PackLoader:240 - Cannot read IP mode file for STMicroelectronics.X-CUBE-AZRTOS-H7RS.1.2.0
2026-04-21 15:33:35,588 [WARN] PackLoader:240 - Cannot read IP mode file for STMicroelectronics.X-CUBE-BLE2.3.3.0
2026-04-21 15:33:35,695 [WARN] PackLoader:240 - Cannot read IP mode file for Infineon.AIROC-Wi-Fi-Bluetooth-STM32.1.8.0
2026-04-21 15:33:35,730 [WARN] PackLoader:240 - Cannot read IP mode file for STMicroelectronics.X-CUBE-NFC9.1.0.0
2026-04-21 15:33:35,756 [WARN] PackLoader:240 - Cannot read IP mode file for STMicroelectronics.X-CUBE-BLE1.7.1.0
2026-04-21 15:33:35,769 [WARN] PackLoader:240 - Cannot read IP mode file for wolfSSL.I-CUBE-wolfMQTT.1.19.2
2026-04-21 15:33:35,808 [WARN] PackLoader:240 - Cannot read IP mode file for STMicroelectronics.X-CUBE-EEPRMA1.5.2.0
2026-04-21 15:33:35,842 [WARN] PackLoader:240 - Cannot read IP mode file for wolfSSL.I-CUBE-wolfSSL.5.8.4
2026-04-21 15:33:35,851 [WARN] PackLoader:240 - Cannot read IP mode file for Cesanta.I-CUBE-Mongoose.7.20.0
2026-04-21 15:33:35,921 [WARN] PackLoader:240 - Cannot read IP mode file for STMicroelectronics.X-CUBE-MEMS1.12.0.0
2026-04-21 15:33:36,071 [WARN] PackLoader:240 - Cannot read IP mode file for STMicroelectronics.X-CUBE-AZRTOS-G0.1.1.0
2026-04-21 15:33:36,103 [WARN] PackLoader:240 - Cannot read IP mode file for STMicroelectronics.X-CUBE-NFC4.3.0.0
2026-04-21 15:33:36,139 [WARN] PackLoader:240 - Cannot read IP mode file for EmbeddedOffice.I-CUBE-FS-RTOS.1.0.1
2026-04-21 15:33:36,159 [WARN] PackLoader:240 - Cannot read IP mode file for wolfSSL.I-CUBE-wolfTPM.3.8.0
2026-04-21 15:33:36,186 [WARN] PackLoader:240 - Cannot read IP mode file for STMicroelectronics.X-CUBE-TCPP.4.2.0
2026-04-21 15:33:36,229 [WARN] PackLoader:240 - Cannot read IP mode file for RealThread.X-CUBE-RT-Thread_Nano.4.1.1
2026-04-21 15:33:36,245 [WARN] PackLoader:240 - Cannot read IP mode file for STMicroelectronics.FP-ATR-SIGFOX1.3.2.0
2026-04-21 15:33:36,283 [ERROR] Engine:466 - C:\Users\91762\.stm32cubemx\thirdparties\pdsc\STMicroelectronics.X-CUBE-FREERTOS.1.5.0.pdsc: PDSC version is not supported
2026-04-21 15:33:36,322 [WARN] PackLoader:240 - Cannot read IP mode file for ITTIA_DB.I-CUBE-ITTIADB.8.9.0
2026-04-21 15:33:36,361 [WARN] PackLoader:240 - Cannot read IP mode file for STMicroelectronics.X-CUBE-NFC6.3.2.0
2026-04-21 15:33:36,399 [WARN] PackLoader:240 - Cannot read IP mode file for STMicroelectronics.X-CUBE-AI.10.2.0
2026-04-21 15:33:36,449 [WARN] PackLoader:240 - Cannot read IP mode file for SEGGER.I-CUBE-embOS.1.3.1
2026-04-21 15:33:36,512 [WARN] PackLoader:240 - Cannot read IP mode file for STMicroelectronics.X-CUBE-ALGOBUILD.1.4.0
2026-04-21 15:33:36,542 [WARN] PackLoader:240 - Cannot read IP mode file for STMicroelectronics.X-CUBE-PM33A1.1.0.0
2026-04-21 15:33:36,586 [WARN] PackLoader:240 - Cannot read IP mode file for STMicroelectronics.X-CUBE-AZRTOS-F4.1.1.0
2026-04-21 15:33:36,617 [WARN] PackLoader:240 - Cannot read IP mode file for STMicroelectronics.X-CUBE-ISPU.2.1.0
2026-04-21 15:33:36,649 [ERROR] Engine:466 - C:\Users\91762\.stm32cubemx\thirdparties\pdsc\STMicroelectronics.X-CUBE-IPS.3.2.0.pdsc: PDSC version is not supported
2026-04-21 15:33:36,659 [WARN] PackLoader:240 - Cannot read IP mode file for STMicroelectronics.eDS-WB_DPC_TT-BIDIR.2.1.1
2026-04-21 15:33:36,697 [WARN] PackLoader:240 - Cannot read IP mode file for STMicroelectronics.X-CUBE-NFC12.1.0.0
2026-04-21 15:33:36,761 [WARN] PackLoader:240 - Cannot read IP mode file for STMicroelectronics.X-CUBE-AZRTOS-L5.2.0.0
2026-04-21 15:33:36,780 [WARN] PackLoader:240 - Cannot read IP mode file for STMicroelectronics.eDS-WB_DPC_VIENNA.1.2.0
2026-04-21 15:33:36,796 [WARN] PackLoader:240 - Cannot read IP mode file for STMicroelectronics.eDS-WB_DPC_3PH2L-BIDIR.1.1.1
2026-04-21 15:33:36,800 [ERROR] Engine:466 - C:\Users\91762\.stm32cubemx\thirdparties\pdsc\STMicroelectronics.X-CUBE-ST67W61.1.3.0.pdsc: PDSC version is not supported
2026-04-21 15:33:36,832 [WARN] PackLoader:240 - Cannot read IP mode file for STMicroelectronics.X-CUBE-TOUCHGFX.4.26.1
2026-04-21 15:33:36,863 [WARN] PackLoader:240 - Cannot read IP mode file for STMicroelectronics.FP-SNS-STAIOTCFT.1.0.0
2026-04-21 15:33:36,893 [WARN] PackLoader:240 - Cannot read IP mode file for STMicroelectronics.X-CUBE-DPower.1.3.0
2026-04-21 15:33:36,943 [WARN] ConditionMgr:438 - getConditionDescription Invalid condition id : LAN8742 Phy interface Condition cause : null
2026-04-21 15:33:36,946 [WARN] PackLoader:240 - Cannot read IP mode file for STMicroelectronics.X-CUBE-AZRTOS-L4.2.0.0
2026-04-21 15:33:36,948 [WARN] ConditionMgr:1044 - genDependencies : Invalid condition id : LAN8742 Phy interface Condition cause : null
2026-04-21 15:33:36,948 [WARN] ConditionMgr:1044 - genDependencies : Invalid condition id : LAN8742 Phy interface Condition cause : null
2026-04-21 15:33:36,949 [WARN] ConditionMgr:1044 - genDependencies : Invalid condition id : LAN8742 Phy interface Condition cause : null
2026-04-21 15:33:36,996 [WARN] PackLoader:240 - Cannot read IP mode file for STMicroelectronics.X-CUBE-SFXS2LP1.4.0.0
2026-04-21 15:33:37,028 [WARN] PackLoader:240 - Cannot read IP mode file for STMicroelectronics.X-CUBE-WB05N.2.1.0
2026-04-21 15:33:37,060 [ERROR] Engine:466 - C:\Users\91762\.stm32cubemx\thirdparties\pdsc\STMicroelectronics.X-CUBE-ST67W61.1.2.0.pdsc: PDSC version is not supported
2026-04-21 15:33:37,091 [WARN] PackLoader:240 - Cannot read IP mode file for STMicroelectronics.X-CUBE-BLEMGR.4.1.0
2026-04-21 15:33:37,134 [WARN] ConditionMgr:438 - getConditionDescription Invalid condition id : UX DEVICE CLASS RTOS Condition cause : null
2026-04-21 15:33:37,135 [WARN] ConditionMgr:438 - getConditionDescription Invalid condition id : UX DEVICE CLASS RTOS Condition cause : null
2026-04-21 15:33:37,140 [WARN] PackLoader:240 - Cannot read IP mode file for STMicroelectronics.X-CUBE-AZRTOS-WB.2.0.0
2026-04-21 15:33:37,141 [WARN] ConditionMgr:1044 - genDependencies : Invalid condition id : UX DEVICE CLASS RTOS Condition cause : null
2026-04-21 15:33:37,141 [WARN] ConditionMgr:1044 - genDependencies : Invalid condition id : UX DEVICE CLASS RTOS Condition cause : null
2026-04-21 15:33:37,142 [WARN] ConditionMgr:1044 - genDependencies : Invalid condition id : UX DEVICE CLASS RTOS Condition cause : null
2026-04-21 15:33:37,142 [WARN] ConditionMgr:1044 - genDependencies : Invalid condition id : UX DEVICE CLASS RTOS Condition cause : null
2026-04-21 15:33:37,142 [WARN] ConditionMgr:1044 - genDependencies : Invalid condition id : UX DEVICE CLASS RTOS Condition cause : null
2026-04-21 15:33:37,151 [WARN] ConditionMgr:438 - getConditionDescription Invalid condition id : Cortex-A Device cause : null
2026-04-21 15:33:37,187 [WARN] ConditionMgr:1044 - genDependencies : Invalid condition id : Cortex-A Device cause : null
2026-04-21 15:33:37,188 [WARN] ConditionMgr:1044 - genDependencies : Invalid condition id : Cortex-A Device cause : null
2026-04-21 15:33:37,189 [WARN] ConditionMgr:1044 - genDependencies : Invalid condition id : Cortex-A Device cause : null
2026-04-21 15:33:37,224 [WARN] PackLoader:240 - Cannot read IP mode file for STMicroelectronics.X-CUBE-STSE01.2.0.0
2026-04-21 15:33:37,276 [WARN] PackLoader:240 - Cannot read IP mode file for STMicroelectronics.X-CUBE-SUBG2.5.0.0
2026-04-21 15:33:37,340 [WARN] PackLoader:240 - Cannot read IP mode file for STMicroelectronics.X-CUBE-AZRTOS-G4.2.0.0
2026-04-21 15:33:37,353 [WARN] PackLoader:240 - Cannot read IP mode file for wolfSSL.I-CUBE-wolfSSH.1.4.20
2026-04-21 15:33:37,386 [WARN] PackLoader:240 - Cannot read IP mode file for STMicroelectronics.X-CUBE-NFC7.2.0.0
2026-04-21 15:33:37,412 [WARN] PackLoader:240 - Cannot read IP mode file for STMicroelectronics.X-CUBE-ALS.1.0.2
2026-04-21 15:33:37,459 [WARN] PackLoader:240 - Cannot read IP mode file for STMicroelectronics.X-CUBE-TOF1.3.4.3
2026-04-21 15:33:37,470 [INFO] ThirdParty:978 - Integrity check success = true
2026-04-21 15:33:37,471 [INFO] IntegrityCheckThread:100 - exiting critical section [integrity check]
2026-04-21 15:33:37,471 [INFO] IntegrityCheckThread:103 - End integrity checks thread
2026-04-21 16:29:33,850 [INFO] WebApp:194 - Connection lost
2026-04-21 16:29:35,544 [INFO] WebApp:191 - Connection restablished
2026-04-21 16:34:55,902 [INFO] WebApp:194 - Connection lost
2026-04-21 16:35:20,441 [INFO] WebApp:191 - Connection restablished
2026-04-21 17:35:05,632 [INFO] WebApp:194 - Connection lost
2026-04-21 17:35:05,937 [INFO] WebApp:191 - Connection restablished
2026-04-21 18:03:18,280 [ERROR] LogOutputStream:75 - [STDERR_REDIRECT] 
2026-04-21 18:03:18,308 [ERROR] LogOutputStream:75 - [STDERR_REDIRECT] 
