2026-04-24 06:54:06,552 [INFO] Activator:176 - 


2026-04-24 06:54:06,558 [INFO] Activator:177 - !SESSION log4j initialized
2026-04-24 06:54:12,018 [INFO] LogOutputStream:77 - [STDOUT_REDIRECT] 
2026-04-24 06:54:14,070 [INFO] ApplicationProperties:184 - Using Application install path: C:\ST\STM32CubeIDE_1.18.0\STM32CubeIDE\plugins\com.st.stm32cube.common.mx_6.14.0.202502271554
2026-04-24 06:54:14,089 [INFO] DbMcusXml:78 - Set database path to: C:\ST\STM32CubeIDE_1.18.0\STM32CubeIDE\plugins\com.st.stm32cube.common.mx_6.14.0.202502271554\\db\/mcu/
2026-04-24 06:54:14,089 [INFO] ApiDb:274 - Set plugin database path to: C:\ST\STM32CubeIDE_1.18.0\STM32CubeIDE\plugins\com.st.stm32cube.common.mx_6.14.0.202502271554\\db\/plugins/boardmanager/
2026-04-24 06:54:14,089 [WARN] ApiDb:259 - Overriding images path with different value:  => C:\ST\STM32CubeIDE_1.18.0\STM32CubeIDE\plugins\com.st.stm32cube.common.mx_6.14.0.202502271554\\db\/plugins/mcufinder/images/
2026-04-24 06:54:14,098 [INFO] ApiDb:250 - Set database path to: C:\Users\91762\.stmcufinder\plugins\mcufinder//mcu/
2026-04-24 06:54:14,098 [INFO] DbMcusAds:125 - Set database path to: C:\Users\91762\.stmcufinder\plugins\mcufinder//mcu/
2026-04-24 06:54:14,101 [INFO] CrossReferenceDbSqlite:203 - Set database path to: C:\Users\91762\.stmcufinder\plugins\mcufinder//mcu/cs/
2026-04-24 06:54:14,211 [INFO] RulesReader:64 - Compatibility file has been processed (301 Rules)
2026-04-24 06:54:14,279 [INFO] DbMcusXml:78 - Set database path to: C:\ST\STM32CubeIDE_1.18.0\STM32CubeIDE\plugins\com.st.stm32cube.common.mx_6.14.0.202502271554\\db\/mcu/
2026-04-24 06:54:14,280 [INFO] ApiDb:274 - Set plugin database path to: C:\ST\STM32CubeIDE_1.18.0\STM32CubeIDE\plugins\com.st.stm32cube.common.mx_6.14.0.202502271554\\db\/plugins/boardmanager/
2026-04-24 06:54:14,280 [INFO] ApiDb:261 - Set plugin images path to: C:\ST\STM32CubeIDE_1.18.0\STM32CubeIDE\plugins\com.st.stm32cube.common.mx_6.14.0.202502271554\\db\/plugins/mcufinder/images/
2026-04-24 06:54:14,280 [WARN] DbFile:41 - Overriding database path with different value: C:\Users\91762\.stmcufinder\plugins\mcufinder/ => C:\Users\91762\.stmcufinder\plugins\mcufinder
2026-04-24 06:54:14,280 [INFO] ApiDb:250 - Set database path to: C:\Users\91762\.stmcufinder\plugins\mcufinder//mcu/
2026-04-24 06:54:14,280 [WARN] DbFile:41 - Overriding database path with different value: C:\Users\91762\.stmcufinder\plugins\mcufinder/ => C:\Users\91762\.stmcufinder\plugins\mcufinder
2026-04-24 06:54:14,280 [INFO] DbMcusAds:125 - Set database path to: C:\Users\91762\.stmcufinder\plugins\mcufinder//mcu/
2026-04-24 06:54:14,280 [WARN] DbFile:41 - Overriding database path with different value: C:\Users\91762\.stmcufinder\plugins\mcufinder/ => C:\Users\91762\.stmcufinder\plugins\mcufinder
2026-04-24 06:54:14,280 [WARN] DbFile:41 - Overriding database path with different value: C:\Users\91762\.stmcufinder\plugins\mcufinder/ => C:\Users\91762\.stmcufinder\plugins\mcufinder
2026-04-24 06:54:14,280 [INFO] CrossReferenceDbSqlite:203 - Set database path to: C:\Users\91762\.stmcufinder\plugins\mcufinder//mcu/cs/
2026-04-24 06:54:14,347 [INFO] MainPanel:272 - HeapMemory: 268435456
2026-04-24 06:54:14,446 [INFO] DbMcusXml:78 - Set database path to: C:\ST\STM32CubeIDE_1.18.0\STM32CubeIDE\plugins\com.st.stm32cube.common.mx_6.14.0.202502271554\\db\/mcu/
2026-04-24 06:54:14,446 [INFO] ApiDb:274 - Set plugin database path to: C:\ST\STM32CubeIDE_1.18.0\STM32CubeIDE\plugins\com.st.stm32cube.common.mx_6.14.0.202502271554\\db\/plugins/boardmanager/
2026-04-24 06:54:14,447 [INFO] ApiDb:261 - Set plugin images path to: C:\ST\STM32CubeIDE_1.18.0\STM32CubeIDE\plugins\com.st.stm32cube.common.mx_6.14.0.202502271554\\db\/plugins/mcufinder/images/
2026-04-24 06:54:14,447 [WARN] DbFile:41 - Overriding database path with different value: C:\Users\91762\.stmcufinder\plugins\mcufinder/ => C:\Users\91762\.stmcufinder\plugins\mcufinder
2026-04-24 06:54:14,447 [INFO] ApiDb:250 - Set database path to: C:\Users\91762\.stmcufinder\plugins\mcufinder//mcu/
2026-04-24 06:54:14,447 [WARN] DbFile:41 - Overriding database path with different value: C:\Users\91762\.stmcufinder\plugins\mcufinder/ => C:\Users\91762\.stmcufinder\plugins\mcufinder
2026-04-24 06:54:14,447 [INFO] DbMcusAds:125 - Set database path to: C:\Users\91762\.stmcufinder\plugins\mcufinder//mcu/
2026-04-24 06:54:14,447 [WARN] DbFile:41 - Overriding database path with different value: C:\Users\91762\.stmcufinder\plugins\mcufinder/ => C:\Users\91762\.stmcufinder\plugins\mcufinder
2026-04-24 06:54:14,447 [WARN] DbFile:41 - Overriding database path with different value: C:\Users\91762\.stmcufinder\plugins\mcufinder/ => C:\Users\91762\.stmcufinder\plugins\mcufinder
2026-04-24 06:54:14,448 [INFO] CrossReferenceDbSqlite:203 - Set database path to: C:\Users\91762\.stmcufinder\plugins\mcufinder//mcu/cs/
2026-04-24 06:54:14,466 [INFO] ApplicationProperties:184 - Using Application install path: C:\ST\STM32CubeIDE_1.18.0\STM32CubeIDE\plugins\com.st.stm32cube.common.mx_6.14.0.202502271554
2026-04-24 06:54:14,468 [INFO] PluginManage:196 - Search for loadable plugins [exclusion list=, ]
2026-04-24 06:54:14,470 [INFO] PluginManage:310 - Check plugin analytics
2026-04-24 06:54:14,636 [INFO] AnalyticsPlugin:253 - Accepted Software Licenses: 
2026-04-24 06:54:14,637 [INFO] AnalyticsPlugin:255 - Accepted CMSIS Pack Licenses: 
2026-04-24 06:54:14,637 [INFO] AnalyticsPlugin:257 - Accepted Firmware Licenses: FW.F4.1.28.0
2026-04-24 06:54:14,640 [INFO] PluginManage:359 - Loaded plugin analytics (category:tool,tabindex:-1)
2026-04-24 06:54:14,641 [INFO] PluginManage:310 - Check plugin cadmodel
2026-04-24 06:54:14,655 [INFO] CADModel:105 - Init CAD model plugin
2026-04-24 06:54:14,655 [INFO] PluginManage:359 - Loaded plugin cadmodel (category:power,tabindex:5)
2026-04-24 06:54:14,655 [INFO] PluginManage:310 - Check plugin clock
2026-04-24 06:54:14,673 [INFO] PluginManage:359 - Loaded plugin clock (category:base,tabindex:2)
2026-04-24 06:54:14,673 [INFO] PluginManage:310 - Check plugin ddr
2026-04-24 06:54:14,675 [INFO] PluginManage:359 - Loaded plugin ddr (category:tool,tabindex:6)
2026-04-24 06:54:14,675 [INFO] PluginManage:310 - Check plugin filemanager
2026-04-24 06:54:14,792 [INFO] PluginManage:359 - Loaded plugin filemanager (category:base,tabindex:10)
2026-04-24 06:54:14,792 [INFO] PluginManage:310 - Check plugin ipmanager
2026-04-24 06:54:14,799 [INFO] PluginManage:359 - Loaded plugin ipmanager (category:base,tabindex:5)
2026-04-24 06:54:14,799 [INFO] PluginManage:310 - Check plugin lpbam
2026-04-24 06:54:14,815 [INFO] PluginManage:359 - Loaded plugin lpbam (category:base,tabindex:0)
2026-04-24 06:54:14,815 [INFO] PluginManage:310 - Check plugin memorymap
2026-04-24 06:54:14,837 [INFO] PluginManage:359 - Loaded plugin memorymap (category:base,tabindex:4)
2026-04-24 06:54:14,837 [INFO] PluginManage:310 - Check plugin pinoutandconfiguration
2026-04-24 06:54:14,852 [INFO] PluginManage:359 - Loaded plugin pinoutandconfiguration (category:base,tabindex:1)
2026-04-24 06:54:14,852 [INFO] PluginManage:310 - Check plugin pinoutconfig
2026-04-24 06:54:14,941 [WARN] SupportedApi:132 - Cannot load RTOS API schema: s4s-elt-must-match.1: The content of 'definitions' must match (annotation?, (simpleType | complexType)?, (unique | key | keyref)*)). A problem was found starting at: attribute.
2026-04-24 06:54:15,052 [INFO] PluginManage:359 - Loaded plugin pinoutconfig (category:base,tabindex:0)
2026-04-24 06:54:15,053 [INFO] PluginManage:310 - Check plugin power
2026-04-24 06:54:15,070 [INFO] PluginManage:359 - Loaded plugin power (category:power,tabindex:4)
2026-04-24 06:54:15,070 [INFO] PluginManage:310 - Check plugin projectmanager
2026-04-24 06:54:15,082 [INFO] PluginManage:359 - Loaded plugin projectmanager (category:projectmanager,tabindex:4)
2026-04-24 06:54:15,082 [INFO] PluginManage:310 - Check plugin rif
2026-04-24 06:54:15,097 [INFO] PluginManage:359 - Loaded plugin rif (category:base,tabindex:3)
2026-04-24 06:54:15,097 [INFO] PluginManage:310 - Check plugin thirdparty
2026-04-24 06:54:15,406 [INFO] PluginManage:359 - Loaded plugin thirdparty (category:base,tabindex:-1)
2026-04-24 06:54:15,406 [WARN] IntegrityCheckThread:84 - waiting for thirdparty lock release [integrity check]
2026-04-24 06:54:15,406 [INFO] PluginManage:310 - Check plugin tools
2026-04-24 06:54:15,406 [INFO] IntegrityCheckThread:86 - entering critical section [integrity check]
2026-04-24 06:54:15,406 [INFO] ThirdPartyUpdaterWithRetryManager:70 - Updater plugin not ready yet. [1/15]
2026-04-24 06:54:15,441 [INFO] PluginManage:359 - Loaded plugin tools (category:base,tabindex:7)
2026-04-24 06:54:15,442 [INFO] PluginManage:310 - Check plugin tutovideos
2026-04-24 06:54:15,664 [INFO] PluginManage:359 - Loaded plugin tutovideos (category:base,tabindex:-1)
2026-04-24 06:54:15,665 [INFO] PluginManage:310 - Check plugin updater
2026-04-24 06:54:15,688 [INFO] PluginManage:359 - Loaded plugin updater (category:base,tabindex:12)
2026-04-24 06:54:15,688 [INFO] PluginManage:310 - Check plugin userauth
2026-04-24 06:54:15,694 [INFO] UserAuth:118 - Init User Auth plugin
2026-04-24 06:54:15,696 [INFO] PluginManage:359 - Loaded plugin userauth (category:base,tabindex:14)
2026-04-24 06:54:15,696 [INFO] PluginManage:283 - PluginManage : Loaded plugins [18]
2026-04-24 06:54:15,905 [INFO] PinOutPanel:1589 - setPackage(No Configuration,No Configuration)
2026-04-24 06:54:15,984 [INFO] CADModel:165 - CPN selected for project level
2026-04-24 06:54:15,984 [INFO] CADModel:114 - Register for checkConnection events
2026-04-24 06:54:16,010 [INFO] IPUIPlugin:80 - create IPUIPlugin
2026-04-24 06:54:16,010 [INFO] PluginManager:220 - loadIPPluginJar : add adc
2026-04-24 06:54:16,048 [INFO] IPUIPlugin:80 - create IPUIPlugin
2026-04-24 06:54:16,048 [INFO] PluginManager:220 - loadIPPluginJar : add aes
2026-04-24 06:54:16,085 [INFO] IPUIPlugin:80 - create IPUIPlugin
2026-04-24 06:54:16,086 [INFO] PluginManager:220 - loadIPPluginJar : add can
2026-04-24 06:54:16,110 [INFO] IPUIPlugin:80 - create IPUIPlugin
2026-04-24 06:54:16,110 [INFO] PluginManager:220 - loadIPPluginJar : add comp
2026-04-24 06:54:16,141 [INFO] IPUIPlugin:80 - create IPUIPlugin
2026-04-24 06:54:16,142 [INFO] PluginManager:220 - loadIPPluginJar : add cryp
2026-04-24 06:54:16,154 [INFO] IPUIPlugin:80 - create IPUIPlugin
2026-04-24 06:54:16,155 [INFO] PluginManager:220 - loadIPPluginJar : add ddr_ctrl_phy
2026-04-24 06:54:16,184 [INFO] IPUIPlugin:80 - create IPUIPlugin
2026-04-24 06:54:16,184 [INFO] PluginManager:220 - loadIPPluginJar : add dfsdm
2026-04-24 06:54:16,198 [INFO] IPUIPlugin:80 - create IPUIPlugin
2026-04-24 06:54:16,199 [INFO] PluginManager:220 - loadIPPluginJar : add dma
2026-04-24 06:54:16,237 [INFO] IPUIPlugin:80 - create IPUIPlugin
2026-04-24 06:54:16,237 [INFO] PluginManager:220 - loadIPPluginJar : add dma3
2026-04-24 06:54:16,279 [INFO] IPUIPlugin:80 - create IPUIPlugin
2026-04-24 06:54:16,279 [INFO] PluginManager:220 - loadIPPluginJar : add extmemmanager
2026-04-24 06:54:16,302 [INFO] IPUIPlugin:80 - create IPUIPlugin
2026-04-24 06:54:16,302 [INFO] PluginManager:220 - loadIPPluginJar : add fatfs
2026-04-24 06:54:16,345 [INFO] IPUIPlugin:80 - create IPUIPlugin
2026-04-24 06:54:16,345 [INFO] PluginManager:220 - loadIPPluginJar : add fmc
2026-04-24 06:54:16,359 [INFO] IPUIPlugin:80 - create IPUIPlugin
2026-04-24 06:54:16,359 [INFO] PluginManager:220 - loadIPPluginJar : add freertos
2026-04-24 06:54:16,377 [INFO] IPUIPlugin:80 - create IPUIPlugin
2026-04-24 06:54:16,377 [INFO] PluginManager:220 - loadIPPluginJar : add genericplugin
2026-04-24 06:54:16,457 [INFO] IPUIPlugin:80 - create IPUIPlugin
2026-04-24 06:54:16,457 [INFO] PluginManager:220 - loadIPPluginJar : add gfxmmu
2026-04-24 06:54:16,563 [INFO] IPUIPlugin:80 - create IPUIPlugin
2026-04-24 06:54:16,563 [INFO] PluginManager:220 - loadIPPluginJar : add gic
2026-04-24 06:54:16,574 [INFO] IPUIPlugin:80 - create IPUIPlugin
2026-04-24 06:54:16,574 [INFO] PluginManager:220 - loadIPPluginJar : add gpio
2026-04-24 06:54:16,651 [INFO] IPUIPlugin:80 - create IPUIPlugin
2026-04-24 06:54:16,651 [INFO] PluginManager:220 - loadIPPluginJar : add gtzc
2026-04-24 06:54:16,680 [INFO] IPUIPlugin:80 - create IPUIPlugin
2026-04-24 06:54:16,680 [INFO] PluginManager:220 - loadIPPluginJar : add hash
2026-04-24 06:54:16,727 [INFO] IPUIPlugin:80 - create IPUIPlugin
2026-04-24 06:54:16,727 [INFO] PluginManager:220 - loadIPPluginJar : add i2c
2026-04-24 06:54:16,763 [INFO] IPUIPlugin:80 - create IPUIPlugin
2026-04-24 06:54:16,763 [INFO] PluginManager:220 - loadIPPluginJar : add i2s
2026-04-24 06:54:16,797 [INFO] IPUIPlugin:80 - create IPUIPlugin
2026-04-24 06:54:16,797 [INFO] PluginManager:220 - loadIPPluginJar : add i3c
2026-04-24 06:54:16,903 [INFO] IPUIPlugin:80 - create IPUIPlugin
2026-04-24 06:54:16,904 [INFO] PluginManager:220 - loadIPPluginJar : add ipddr
2026-04-24 06:54:17,023 [INFO] IPUIPlugin:80 - create IPUIPlugin
2026-04-24 06:54:17,023 [INFO] PluginManager:220 - loadIPPluginJar : add linkedlist
2026-04-24 06:54:17,065 [INFO] IPUIPlugin:80 - create IPUIPlugin
2026-04-24 06:54:17,065 [INFO] PluginManager:220 - loadIPPluginJar : add lorawan
2026-04-24 06:54:17,100 [INFO] IPUIPlugin:80 - create IPUIPlugin
2026-04-24 06:54:17,100 [INFO] PluginManager:220 - loadIPPluginJar : add ltdc
2026-04-24 06:54:17,114 [INFO] IPUIPlugin:80 - create IPUIPlugin
2026-04-24 06:54:17,114 [INFO] PluginManager:220 - loadIPPluginJar : add mdma
2026-04-24 06:54:17,127 [INFO] IPUIPlugin:80 - create IPUIPlugin
2026-04-24 06:54:17,127 [INFO] PluginManager:220 - loadIPPluginJar : add nvic
2026-04-24 06:54:17,165 [INFO] IPUIPlugin:80 - create IPUIPlugin
2026-04-24 06:54:17,165 [INFO] PluginManager:220 - loadIPPluginJar : add opamp
2026-04-24 06:54:17,221 [INFO] IPUIPlugin:80 - create IPUIPlugin
2026-04-24 06:54:17,221 [INFO] PluginManager:220 - loadIPPluginJar : add openamp
2026-04-24 06:54:17,258 [INFO] IPUIPlugin:80 - create IPUIPlugin
2026-04-24 06:54:17,258 [INFO] PluginManager:220 - loadIPPluginJar : add pdm2pcm
2026-04-24 06:54:17,271 [INFO] IPUIPlugin:80 - create IPUIPlugin
2026-04-24 06:54:17,272 [INFO] PluginManager:220 - loadIPPluginJar : add plateformsettings
2026-04-24 06:54:17,292 [INFO] IPUIPlugin:80 - create IPUIPlugin
2026-04-24 06:54:17,292 [INFO] PluginManager:220 - loadIPPluginJar : add quadspi
2026-04-24 06:54:17,316 [INFO] IPUIPlugin:80 - create IPUIPlugin
2026-04-24 06:54:17,316 [INFO] PluginManager:220 - loadIPPluginJar : add radio
2026-04-24 06:54:17,328 [INFO] IPUIPlugin:80 - create IPUIPlugin
2026-04-24 06:54:17,328 [INFO] PluginManager:220 - loadIPPluginJar : add resmgrutility
2026-04-24 06:54:17,366 [INFO] IPUIPlugin:80 - create IPUIPlugin
2026-04-24 06:54:17,366 [INFO] PluginManager:220 - loadIPPluginJar : add sai
2026-04-24 06:54:17,397 [INFO] IPUIPlugin:80 - create IPUIPlugin
2026-04-24 06:54:17,398 [INFO] PluginManager:220 - loadIPPluginJar : add spi
2026-04-24 06:54:17,460 [INFO] IPUIPlugin:80 - create IPUIPlugin
2026-04-24 06:54:17,460 [INFO] PluginManager:220 - loadIPPluginJar : add stm32_wpan
2026-04-24 06:54:17,481 [INFO] IPUIPlugin:80 - create IPUIPlugin
2026-04-24 06:54:17,481 [INFO] PluginManager:220 - loadIPPluginJar : add tim
2026-04-24 06:54:17,540 [INFO] IPUIPlugin:80 - create IPUIPlugin
2026-04-24 06:54:17,541 [INFO] PluginManager:220 - loadIPPluginJar : add touchsensing
2026-04-24 06:54:17,562 [INFO] IPUIPlugin:80 - create IPUIPlugin
2026-04-24 06:54:17,562 [INFO] PluginManager:220 - loadIPPluginJar : add tracer_emb
2026-04-24 06:54:17,587 [INFO] IPUIPlugin:80 - create IPUIPlugin
2026-04-24 06:54:17,588 [INFO] PluginManager:220 - loadIPPluginJar : add ts
2026-04-24 06:54:17,612 [INFO] IPUIPlugin:80 - create IPUIPlugin
2026-04-24 06:54:17,612 [INFO] PluginManager:220 - loadIPPluginJar : add tsc
2026-04-24 06:54:17,635 [INFO] IPUIPlugin:80 - create IPUIPlugin
2026-04-24 06:54:17,636 [INFO] PluginManager:220 - loadIPPluginJar : add ucpd
2026-04-24 06:54:17,683 [INFO] IPUIPlugin:80 - create IPUIPlugin
2026-04-24 06:54:17,683 [INFO] PluginManager:220 - loadIPPluginJar : add usart
2026-04-24 06:54:17,728 [INFO] IPUIPlugin:80 - create IPUIPlugin
2026-04-24 06:54:17,728 [INFO] PluginManager:220 - loadIPPluginJar : add usbx
2026-04-24 06:54:17,852 [FATAL] Updater:351 - Updater called before beeing initialized
2026-04-24 06:54:17,873 [INFO] RulesReader:64 - Compatibility file has been processed (301 Rules)
2026-04-24 06:54:17,891 [INFO] RulesReader:64 - Compatibility file has been processed (301 Rules)
2026-04-24 06:54:17,901 [INFO] CADModel:165 - CPN selected for project level
2026-04-24 06:54:17,902 [INFO] CADModel:114 - Register for checkConnection events
2026-04-24 06:54:17,902 [FATAL] Updater:351 - Updater called before beeing initialized
2026-04-24 06:54:17,902 [ERROR] CADModel:125 - Updater not yet initialized, retry later 
2026-04-24 06:54:18,020 [FATAL] Updater:351 - Updater called before beeing initialized
2026-04-24 06:54:18,022 [INFO] CADModel:165 - CPN selected for project level
2026-04-24 06:54:18,022 [INFO] CADModel:114 - Register for checkConnection events
2026-04-24 06:54:18,022 [FATAL] Updater:351 - Updater called before beeing initialized
2026-04-24 06:54:18,022 [ERROR] CADModel:125 - Updater not yet initialized, retry later 
2026-04-24 06:54:18,025 [FATAL] Updater:351 - Updater called before beeing initialized
2026-04-24 06:54:18,120 [FATAL] Updater:351 - Updater called before beeing initialized
2026-04-24 06:54:18,132 [INFO] DbMcusAds:53 - JSON generation date=Fri Apr 10 14:49:02 IST 2026 (1775812742310)
2026-04-24 06:54:18,133 [FATAL] Updater:351 - Updater called before beeing initialized
2026-04-24 06:54:18,179 [WARN] DetailPanel:346 - Failed to get advertising image, set to default
2026-04-24 06:54:18,356 [FATAL] Updater:351 - Updater called before beeing initialized
2026-04-24 06:54:18,358 [FATAL] Updater:351 - Updater called before beeing initialized
2026-04-24 06:54:18,358 [FATAL] Updater:351 - Updater called before beeing initialized
2026-04-24 06:54:18,359 [WARN] DetailPanel:346 - Failed to get advertising image, set to default
2026-04-24 06:54:18,359 [FATAL] Updater:351 - Updater called before beeing initialized
2026-04-24 06:54:18,408 [INFO] ThirdPartyUpdaterWithRetryManager:70 - Updater plugin not ready yet. [2/15]
2026-04-24 06:54:18,413 [ERROR] Updater:1198 - MainUpdater not yet initialized. External WinMGr cannot be set.
2026-04-24 06:54:18,424 [INFO] Updater:1134 - Updater Version found : 6.14.0
2026-04-24 06:54:18,445 [INFO] ApplicationProperties:184 - Using Application install path: C:\ST\STM32CubeIDE_1.18.0\STM32CubeIDE\plugins\com.st.stm32cube.common.mx_6.14.0.202502271554
2026-04-24 06:54:20,026 [ERROR] LogOutputStream:75 - [STDERR_REDIRECT] Apr 24, 2026 6:54:20 AM java.util.prefs.WindowsPreferences <init>
2026-04-24 06:54:20,027 [ERROR] LogOutputStream:75 - [STDERR_REDIRECT] WARNING: Could not open/create prefs root node Software\JavaSoft\Prefs at root 0xffffffff80000002. Windows RegCreateKeyEx(...) returned error code 5.
2026-04-24 06:54:20,028 [ERROR] LogOutputStream:75 - [STDERR_REDIRECT] 
2026-04-24 06:54:20,932 [INFO] MainUpdater:2872 - connection check result : 10
2026-04-24 06:54:20,933 [INFO] MainUpdater:289 - Updater Check For Update Now.
2026-04-24 06:54:20,933 [INFO] MicroXplorer:498 - Change Database Version : DB.6.0.140
2026-04-24 06:54:20,959 [INFO] McuFinderGlobals:63 - Set McuFinder mode to 2 (CubeIDE integrated)
2026-04-24 06:54:20,968 [INFO] UserAuth:486 - Internet connection configuration mode: 1
2026-04-24 06:54:21,010 [INFO] JxBrowserEngine:152 - Initiate JxBrowser Engine with user profile folder
2026-04-24 06:54:21,148 [INFO] CheckServerUpdateThread:120 - End of CheckServer Thread
2026-04-24 06:54:21,672 [WARN] PackLoader:240 - Cannot read IP mode file for STMicroelectronics.X-CUBE-AZRTOS-H7.3.5.0
2026-04-24 06:54:21,696 [WARN] PackLoader:240 - Cannot read IP mode file for STMicroelectronics.FP-ATR-ASTRA1.2.0.2
2026-04-24 06:54:21,712 [WARN] PackLoader:240 - Cannot read IP mode file for STMicroelectronics.X-CUBE-SMBUS.2.1.0
2026-04-24 06:54:21,737 [WARN] PackLoader:240 - Cannot read IP mode file for STMicroelectronics.X-CUBE-AZRTOS-F7.1.1.0
2026-04-24 06:54:21,752 [ERROR] Engine:466 - C:\Users\91762\.stm32cubemx\thirdparties\pdsc\STMicroelectronics.FP-SNS-MOTENV1.5.1.0.pdsc: PDSC version is not supported
2026-04-24 06:54:21,778 [ERROR] Engine:466 - C:\Users\91762\.stm32cubemx\thirdparties\pdsc\WES.I-CUBE-Cesium.1.4.0.pdsc: PDSC version is not supported
2026-04-24 06:54:21,803 [WARN] PackLoader:240 - Cannot read IP mode file for STMicroelectronics.X-CUBE-DISPLAY.3.0.0
2026-04-24 06:54:21,821 [ERROR] Engine:466 - C:\Users\91762\.stm32cubemx\thirdparties\pdsc\STMicroelectronics.FP-SNS-MOTENVWB1.1.5.0.pdsc: PDSC version is not supported
2026-04-24 06:54:21,842 [WARN] PackLoader:240 - Cannot read IP mode file for STMicroelectronics.X-CUBE-NFC10.1.0.0
2026-04-24 06:54:21,858 [WARN] PackLoader:240 - Cannot read IP mode file for STMicroelectronics.X-CUBE-ST60.1.1.0
2026-04-24 06:54:21,875 [WARN] PackLoader:240 - Cannot read IP mode file for emotas.I-CUBE-CANOPEN.1.3.0
2026-04-24 06:54:21,889 [WARN] PackLoader:240 - Cannot read IP mode file for STMicroelectronics.X-CUBE-GNSS1.7.1.0
2026-04-24 06:54:21,901 [ERROR] Engine:466 - C:\Users\91762\.stm32cubemx\thirdparties\pdsc\STMicroelectronics.FP-SNS-STBOX1.2.1.0.pdsc: PDSC version is not supported
2026-04-24 06:54:22,220 [WARN] PackLoader:240 - Cannot read IP mode file for STMicroelectronics.FP-SNS-SMARTAG2.1.2.0
2026-04-24 06:54:22,240 [WARN] PackLoader:240 - Cannot read IP mode file for STMicroelectronics.FP-SNS-FLIGHT1.5.1.0
2026-04-24 06:54:22,259 [INFO] LogOutputStream:77 - [STDOUT_REDIRECT] 1 : Invalid condition id : UX_CORESTACK_Condition cause : null
2026-04-24 06:54:22,260 [INFO] LogOutputStream:77 - [STDOUT_REDIRECT] 1 : Invalid condition id : UX_CORESTACK_Condition cause : null
2026-04-24 06:54:22,260 [INFO] LogOutputStream:77 - [STDOUT_REDIRECT] 1 : Invalid condition id : UX_CORESTACK_Condition cause : null
2026-04-24 06:54:22,261 [INFO] LogOutputStream:77 - [STDOUT_REDIRECT] 1 : Invalid condition id : UX_CORESTACK_Condition cause : null
2026-04-24 06:54:22,262 [INFO] LogOutputStream:77 - [STDOUT_REDIRECT] 1 : Invalid condition id : UX_CORESTACK_Condition cause : null
2026-04-24 06:54:22,264 [WARN] PackLoader:240 - Cannot read IP mode file for STMicroelectronics.X-CUBE-AZRTOS-WL.2.0.0
2026-04-24 06:54:22,300 [WARN] PackLoader:240 - Cannot read IP mode file for STMicroelectronics.X-CUBE-AZRTOS-H7RS.1.2.0
2026-04-24 06:54:22,320 [WARN] PackLoader:240 - Cannot read IP mode file for STMicroelectronics.X-CUBE-BLE2.3.3.0
2026-04-24 06:54:22,392 [WARN] PackLoader:240 - Cannot read IP mode file for Infineon.AIROC-Wi-Fi-Bluetooth-STM32.1.8.0
2026-04-24 06:54:22,411 [WARN] PackLoader:240 - Cannot read IP mode file for STMicroelectronics.X-CUBE-NFC9.1.0.0
2026-04-24 06:54:22,429 [WARN] PackLoader:240 - Cannot read IP mode file for STMicroelectronics.X-CUBE-BLE1.7.1.0
2026-04-24 06:54:22,457 [WARN] PackLoader:240 - Cannot read IP mode file for wolfSSL.I-CUBE-wolfMQTT.1.19.2
2026-04-24 06:54:22,477 [WARN] PackLoader:240 - Cannot read IP mode file for STMicroelectronics.X-CUBE-EEPRMA1.5.2.0
2026-04-24 06:54:22,507 [WARN] PackLoader:240 - Cannot read IP mode file for wolfSSL.I-CUBE-wolfSSL.5.8.4
2026-04-24 06:54:22,552 [WARN] PackLoader:240 - Cannot read IP mode file for Cesanta.I-CUBE-Mongoose.7.20.0
2026-04-24 06:54:22,637 [WARN] PackLoader:240 - Cannot read IP mode file for STMicroelectronics.X-CUBE-MEMS1.12.0.0
2026-04-24 06:54:22,802 [WARN] PackLoader:240 - Cannot read IP mode file for STMicroelectronics.X-CUBE-AZRTOS-G0.1.1.0
2026-04-24 06:54:22,841 [WARN] PackLoader:240 - Cannot read IP mode file for STMicroelectronics.X-CUBE-NFC4.3.0.0
2026-04-24 06:54:22,877 [WARN] PackLoader:240 - Cannot read IP mode file for EmbeddedOffice.I-CUBE-FS-RTOS.1.0.1
2026-04-24 06:54:22,909 [WARN] PackLoader:240 - Cannot read IP mode file for wolfSSL.I-CUBE-wolfTPM.3.8.0
2026-04-24 06:54:22,940 [WARN] PackLoader:240 - Cannot read IP mode file for STMicroelectronics.X-CUBE-TCPP.4.2.0
2026-04-24 06:54:22,966 [WARN] PackLoader:240 - Cannot read IP mode file for RealThread.X-CUBE-RT-Thread_Nano.4.1.1
2026-04-24 06:54:22,989 [WARN] PackLoader:240 - Cannot read IP mode file for STMicroelectronics.FP-ATR-SIGFOX1.3.2.0
2026-04-24 06:54:23,008 [ERROR] Engine:466 - C:\Users\91762\.stm32cubemx\thirdparties\pdsc\STMicroelectronics.X-CUBE-FREERTOS.1.5.0.pdsc: PDSC version is not supported
2026-04-24 06:54:23,032 [WARN] PackLoader:240 - Cannot read IP mode file for ITTIA_DB.I-CUBE-ITTIADB.8.9.0
2026-04-24 06:54:23,052 [WARN] PackLoader:240 - Cannot read IP mode file for STMicroelectronics.X-CUBE-NFC6.3.2.0
2026-04-24 06:54:23,074 [WARN] PackLoader:240 - Cannot read IP mode file for STMicroelectronics.X-CUBE-AI.10.2.0
2026-04-24 06:54:23,097 [INFO] WebApp:169 - Instantiating new browser for Auth
2026-04-24 06:54:23,109 [WARN] PackLoader:240 - Cannot read IP mode file for SEGGER.I-CUBE-embOS.1.3.1
2026-04-24 06:54:23,194 [WARN] PackLoader:240 - Cannot read IP mode file for STMicroelectronics.X-CUBE-ALGOBUILD.1.4.0
2026-04-24 06:54:23,222 [WARN] PackLoader:240 - Cannot read IP mode file for STMicroelectronics.X-CUBE-PM33A1.1.0.0
2026-04-24 06:54:23,266 [WARN] PackLoader:240 - Cannot read IP mode file for STMicroelectronics.X-CUBE-AZRTOS-F4.1.1.0
2026-04-24 06:54:23,304 [WARN] PackLoader:240 - Cannot read IP mode file for STMicroelectronics.X-CUBE-ISPU.2.1.0
2026-04-24 06:54:23,335 [ERROR] Engine:466 - C:\Users\91762\.stm32cubemx\thirdparties\pdsc\STMicroelectronics.X-CUBE-IPS.3.2.0.pdsc: PDSC version is not supported
2026-04-24 06:54:23,354 [WARN] PackLoader:240 - Cannot read IP mode file for STMicroelectronics.eDS-WB_DPC_TT-BIDIR.2.1.1
2026-04-24 06:54:23,375 [WARN] PackLoader:240 - Cannot read IP mode file for STMicroelectronics.X-CUBE-NFC12.1.0.0
2026-04-24 06:54:23,405 [WARN] PackLoader:240 - Cannot read IP mode file for STMicroelectronics.X-CUBE-AZRTOS-L5.2.0.0
2026-04-24 06:54:23,436 [WARN] PackLoader:240 - Cannot read IP mode file for STMicroelectronics.eDS-WB_DPC_VIENNA.1.2.0
2026-04-24 06:54:23,458 [WARN] PackLoader:240 - Cannot read IP mode file for STMicroelectronics.eDS-WB_DPC_3PH2L-BIDIR.1.1.1
2026-04-24 06:54:23,480 [ERROR] Engine:466 - C:\Users\91762\.stm32cubemx\thirdparties\pdsc\STMicroelectronics.X-CUBE-ST67W61.1.3.0.pdsc: PDSC version is not supported
2026-04-24 06:54:23,510 [WARN] PackLoader:240 - Cannot read IP mode file for STMicroelectronics.X-CUBE-TOUCHGFX.4.26.1
2026-04-24 06:54:23,539 [WARN] PackLoader:240 - Cannot read IP mode file for STMicroelectronics.FP-SNS-STAIOTCFT.1.0.0
2026-04-24 06:54:23,562 [WARN] PackLoader:240 - Cannot read IP mode file for STMicroelectronics.X-CUBE-DPower.1.3.0
2026-04-24 06:54:23,596 [WARN] ConditionMgr:438 - getConditionDescription Invalid condition id : LAN8742 Phy interface Condition cause : null
2026-04-24 06:54:23,597 [WARN] PackLoader:240 - Cannot read IP mode file for STMicroelectronics.X-CUBE-AZRTOS-L4.2.0.0
2026-04-24 06:54:23,598 [WARN] ConditionMgr:1044 - genDependencies : Invalid condition id : LAN8742 Phy interface Condition cause : null
2026-04-24 06:54:23,599 [WARN] ConditionMgr:1044 - genDependencies : Invalid condition id : LAN8742 Phy interface Condition cause : null
2026-04-24 06:54:23,599 [WARN] ConditionMgr:1044 - genDependencies : Invalid condition id : LAN8742 Phy interface Condition cause : null
2026-04-24 06:54:23,622 [WARN] PackLoader:240 - Cannot read IP mode file for STMicroelectronics.X-CUBE-SFXS2LP1.4.0.0
2026-04-24 06:54:23,642 [WARN] PackLoader:240 - Cannot read IP mode file for STMicroelectronics.X-CUBE-WB05N.2.1.0
2026-04-24 06:54:23,661 [ERROR] Engine:466 - C:\Users\91762\.stm32cubemx\thirdparties\pdsc\STMicroelectronics.X-CUBE-ST67W61.1.2.0.pdsc: PDSC version is not supported
2026-04-24 06:54:23,685 [WARN] PackLoader:240 - Cannot read IP mode file for STMicroelectronics.X-CUBE-BLEMGR.4.1.0
2026-04-24 06:54:23,725 [WARN] ConditionMgr:438 - getConditionDescription Invalid condition id : UX DEVICE CLASS RTOS Condition cause : null
2026-04-24 06:54:23,726 [WARN] ConditionMgr:438 - getConditionDescription Invalid condition id : UX DEVICE CLASS RTOS Condition cause : null
2026-04-24 06:54:23,728 [WARN] PackLoader:240 - Cannot read IP mode file for STMicroelectronics.X-CUBE-AZRTOS-WB.2.0.0
2026-04-24 06:54:23,729 [WARN] ConditionMgr:1044 - genDependencies : Invalid condition id : UX DEVICE CLASS RTOS Condition cause : null
2026-04-24 06:54:23,730 [WARN] ConditionMgr:1044 - genDependencies : Invalid condition id : UX DEVICE CLASS RTOS Condition cause : null
2026-04-24 06:54:23,730 [WARN] ConditionMgr:1044 - genDependencies : Invalid condition id : UX DEVICE CLASS RTOS Condition cause : null
2026-04-24 06:54:23,730 [WARN] ConditionMgr:1044 - genDependencies : Invalid condition id : UX DEVICE CLASS RTOS Condition cause : null
2026-04-24 06:54:23,731 [WARN] ConditionMgr:1044 - genDependencies : Invalid condition id : UX DEVICE CLASS RTOS Condition cause : null
2026-04-24 06:54:23,760 [WARN] ConditionMgr:438 - getConditionDescription Invalid condition id : Cortex-A Device cause : null
2026-04-24 06:54:23,795 [WARN] ConditionMgr:1044 - genDependencies : Invalid condition id : Cortex-A Device cause : null
2026-04-24 06:54:23,795 [WARN] ConditionMgr:1044 - genDependencies : Invalid condition id : Cortex-A Device cause : null
2026-04-24 06:54:23,795 [WARN] ConditionMgr:1044 - genDependencies : Invalid condition id : Cortex-A Device cause : null
2026-04-24 06:54:23,812 [WARN] PackLoader:240 - Cannot read IP mode file for STMicroelectronics.X-CUBE-STSE01.2.0.0
2026-04-24 06:54:23,841 [WARN] PackLoader:240 - Cannot read IP mode file for STMicroelectronics.X-CUBE-SUBG2.5.0.0
2026-04-24 06:54:23,878 [WARN] PackLoader:240 - Cannot read IP mode file for STMicroelectronics.X-CUBE-AZRTOS-G4.2.0.0
2026-04-24 06:54:23,908 [WARN] PackLoader:240 - Cannot read IP mode file for wolfSSL.I-CUBE-wolfSSH.1.4.20
2026-04-24 06:54:23,935 [WARN] PackLoader:240 - Cannot read IP mode file for STMicroelectronics.X-CUBE-NFC7.2.0.0
2026-04-24 06:54:23,953 [WARN] PackLoader:240 - Cannot read IP mode file for STMicroelectronics.X-CUBE-ALS.1.0.2
2026-04-24 06:54:23,971 [WARN] PackLoader:240 - Cannot read IP mode file for STMicroelectronics.X-CUBE-TOF1.3.4.3
2026-04-24 06:54:23,980 [INFO] ThirdParty:978 - Integrity check success = true
2026-04-24 06:54:23,981 [INFO] IntegrityCheckThread:100 - exiting critical section [integrity check]
2026-04-24 06:54:23,981 [INFO] IntegrityCheckThread:103 - End integrity checks thread
2026-04-24 06:54:24,442 [INFO] WebApp:463 - Apply proxy settings
2026-04-24 06:54:24,442 [INFO] WebApp:548 - Chromium requires no authentication
2026-04-24 06:54:24,457 [INFO] WebApp:491 - Direct internet connection detected
2026-04-24 06:54:24,508 [INFO] WebApp:894 - Register for checkConnection events
2026-04-24 06:54:24,509 [INFO] WebApp:463 - Apply proxy settings
2026-04-24 06:54:24,509 [INFO] WebApp:548 - Chromium requires no authentication
2026-04-24 06:54:24,510 [INFO] WebApp:491 - Direct internet connection detected
2026-04-24 06:54:24,688 [INFO] WebApp:191 - Connection restablished
2026-04-24 06:54:24,703 [INFO] WebApp:225 - Starting web application
2026-04-24 06:54:24,703 [INFO] WebApp:593 - Web application path used C:\ST\STM32CubeIDE_1.18.0\STM32CubeIDE\plugins\com.st.stm32cube.common.mx_6.14.0.202502271554\db\plugins\mcufinder\reactClient1\index.html
2026-04-24 06:54:25,190 [INFO] UserAuth:486 - Internet connection configuration mode: 1
2026-04-24 07:56:35,135 [ERROR] LogOutputStream:75 - [STDERR_REDIRECT] 
