2026-04-23 06:29:37,408 [INFO] Activator:176 - 


2026-04-23 06:29:37,413 [INFO] Activator:177 - !SESSION log4j initialized
2026-04-23 06:29:46,641 [INFO] LogOutputStream:77 - [STDOUT_REDIRECT] 
2026-04-23 06:29:50,048 [INFO] ApplicationProperties:184 - Using Application install path: C:\ST\STM32CubeIDE_1.18.0\STM32CubeIDE\plugins\com.st.stm32cube.common.mx_6.14.0.202502271554
2026-04-23 06:29:50,079 [INFO] DbMcusXml:78 - Set database path to: C:\ST\STM32CubeIDE_1.18.0\STM32CubeIDE\plugins\com.st.stm32cube.common.mx_6.14.0.202502271554\\db\/mcu/
2026-04-23 06:29:50,080 [INFO] ApiDb:274 - Set plugin database path to: C:\ST\STM32CubeIDE_1.18.0\STM32CubeIDE\plugins\com.st.stm32cube.common.mx_6.14.0.202502271554\\db\/plugins/boardmanager/
2026-04-23 06:29:50,080 [WARN] ApiDb:259 - Overriding images path with different value:  => C:\ST\STM32CubeIDE_1.18.0\STM32CubeIDE\plugins\com.st.stm32cube.common.mx_6.14.0.202502271554\\db\/plugins/mcufinder/images/
2026-04-23 06:29:50,095 [INFO] ApiDb:250 - Set database path to: C:\Users\91762\.stmcufinder\plugins\mcufinder//mcu/
2026-04-23 06:29:50,096 [INFO] DbMcusAds:125 - Set database path to: C:\Users\91762\.stmcufinder\plugins\mcufinder//mcu/
2026-04-23 06:29:50,100 [INFO] CrossReferenceDbSqlite:203 - Set database path to: C:\Users\91762\.stmcufinder\plugins\mcufinder//mcu/cs/
2026-04-23 06:29:50,309 [INFO] RulesReader:64 - Compatibility file has been processed (301 Rules)
2026-04-23 06:29:50,440 [INFO] DbMcusXml:78 - Set database path to: C:\ST\STM32CubeIDE_1.18.0\STM32CubeIDE\plugins\com.st.stm32cube.common.mx_6.14.0.202502271554\\db\/mcu/
2026-04-23 06:29:50,441 [INFO] ApiDb:274 - Set plugin database path to: C:\ST\STM32CubeIDE_1.18.0\STM32CubeIDE\plugins\com.st.stm32cube.common.mx_6.14.0.202502271554\\db\/plugins/boardmanager/
2026-04-23 06:29:50,442 [INFO] ApiDb:261 - Set plugin images path to: C:\ST\STM32CubeIDE_1.18.0\STM32CubeIDE\plugins\com.st.stm32cube.common.mx_6.14.0.202502271554\\db\/plugins/mcufinder/images/
2026-04-23 06:29:50,442 [WARN] DbFile:41 - Overriding database path with different value: C:\Users\91762\.stmcufinder\plugins\mcufinder/ => C:\Users\91762\.stmcufinder\plugins\mcufinder
2026-04-23 06:29:50,442 [INFO] ApiDb:250 - Set database path to: C:\Users\91762\.stmcufinder\plugins\mcufinder//mcu/
2026-04-23 06:29:50,442 [WARN] DbFile:41 - Overriding database path with different value: C:\Users\91762\.stmcufinder\plugins\mcufinder/ => C:\Users\91762\.stmcufinder\plugins\mcufinder
2026-04-23 06:29:50,443 [INFO] DbMcusAds:125 - Set database path to: C:\Users\91762\.stmcufinder\plugins\mcufinder//mcu/
2026-04-23 06:29:50,443 [WARN] DbFile:41 - Overriding database path with different value: C:\Users\91762\.stmcufinder\plugins\mcufinder/ => C:\Users\91762\.stmcufinder\plugins\mcufinder
2026-04-23 06:29:50,443 [WARN] DbFile:41 - Overriding database path with different value: C:\Users\91762\.stmcufinder\plugins\mcufinder/ => C:\Users\91762\.stmcufinder\plugins\mcufinder
2026-04-23 06:29:50,443 [INFO] CrossReferenceDbSqlite:203 - Set database path to: C:\Users\91762\.stmcufinder\plugins\mcufinder//mcu/cs/
2026-04-23 06:29:50,568 [INFO] MainPanel:272 - HeapMemory: 268435456
2026-04-23 06:29:50,824 [INFO] DbMcusXml:78 - Set database path to: C:\ST\STM32CubeIDE_1.18.0\STM32CubeIDE\plugins\com.st.stm32cube.common.mx_6.14.0.202502271554\\db\/mcu/
2026-04-23 06:29:50,825 [INFO] ApiDb:274 - Set plugin database path to: C:\ST\STM32CubeIDE_1.18.0\STM32CubeIDE\plugins\com.st.stm32cube.common.mx_6.14.0.202502271554\\db\/plugins/boardmanager/
2026-04-23 06:29:50,825 [INFO] ApiDb:261 - Set plugin images path to: C:\ST\STM32CubeIDE_1.18.0\STM32CubeIDE\plugins\com.st.stm32cube.common.mx_6.14.0.202502271554\\db\/plugins/mcufinder/images/
2026-04-23 06:29:50,825 [WARN] DbFile:41 - Overriding database path with different value: C:\Users\91762\.stmcufinder\plugins\mcufinder/ => C:\Users\91762\.stmcufinder\plugins\mcufinder
2026-04-23 06:29:50,826 [INFO] ApiDb:250 - Set database path to: C:\Users\91762\.stmcufinder\plugins\mcufinder//mcu/
2026-04-23 06:29:50,826 [WARN] DbFile:41 - Overriding database path with different value: C:\Users\91762\.stmcufinder\plugins\mcufinder/ => C:\Users\91762\.stmcufinder\plugins\mcufinder
2026-04-23 06:29:50,826 [INFO] DbMcusAds:125 - Set database path to: C:\Users\91762\.stmcufinder\plugins\mcufinder//mcu/
2026-04-23 06:29:50,826 [WARN] DbFile:41 - Overriding database path with different value: C:\Users\91762\.stmcufinder\plugins\mcufinder/ => C:\Users\91762\.stmcufinder\plugins\mcufinder
2026-04-23 06:29:50,826 [WARN] DbFile:41 - Overriding database path with different value: C:\Users\91762\.stmcufinder\plugins\mcufinder/ => C:\Users\91762\.stmcufinder\plugins\mcufinder
2026-04-23 06:29:50,826 [INFO] CrossReferenceDbSqlite:203 - Set database path to: C:\Users\91762\.stmcufinder\plugins\mcufinder//mcu/cs/
2026-04-23 06:29:50,859 [INFO] ApplicationProperties:184 - Using Application install path: C:\ST\STM32CubeIDE_1.18.0\STM32CubeIDE\plugins\com.st.stm32cube.common.mx_6.14.0.202502271554
2026-04-23 06:29:50,861 [INFO] PluginManage:196 - Search for loadable plugins [exclusion list=, ]
2026-04-23 06:29:50,867 [INFO] PluginManage:310 - Check plugin analytics
2026-04-23 06:29:51,147 [INFO] AnalyticsPlugin:253 - Accepted Software Licenses: 
2026-04-23 06:29:51,148 [INFO] AnalyticsPlugin:255 - Accepted CMSIS Pack Licenses: 
2026-04-23 06:29:51,148 [INFO] AnalyticsPlugin:257 - Accepted Firmware Licenses: FW.F4.1.28.0
2026-04-23 06:29:51,150 [INFO] PluginManage:359 - Loaded plugin analytics (category:tool,tabindex:-1)
2026-04-23 06:29:51,150 [INFO] PluginManage:310 - Check plugin cadmodel
2026-04-23 06:29:51,171 [INFO] CADModel:105 - Init CAD model plugin
2026-04-23 06:29:51,171 [INFO] PluginManage:359 - Loaded plugin cadmodel (category:power,tabindex:5)
2026-04-23 06:29:51,171 [INFO] PluginManage:310 - Check plugin clock
2026-04-23 06:29:51,197 [INFO] PluginManage:359 - Loaded plugin clock (category:base,tabindex:2)
2026-04-23 06:29:51,198 [INFO] PluginManage:310 - Check plugin ddr
2026-04-23 06:29:51,203 [INFO] PluginManage:359 - Loaded plugin ddr (category:tool,tabindex:6)
2026-04-23 06:29:51,204 [INFO] PluginManage:310 - Check plugin filemanager
2026-04-23 06:29:51,473 [INFO] PluginManage:359 - Loaded plugin filemanager (category:base,tabindex:10)
2026-04-23 06:29:51,474 [INFO] PluginManage:310 - Check plugin ipmanager
2026-04-23 06:29:51,485 [INFO] PluginManage:359 - Loaded plugin ipmanager (category:base,tabindex:5)
2026-04-23 06:29:51,486 [INFO] PluginManage:310 - Check plugin lpbam
2026-04-23 06:29:51,514 [INFO] PluginManage:359 - Loaded plugin lpbam (category:base,tabindex:0)
2026-04-23 06:29:51,514 [INFO] PluginManage:310 - Check plugin memorymap
2026-04-23 06:29:51,552 [INFO] PluginManage:359 - Loaded plugin memorymap (category:base,tabindex:4)
2026-04-23 06:29:51,552 [INFO] PluginManage:310 - Check plugin pinoutandconfiguration
2026-04-23 06:29:51,580 [INFO] PluginManage:359 - Loaded plugin pinoutandconfiguration (category:base,tabindex:1)
2026-04-23 06:29:51,580 [INFO] PluginManage:310 - Check plugin pinoutconfig
2026-04-23 06:29:51,752 [WARN] SupportedApi:132 - Cannot load RTOS API schema: s4s-elt-must-match.1: The content of 'definitions' must match (annotation?, (simpleType | complexType)?, (unique | key | keyref)*)). A problem was found starting at: attribute.
2026-04-23 06:29:51,979 [INFO] PluginManage:359 - Loaded plugin pinoutconfig (category:base,tabindex:0)
2026-04-23 06:29:51,980 [INFO] PluginManage:310 - Check plugin power
2026-04-23 06:29:52,006 [INFO] PluginManage:359 - Loaded plugin power (category:power,tabindex:4)
2026-04-23 06:29:52,006 [INFO] PluginManage:310 - Check plugin projectmanager
2026-04-23 06:29:52,027 [INFO] PluginManage:359 - Loaded plugin projectmanager (category:projectmanager,tabindex:4)
2026-04-23 06:29:52,027 [INFO] PluginManage:310 - Check plugin rif
2026-04-23 06:29:52,050 [INFO] PluginManage:359 - Loaded plugin rif (category:base,tabindex:3)
2026-04-23 06:29:52,050 [INFO] PluginManage:310 - Check plugin thirdparty
2026-04-23 06:29:52,463 [WARN] IntegrityCheckThread:84 - waiting for thirdparty lock release [integrity check]
2026-04-23 06:29:52,464 [INFO] IntegrityCheckThread:86 - entering critical section [integrity check]
2026-04-23 06:29:52,464 [INFO] PluginManage:359 - Loaded plugin thirdparty (category:base,tabindex:-1)
2026-04-23 06:29:52,465 [INFO] PluginManage:310 - Check plugin tools
2026-04-23 06:29:52,465 [INFO] ThirdPartyUpdaterWithRetryManager:70 - Updater plugin not ready yet. [1/15]
2026-04-23 06:29:52,519 [INFO] PluginManage:359 - Loaded plugin tools (category:base,tabindex:7)
2026-04-23 06:29:52,519 [INFO] PluginManage:310 - Check plugin tutovideos
2026-04-23 06:29:52,810 [INFO] PluginManage:359 - Loaded plugin tutovideos (category:base,tabindex:-1)
2026-04-23 06:29:52,810 [INFO] PluginManage:310 - Check plugin updater
2026-04-23 06:29:52,836 [INFO] PluginManage:359 - Loaded plugin updater (category:base,tabindex:12)
2026-04-23 06:29:52,836 [INFO] PluginManage:310 - Check plugin userauth
2026-04-23 06:29:52,843 [INFO] UserAuth:118 - Init User Auth plugin
2026-04-23 06:29:52,844 [INFO] PluginManage:359 - Loaded plugin userauth (category:base,tabindex:14)
2026-04-23 06:29:52,845 [INFO] PluginManage:283 - PluginManage : Loaded plugins [18]
2026-04-23 06:29:53,186 [INFO] PinOutPanel:1589 - setPackage(No Configuration,No Configuration)
2026-04-23 06:29:53,297 [INFO] CADModel:165 - CPN selected for project level
2026-04-23 06:29:53,297 [INFO] CADModel:114 - Register for checkConnection events
2026-04-23 06:29:53,345 [INFO] IPUIPlugin:80 - create IPUIPlugin
2026-04-23 06:29:53,346 [INFO] PluginManager:220 - loadIPPluginJar : add adc
2026-04-23 06:29:53,412 [INFO] IPUIPlugin:80 - create IPUIPlugin
2026-04-23 06:29:53,412 [INFO] PluginManager:220 - loadIPPluginJar : add aes
2026-04-23 06:29:53,474 [INFO] IPUIPlugin:80 - create IPUIPlugin
2026-04-23 06:29:53,474 [INFO] PluginManager:220 - loadIPPluginJar : add can
2026-04-23 06:29:53,524 [INFO] IPUIPlugin:80 - create IPUIPlugin
2026-04-23 06:29:53,524 [INFO] PluginManager:220 - loadIPPluginJar : add comp
2026-04-23 06:29:53,587 [INFO] IPUIPlugin:80 - create IPUIPlugin
2026-04-23 06:29:53,587 [INFO] PluginManager:220 - loadIPPluginJar : add cryp
2026-04-23 06:29:53,614 [INFO] IPUIPlugin:80 - create IPUIPlugin
2026-04-23 06:29:53,615 [INFO] PluginManager:220 - loadIPPluginJar : add ddr_ctrl_phy
2026-04-23 06:29:53,690 [INFO] IPUIPlugin:80 - create IPUIPlugin
2026-04-23 06:29:53,691 [INFO] PluginManager:220 - loadIPPluginJar : add dfsdm
2026-04-23 06:29:53,724 [INFO] IPUIPlugin:80 - create IPUIPlugin
2026-04-23 06:29:53,725 [INFO] PluginManager:220 - loadIPPluginJar : add dma
2026-04-23 06:29:53,804 [INFO] IPUIPlugin:80 - create IPUIPlugin
2026-04-23 06:29:53,804 [INFO] PluginManager:220 - loadIPPluginJar : add dma3
2026-04-23 06:29:53,878 [INFO] IPUIPlugin:80 - create IPUIPlugin
2026-04-23 06:29:53,878 [INFO] PluginManager:220 - loadIPPluginJar : add extmemmanager
2026-04-23 06:29:53,920 [INFO] IPUIPlugin:80 - create IPUIPlugin
2026-04-23 06:29:53,920 [INFO] PluginManager:220 - loadIPPluginJar : add fatfs
2026-04-23 06:29:54,022 [INFO] IPUIPlugin:80 - create IPUIPlugin
2026-04-23 06:29:54,023 [INFO] PluginManager:220 - loadIPPluginJar : add fmc
2026-04-23 06:29:54,058 [INFO] IPUIPlugin:80 - create IPUIPlugin
2026-04-23 06:29:54,058 [INFO] PluginManager:220 - loadIPPluginJar : add freertos
2026-04-23 06:29:54,109 [INFO] IPUIPlugin:80 - create IPUIPlugin
2026-04-23 06:29:54,109 [INFO] PluginManager:220 - loadIPPluginJar : add genericplugin
2026-04-23 06:29:54,293 [INFO] IPUIPlugin:80 - create IPUIPlugin
2026-04-23 06:29:54,293 [INFO] PluginManager:220 - loadIPPluginJar : add gfxmmu
2026-04-23 06:29:54,617 [INFO] IPUIPlugin:80 - create IPUIPlugin
2026-04-23 06:29:54,617 [INFO] PluginManager:220 - loadIPPluginJar : add gic
2026-04-23 06:29:54,645 [INFO] IPUIPlugin:80 - create IPUIPlugin
2026-04-23 06:29:54,645 [INFO] PluginManager:220 - loadIPPluginJar : add gpio
2026-04-23 06:29:54,810 [INFO] IPUIPlugin:80 - create IPUIPlugin
2026-04-23 06:29:54,810 [INFO] PluginManager:220 - loadIPPluginJar : add gtzc
2026-04-23 06:29:54,875 [INFO] IPUIPlugin:80 - create IPUIPlugin
2026-04-23 06:29:54,875 [INFO] PluginManager:220 - loadIPPluginJar : add hash
2026-04-23 06:29:54,988 [INFO] IPUIPlugin:80 - create IPUIPlugin
2026-04-23 06:29:54,989 [INFO] PluginManager:220 - loadIPPluginJar : add i2c
2026-04-23 06:29:55,071 [INFO] IPUIPlugin:80 - create IPUIPlugin
2026-04-23 06:29:55,072 [INFO] PluginManager:220 - loadIPPluginJar : add i2s
2026-04-23 06:29:55,159 [INFO] IPUIPlugin:80 - create IPUIPlugin
2026-04-23 06:29:55,159 [INFO] PluginManager:220 - loadIPPluginJar : add i3c
2026-04-23 06:29:55,337 [INFO] IPUIPlugin:80 - create IPUIPlugin
2026-04-23 06:29:55,338 [INFO] PluginManager:220 - loadIPPluginJar : add ipddr
2026-04-23 06:29:55,465 [INFO] ThirdPartyUpdaterWithRetryManager:70 - Updater plugin not ready yet. [2/15]
2026-04-23 06:29:55,502 [INFO] IPUIPlugin:80 - create IPUIPlugin
2026-04-23 06:29:55,503 [INFO] PluginManager:220 - loadIPPluginJar : add linkedlist
2026-04-23 06:29:55,564 [INFO] IPUIPlugin:80 - create IPUIPlugin
2026-04-23 06:29:55,564 [INFO] PluginManager:220 - loadIPPluginJar : add lorawan
2026-04-23 06:29:55,621 [INFO] IPUIPlugin:80 - create IPUIPlugin
2026-04-23 06:29:55,621 [INFO] PluginManager:220 - loadIPPluginJar : add ltdc
2026-04-23 06:29:55,642 [INFO] IPUIPlugin:80 - create IPUIPlugin
2026-04-23 06:29:55,642 [INFO] PluginManager:220 - loadIPPluginJar : add mdma
2026-04-23 06:29:55,661 [INFO] IPUIPlugin:80 - create IPUIPlugin
2026-04-23 06:29:55,661 [INFO] PluginManager:220 - loadIPPluginJar : add nvic
2026-04-23 06:29:55,721 [INFO] IPUIPlugin:80 - create IPUIPlugin
2026-04-23 06:29:55,721 [INFO] PluginManager:220 - loadIPPluginJar : add opamp
2026-04-23 06:29:55,830 [INFO] IPUIPlugin:80 - create IPUIPlugin
2026-04-23 06:29:55,830 [INFO] PluginManager:220 - loadIPPluginJar : add openamp
2026-04-23 06:29:55,906 [INFO] IPUIPlugin:80 - create IPUIPlugin
2026-04-23 06:29:55,906 [INFO] PluginManager:220 - loadIPPluginJar : add pdm2pcm
2026-04-23 06:29:55,926 [INFO] IPUIPlugin:80 - create IPUIPlugin
2026-04-23 06:29:55,930 [INFO] PluginManager:220 - loadIPPluginJar : add plateformsettings
2026-04-23 06:29:55,965 [INFO] IPUIPlugin:80 - create IPUIPlugin
2026-04-23 06:29:55,965 [INFO] PluginManager:220 - loadIPPluginJar : add quadspi
2026-04-23 06:29:56,011 [INFO] IPUIPlugin:80 - create IPUIPlugin
2026-04-23 06:29:56,012 [INFO] PluginManager:220 - loadIPPluginJar : add radio
2026-04-23 06:29:56,036 [INFO] IPUIPlugin:80 - create IPUIPlugin
2026-04-23 06:29:56,036 [INFO] PluginManager:220 - loadIPPluginJar : add resmgrutility
2026-04-23 06:29:56,132 [INFO] IPUIPlugin:80 - create IPUIPlugin
2026-04-23 06:29:56,132 [INFO] PluginManager:220 - loadIPPluginJar : add sai
2026-04-23 06:29:56,192 [INFO] IPUIPlugin:80 - create IPUIPlugin
2026-04-23 06:29:56,193 [INFO] PluginManager:220 - loadIPPluginJar : add spi
2026-04-23 06:29:56,320 [INFO] IPUIPlugin:80 - create IPUIPlugin
2026-04-23 06:29:56,320 [INFO] PluginManager:220 - loadIPPluginJar : add stm32_wpan
2026-04-23 06:29:56,361 [INFO] IPUIPlugin:80 - create IPUIPlugin
2026-04-23 06:29:56,361 [INFO] PluginManager:220 - loadIPPluginJar : add tim
2026-04-23 06:29:56,464 [INFO] IPUIPlugin:80 - create IPUIPlugin
2026-04-23 06:29:56,464 [INFO] PluginManager:220 - loadIPPluginJar : add touchsensing
2026-04-23 06:29:56,499 [INFO] IPUIPlugin:80 - create IPUIPlugin
2026-04-23 06:29:56,500 [INFO] PluginManager:220 - loadIPPluginJar : add tracer_emb
2026-04-23 06:29:56,541 [INFO] IPUIPlugin:80 - create IPUIPlugin
2026-04-23 06:29:56,541 [INFO] PluginManager:220 - loadIPPluginJar : add ts
2026-04-23 06:29:56,580 [INFO] IPUIPlugin:80 - create IPUIPlugin
2026-04-23 06:29:56,580 [INFO] PluginManager:220 - loadIPPluginJar : add tsc
2026-04-23 06:29:56,618 [INFO] IPUIPlugin:80 - create IPUIPlugin
2026-04-23 06:29:56,618 [INFO] PluginManager:220 - loadIPPluginJar : add ucpd
2026-04-23 06:29:56,688 [INFO] IPUIPlugin:80 - create IPUIPlugin
2026-04-23 06:29:56,688 [INFO] PluginManager:220 - loadIPPluginJar : add usart
2026-04-23 06:29:56,756 [INFO] IPUIPlugin:80 - create IPUIPlugin
2026-04-23 06:29:56,756 [INFO] PluginManager:220 - loadIPPluginJar : add usbx
2026-04-23 06:29:56,928 [FATAL] Updater:351 - Updater called before beeing initialized
2026-04-23 06:29:56,977 [INFO] RulesReader:64 - Compatibility file has been processed (301 Rules)
2026-04-23 06:29:56,992 [INFO] RulesReader:64 - Compatibility file has been processed (301 Rules)
2026-04-23 06:29:57,002 [INFO] CADModel:165 - CPN selected for project level
2026-04-23 06:29:57,002 [INFO] CADModel:114 - Register for checkConnection events
2026-04-23 06:29:57,003 [FATAL] Updater:351 - Updater called before beeing initialized
2026-04-23 06:29:57,003 [ERROR] CADModel:125 - Updater not yet initialized, retry later 
2026-04-23 06:29:57,193 [FATAL] Updater:351 - Updater called before beeing initialized
2026-04-23 06:29:57,195 [INFO] CADModel:165 - CPN selected for project level
2026-04-23 06:29:57,195 [INFO] CADModel:114 - Register for checkConnection events
2026-04-23 06:29:57,195 [FATAL] Updater:351 - Updater called before beeing initialized
2026-04-23 06:29:57,195 [ERROR] CADModel:125 - Updater not yet initialized, retry later 
2026-04-23 06:29:57,199 [FATAL] Updater:351 - Updater called before beeing initialized
2026-04-23 06:29:57,331 [FATAL] Updater:351 - Updater called before beeing initialized
2026-04-23 06:29:57,345 [INFO] DbMcusAds:53 - JSON generation date=Fri Apr 10 14:49:02 IST 2026 (1775812742310)
2026-04-23 06:29:57,345 [FATAL] Updater:351 - Updater called before beeing initialized
2026-04-23 06:29:57,394 [WARN] DetailPanel:346 - Failed to get advertising image, set to default
2026-04-23 06:29:57,711 [FATAL] Updater:351 - Updater called before beeing initialized
2026-04-23 06:29:57,714 [FATAL] Updater:351 - Updater called before beeing initialized
2026-04-23 06:29:57,714 [FATAL] Updater:351 - Updater called before beeing initialized
2026-04-23 06:29:57,714 [WARN] DetailPanel:346 - Failed to get advertising image, set to default
2026-04-23 06:29:57,715 [FATAL] Updater:351 - Updater called before beeing initialized
2026-04-23 06:29:57,805 [ERROR] Updater:1198 - MainUpdater not yet initialized. External WinMGr cannot be set.
2026-04-23 06:29:57,829 [INFO] Updater:1134 - Updater Version found : 6.14.0
2026-04-23 06:29:57,889 [INFO] ApplicationProperties:184 - Using Application install path: C:\ST\STM32CubeIDE_1.18.0\STM32CubeIDE\plugins\com.st.stm32cube.common.mx_6.14.0.202502271554
2026-04-23 06:29:58,467 [INFO] ThirdPartyUpdaterWithRetryManager:70 - Updater plugin not ready yet. [3/15]
2026-04-23 06:29:59,503 [ERROR] LogOutputStream:75 - [STDERR_REDIRECT] Apr 23, 2026 6:29:59 AM java.util.prefs.WindowsPreferences <init>
2026-04-23 06:29:59,508 [ERROR] LogOutputStream:75 - [STDERR_REDIRECT] WARNING: Could not open/create prefs root node Software\JavaSoft\Prefs at root 0xffffffff80000002. Windows RegCreateKeyEx(...) returned error code 5.
2026-04-23 06:29:59,509 [ERROR] LogOutputStream:75 - [STDERR_REDIRECT] 
2026-04-23 06:30:00,635 [INFO] MainUpdater:2872 - connection check result : 10
2026-04-23 06:30:00,637 [INFO] MainUpdater:289 - Updater Check For Update Now.
2026-04-23 06:30:00,637 [INFO] MicroXplorer:498 - Change Database Version : DB.6.0.140
2026-04-23 06:30:00,684 [INFO] McuFinderGlobals:63 - Set McuFinder mode to 2 (CubeIDE integrated)
2026-04-23 06:30:00,705 [INFO] UserAuth:486 - Internet connection configuration mode: 1
2026-04-23 06:30:00,770 [INFO] JxBrowserEngine:152 - Initiate JxBrowser Engine with user profile folder
2026-04-23 06:30:00,935 [INFO] CheckServerUpdateThread:120 - End of CheckServer Thread
2026-04-23 06:30:01,871 [WARN] PackLoader:240 - Cannot read IP mode file for STMicroelectronics.X-CUBE-AZRTOS-H7.3.5.0
2026-04-23 06:30:01,900 [WARN] PackLoader:240 - Cannot read IP mode file for STMicroelectronics.FP-ATR-ASTRA1.2.0.2
2026-04-23 06:30:01,928 [WARN] PackLoader:240 - Cannot read IP mode file for STMicroelectronics.X-CUBE-SMBUS.2.1.0
2026-04-23 06:30:02,010 [WARN] PackLoader:240 - Cannot read IP mode file for STMicroelectronics.X-CUBE-AZRTOS-F7.1.1.0
2026-04-23 06:30:02,049 [ERROR] Engine:466 - C:\Users\91762\.stm32cubemx\thirdparties\pdsc\STMicroelectronics.FP-SNS-MOTENV1.5.1.0.pdsc: PDSC version is not supported
2026-04-23 06:30:02,103 [ERROR] Engine:466 - C:\Users\91762\.stm32cubemx\thirdparties\pdsc\WES.I-CUBE-Cesium.1.4.0.pdsc: PDSC version is not supported
2026-04-23 06:30:02,140 [WARN] PackLoader:240 - Cannot read IP mode file for STMicroelectronics.X-CUBE-DISPLAY.3.0.0
2026-04-23 06:30:02,167 [ERROR] Engine:466 - C:\Users\91762\.stm32cubemx\thirdparties\pdsc\STMicroelectronics.FP-SNS-MOTENVWB1.1.5.0.pdsc: PDSC version is not supported
2026-04-23 06:30:02,200 [WARN] PackLoader:240 - Cannot read IP mode file for STMicroelectronics.X-CUBE-NFC10.1.0.0
2026-04-23 06:30:02,226 [WARN] PackLoader:240 - Cannot read IP mode file for STMicroelectronics.X-CUBE-ST60.1.1.0
2026-04-23 06:30:02,249 [WARN] PackLoader:240 - Cannot read IP mode file for emotas.I-CUBE-CANOPEN.1.3.0
2026-04-23 06:30:02,271 [WARN] PackLoader:240 - Cannot read IP mode file for STMicroelectronics.X-CUBE-GNSS1.7.1.0
2026-04-23 06:30:02,290 [ERROR] Engine:466 - C:\Users\91762\.stm32cubemx\thirdparties\pdsc\STMicroelectronics.FP-SNS-STBOX1.2.1.0.pdsc: PDSC version is not supported
2026-04-23 06:30:02,311 [WARN] PackLoader:240 - Cannot read IP mode file for STMicroelectronics.FP-SNS-SMARTAG2.1.2.0
2026-04-23 06:30:02,331 [WARN] PackLoader:240 - Cannot read IP mode file for STMicroelectronics.FP-SNS-FLIGHT1.5.1.0
2026-04-23 06:30:02,362 [INFO] LogOutputStream:77 - [STDOUT_REDIRECT] 1 : Invalid condition id : UX_CORESTACK_Condition cause : null
2026-04-23 06:30:02,363 [INFO] LogOutputStream:77 - [STDOUT_REDIRECT] 1 : Invalid condition id : UX_CORESTACK_Condition cause : null
2026-04-23 06:30:02,364 [INFO] LogOutputStream:77 - [STDOUT_REDIRECT] 1 : Invalid condition id : UX_CORESTACK_Condition cause : null
2026-04-23 06:30:02,365 [INFO] LogOutputStream:77 - [STDOUT_REDIRECT] 1 : Invalid condition id : UX_CORESTACK_Condition cause : null
2026-04-23 06:30:02,366 [INFO] LogOutputStream:77 - [STDOUT_REDIRECT] 1 : Invalid condition id : UX_CORESTACK_Condition cause : null
2026-04-23 06:30:02,369 [WARN] PackLoader:240 - Cannot read IP mode file for STMicroelectronics.X-CUBE-AZRTOS-WL.2.0.0
2026-04-23 06:30:02,402 [WARN] PackLoader:240 - Cannot read IP mode file for STMicroelectronics.X-CUBE-AZRTOS-H7RS.1.2.0
2026-04-23 06:30:02,425 [WARN] PackLoader:240 - Cannot read IP mode file for STMicroelectronics.X-CUBE-BLE2.3.3.0
2026-04-23 06:30:02,793 [WARN] PackLoader:240 - Cannot read IP mode file for Infineon.AIROC-Wi-Fi-Bluetooth-STM32.1.8.0
2026-04-23 06:30:02,824 [WARN] PackLoader:240 - Cannot read IP mode file for STMicroelectronics.X-CUBE-NFC9.1.0.0
2026-04-23 06:30:02,844 [WARN] PackLoader:240 - Cannot read IP mode file for STMicroelectronics.X-CUBE-BLE1.7.1.0
2026-04-23 06:30:02,862 [WARN] PackLoader:240 - Cannot read IP mode file for wolfSSL.I-CUBE-wolfMQTT.1.19.2
2026-04-23 06:30:02,881 [WARN] PackLoader:240 - Cannot read IP mode file for STMicroelectronics.X-CUBE-EEPRMA1.5.2.0
2026-04-23 06:30:02,898 [WARN] PackLoader:240 - Cannot read IP mode file for wolfSSL.I-CUBE-wolfSSL.5.8.4
2026-04-23 06:30:02,918 [WARN] PackLoader:240 - Cannot read IP mode file for Cesanta.I-CUBE-Mongoose.7.20.0
2026-04-23 06:30:02,969 [WARN] PackLoader:240 - Cannot read IP mode file for STMicroelectronics.X-CUBE-MEMS1.12.0.0
2026-04-23 06:30:03,075 [WARN] PackLoader:240 - Cannot read IP mode file for STMicroelectronics.X-CUBE-AZRTOS-G0.1.1.0
2026-04-23 06:30:03,113 [WARN] PackLoader:240 - Cannot read IP mode file for STMicroelectronics.X-CUBE-NFC4.3.0.0
2026-04-23 06:30:03,151 [WARN] PackLoader:240 - Cannot read IP mode file for EmbeddedOffice.I-CUBE-FS-RTOS.1.0.1
2026-04-23 06:30:03,183 [WARN] PackLoader:240 - Cannot read IP mode file for wolfSSL.I-CUBE-wolfTPM.3.8.0
2026-04-23 06:30:03,217 [WARN] PackLoader:240 - Cannot read IP mode file for STMicroelectronics.X-CUBE-TCPP.4.2.0
2026-04-23 06:30:03,260 [WARN] PackLoader:240 - Cannot read IP mode file for RealThread.X-CUBE-RT-Thread_Nano.4.1.1
2026-04-23 06:30:03,295 [WARN] PackLoader:240 - Cannot read IP mode file for STMicroelectronics.FP-ATR-SIGFOX1.3.2.0
2026-04-23 06:30:03,317 [ERROR] Engine:466 - C:\Users\91762\.stm32cubemx\thirdparties\pdsc\STMicroelectronics.X-CUBE-FREERTOS.1.5.0.pdsc: PDSC version is not supported
2026-04-23 06:30:03,344 [WARN] PackLoader:240 - Cannot read IP mode file for ITTIA_DB.I-CUBE-ITTIADB.8.9.0
2026-04-23 06:30:03,372 [WARN] PackLoader:240 - Cannot read IP mode file for STMicroelectronics.X-CUBE-NFC6.3.2.0
2026-04-23 06:30:03,400 [WARN] PackLoader:240 - Cannot read IP mode file for STMicroelectronics.X-CUBE-AI.10.2.0
2026-04-23 06:30:03,448 [WARN] PackLoader:240 - Cannot read IP mode file for SEGGER.I-CUBE-embOS.1.3.1
2026-04-23 06:30:03,516 [WARN] PackLoader:240 - Cannot read IP mode file for STMicroelectronics.X-CUBE-ALGOBUILD.1.4.0
2026-04-23 06:30:03,546 [WARN] PackLoader:240 - Cannot read IP mode file for STMicroelectronics.X-CUBE-PM33A1.1.0.0
2026-04-23 06:30:03,589 [WARN] PackLoader:240 - Cannot read IP mode file for STMicroelectronics.X-CUBE-AZRTOS-F4.1.1.0
2026-04-23 06:30:03,615 [WARN] PackLoader:240 - Cannot read IP mode file for STMicroelectronics.X-CUBE-ISPU.2.1.0
2026-04-23 06:30:03,633 [ERROR] Engine:466 - C:\Users\91762\.stm32cubemx\thirdparties\pdsc\STMicroelectronics.X-CUBE-IPS.3.2.0.pdsc: PDSC version is not supported
2026-04-23 06:30:03,649 [WARN] PackLoader:240 - Cannot read IP mode file for STMicroelectronics.eDS-WB_DPC_TT-BIDIR.2.1.1
2026-04-23 06:30:03,666 [WARN] PackLoader:240 - Cannot read IP mode file for STMicroelectronics.X-CUBE-NFC12.1.0.0
2026-04-23 06:30:03,696 [WARN] PackLoader:240 - Cannot read IP mode file for STMicroelectronics.X-CUBE-AZRTOS-L5.2.0.0
2026-04-23 06:30:03,716 [WARN] PackLoader:240 - Cannot read IP mode file for STMicroelectronics.eDS-WB_DPC_VIENNA.1.2.0
2026-04-23 06:30:03,721 [INFO] WebApp:169 - Instantiating new browser for Auth
2026-04-23 06:30:03,742 [WARN] PackLoader:240 - Cannot read IP mode file for STMicroelectronics.eDS-WB_DPC_3PH2L-BIDIR.1.1.1
2026-04-23 06:30:03,778 [ERROR] Engine:466 - C:\Users\91762\.stm32cubemx\thirdparties\pdsc\STMicroelectronics.X-CUBE-ST67W61.1.3.0.pdsc: PDSC version is not supported
2026-04-23 06:30:03,826 [WARN] PackLoader:240 - Cannot read IP mode file for STMicroelectronics.X-CUBE-TOUCHGFX.4.26.1
2026-04-23 06:30:03,858 [WARN] PackLoader:240 - Cannot read IP mode file for STMicroelectronics.FP-SNS-STAIOTCFT.1.0.0
2026-04-23 06:30:03,882 [WARN] PackLoader:240 - Cannot read IP mode file for STMicroelectronics.X-CUBE-DPower.1.3.0
2026-04-23 06:30:03,928 [WARN] ConditionMgr:438 - getConditionDescription Invalid condition id : LAN8742 Phy interface Condition cause : null
2026-04-23 06:30:03,929 [WARN] PackLoader:240 - Cannot read IP mode file for STMicroelectronics.X-CUBE-AZRTOS-L4.2.0.0
2026-04-23 06:30:03,930 [WARN] ConditionMgr:1044 - genDependencies : Invalid condition id : LAN8742 Phy interface Condition cause : null
2026-04-23 06:30:03,930 [WARN] ConditionMgr:1044 - genDependencies : Invalid condition id : LAN8742 Phy interface Condition cause : null
2026-04-23 06:30:03,931 [WARN] ConditionMgr:1044 - genDependencies : Invalid condition id : LAN8742 Phy interface Condition cause : null
2026-04-23 06:30:03,961 [WARN] PackLoader:240 - Cannot read IP mode file for STMicroelectronics.X-CUBE-SFXS2LP1.4.0.0
2026-04-23 06:30:03,985 [WARN] PackLoader:240 - Cannot read IP mode file for STMicroelectronics.X-CUBE-WB05N.2.1.0
2026-04-23 06:30:04,008 [ERROR] Engine:466 - C:\Users\91762\.stm32cubemx\thirdparties\pdsc\STMicroelectronics.X-CUBE-ST67W61.1.2.0.pdsc: PDSC version is not supported
2026-04-23 06:30:04,034 [WARN] PackLoader:240 - Cannot read IP mode file for STMicroelectronics.X-CUBE-BLEMGR.4.1.0
2026-04-23 06:30:04,077 [WARN] ConditionMgr:438 - getConditionDescription Invalid condition id : UX DEVICE CLASS RTOS Condition cause : null
2026-04-23 06:30:04,077 [WARN] ConditionMgr:438 - getConditionDescription Invalid condition id : UX DEVICE CLASS RTOS Condition cause : null
2026-04-23 06:30:04,079 [WARN] PackLoader:240 - Cannot read IP mode file for STMicroelectronics.X-CUBE-AZRTOS-WB.2.0.0
2026-04-23 06:30:04,080 [WARN] ConditionMgr:1044 - genDependencies : Invalid condition id : UX DEVICE CLASS RTOS Condition cause : null
2026-04-23 06:30:04,080 [WARN] ConditionMgr:1044 - genDependencies : Invalid condition id : UX DEVICE CLASS RTOS Condition cause : null
2026-04-23 06:30:04,080 [WARN] ConditionMgr:1044 - genDependencies : Invalid condition id : UX DEVICE CLASS RTOS Condition cause : null
2026-04-23 06:30:04,081 [WARN] ConditionMgr:1044 - genDependencies : Invalid condition id : UX DEVICE CLASS RTOS Condition cause : null
2026-04-23 06:30:04,081 [WARN] ConditionMgr:1044 - genDependencies : Invalid condition id : UX DEVICE CLASS RTOS Condition cause : null
2026-04-23 06:30:04,102 [WARN] ConditionMgr:438 - getConditionDescription Invalid condition id : Cortex-A Device cause : null
2026-04-23 06:30:04,133 [WARN] ConditionMgr:1044 - genDependencies : Invalid condition id : Cortex-A Device cause : null
2026-04-23 06:30:04,133 [WARN] ConditionMgr:1044 - genDependencies : Invalid condition id : Cortex-A Device cause : null
2026-04-23 06:30:04,133 [WARN] ConditionMgr:1044 - genDependencies : Invalid condition id : Cortex-A Device cause : null
2026-04-23 06:30:04,153 [WARN] PackLoader:240 - Cannot read IP mode file for STMicroelectronics.X-CUBE-STSE01.2.0.0
2026-04-23 06:30:04,175 [WARN] PackLoader:240 - Cannot read IP mode file for STMicroelectronics.X-CUBE-SUBG2.5.0.0
2026-04-23 06:30:04,229 [WARN] PackLoader:240 - Cannot read IP mode file for STMicroelectronics.X-CUBE-AZRTOS-G4.2.0.0
2026-04-23 06:30:04,282 [WARN] PackLoader:240 - Cannot read IP mode file for wolfSSL.I-CUBE-wolfSSH.1.4.20
2026-04-23 06:30:04,307 [WARN] PackLoader:240 - Cannot read IP mode file for STMicroelectronics.X-CUBE-NFC7.2.0.0
2026-04-23 06:30:04,331 [WARN] PackLoader:240 - Cannot read IP mode file for STMicroelectronics.X-CUBE-ALS.1.0.2
2026-04-23 06:30:04,359 [WARN] PackLoader:240 - Cannot read IP mode file for STMicroelectronics.X-CUBE-TOF1.3.4.3
2026-04-23 06:30:04,368 [INFO] ThirdParty:978 - Integrity check success = true
2026-04-23 06:30:04,368 [INFO] IntegrityCheckThread:100 - exiting critical section [integrity check]
2026-04-23 06:30:04,368 [INFO] IntegrityCheckThread:103 - End integrity checks thread
2026-04-23 06:30:05,252 [INFO] WebApp:463 - Apply proxy settings
2026-04-23 06:30:05,252 [INFO] WebApp:548 - Chromium requires no authentication
2026-04-23 06:30:05,265 [INFO] WebApp:491 - Direct internet connection detected
2026-04-23 06:30:05,319 [INFO] WebApp:894 - Register for checkConnection events
2026-04-23 06:30:05,319 [INFO] WebApp:463 - Apply proxy settings
2026-04-23 06:30:05,320 [INFO] WebApp:548 - Chromium requires no authentication
2026-04-23 06:30:05,321 [INFO] WebApp:491 - Direct internet connection detected
2026-04-23 06:30:05,539 [INFO] WebApp:191 - Connection restablished
2026-04-23 06:30:05,684 [INFO] WebApp:225 - Starting web application
2026-04-23 06:30:05,685 [INFO] WebApp:593 - Web application path used C:\ST\STM32CubeIDE_1.18.0\STM32CubeIDE\plugins\com.st.stm32cube.common.mx_6.14.0.202502271554\db\plugins\mcufinder\reactClient1\index.html
2026-04-23 06:30:06,129 [INFO] UserAuth:486 - Internet connection configuration mode: 1
2026-04-23 07:18:07,909 [INFO] WebApp:194 - Connection lost
2026-04-23 07:18:08,336 [INFO] WebApp:191 - Connection restablished
2026-04-23 07:18:08,715 [INFO] WebApp:194 - Connection lost
2026-04-23 07:18:09,019 [INFO] WebApp:191 - Connection restablished
2026-04-23 07:18:10,656 [INFO] WebApp:194 - Connection lost
2026-04-23 07:18:10,924 [INFO] WebApp:191 - Connection restablished
2026-04-23 07:18:18,920 [INFO] WebApp:194 - Connection lost
2026-04-23 07:18:19,055 [INFO] WebApp:191 - Connection restablished
2026-04-23 07:20:08,623 [INFO] WebApp:194 - Connection lost
2026-04-23 07:20:09,074 [INFO] WebApp:191 - Connection restablished
2026-04-23 07:38:57,030 [ERROR] LogOutputStream:75 - [STDERR_REDIRECT] 
2026-04-23 09:06:47,984 [INFO] Activator:176 - 


2026-04-23 09:06:47,984 [INFO] Activator:177 - !SESSION log4j initialized
2026-04-23 09:06:54,706 [INFO] LogOutputStream:77 - [STDOUT_REDIRECT] 
2026-04-23 09:06:57,267 [INFO] ApplicationProperties:184 - Using Application install path: C:\ST\STM32CubeIDE_1.18.0\STM32CubeIDE\plugins\com.st.stm32cube.common.mx_6.14.0.202502271554
2026-04-23 09:06:57,283 [INFO] DbMcusXml:78 - Set database path to: C:\ST\STM32CubeIDE_1.18.0\STM32CubeIDE\plugins\com.st.stm32cube.common.mx_6.14.0.202502271554\\db\/mcu/
2026-04-23 09:06:57,283 [INFO] ApiDb:274 - Set plugin database path to: C:\ST\STM32CubeIDE_1.18.0\STM32CubeIDE\plugins\com.st.stm32cube.common.mx_6.14.0.202502271554\\db\/plugins/boardmanager/
2026-04-23 09:06:57,283 [WARN] ApiDb:259 - Overriding images path with different value:  => C:\ST\STM32CubeIDE_1.18.0\STM32CubeIDE\plugins\com.st.stm32cube.common.mx_6.14.0.202502271554\\db\/plugins/mcufinder/images/
2026-04-23 09:06:57,291 [INFO] ApiDb:250 - Set database path to: C:\Users\91762\.stmcufinder\plugins\mcufinder//mcu/
2026-04-23 09:06:57,292 [INFO] DbMcusAds:125 - Set database path to: C:\Users\91762\.stmcufinder\plugins\mcufinder//mcu/
2026-04-23 09:06:57,294 [INFO] CrossReferenceDbSqlite:203 - Set database path to: C:\Users\91762\.stmcufinder\plugins\mcufinder//mcu/cs/
2026-04-23 09:06:57,395 [INFO] RulesReader:64 - Compatibility file has been processed (301 Rules)
2026-04-23 09:06:57,473 [INFO] DbMcusXml:78 - Set database path to: C:\ST\STM32CubeIDE_1.18.0\STM32CubeIDE\plugins\com.st.stm32cube.common.mx_6.14.0.202502271554\\db\/mcu/
2026-04-23 09:06:57,474 [INFO] ApiDb:274 - Set plugin database path to: C:\ST\STM32CubeIDE_1.18.0\STM32CubeIDE\plugins\com.st.stm32cube.common.mx_6.14.0.202502271554\\db\/plugins/boardmanager/
2026-04-23 09:06:57,474 [INFO] ApiDb:261 - Set plugin images path to: C:\ST\STM32CubeIDE_1.18.0\STM32CubeIDE\plugins\com.st.stm32cube.common.mx_6.14.0.202502271554\\db\/plugins/mcufinder/images/
2026-04-23 09:06:57,474 [WARN] DbFile:41 - Overriding database path with different value: C:\Users\91762\.stmcufinder\plugins\mcufinder/ => C:\Users\91762\.stmcufinder\plugins\mcufinder
2026-04-23 09:06:57,474 [INFO] ApiDb:250 - Set database path to: C:\Users\91762\.stmcufinder\plugins\mcufinder//mcu/
2026-04-23 09:06:57,474 [WARN] DbFile:41 - Overriding database path with different value: C:\Users\91762\.stmcufinder\plugins\mcufinder/ => C:\Users\91762\.stmcufinder\plugins\mcufinder
2026-04-23 09:06:57,474 [INFO] DbMcusAds:125 - Set database path to: C:\Users\91762\.stmcufinder\plugins\mcufinder//mcu/
2026-04-23 09:06:57,474 [WARN] DbFile:41 - Overriding database path with different value: C:\Users\91762\.stmcufinder\plugins\mcufinder/ => C:\Users\91762\.stmcufinder\plugins\mcufinder
2026-04-23 09:06:57,474 [WARN] DbFile:41 - Overriding database path with different value: C:\Users\91762\.stmcufinder\plugins\mcufinder/ => C:\Users\91762\.stmcufinder\plugins\mcufinder
2026-04-23 09:06:57,474 [INFO] CrossReferenceDbSqlite:203 - Set database path to: C:\Users\91762\.stmcufinder\plugins\mcufinder//mcu/cs/
2026-04-23 09:06:57,550 [INFO] MainPanel:272 - HeapMemory: 268435456
2026-04-23 09:06:57,674 [INFO] DbMcusXml:78 - Set database path to: C:\ST\STM32CubeIDE_1.18.0\STM32CubeIDE\plugins\com.st.stm32cube.common.mx_6.14.0.202502271554\\db\/mcu/
2026-04-23 09:06:57,675 [INFO] ApiDb:274 - Set plugin database path to: C:\ST\STM32CubeIDE_1.18.0\STM32CubeIDE\plugins\com.st.stm32cube.common.mx_6.14.0.202502271554\\db\/plugins/boardmanager/
2026-04-23 09:06:57,675 [INFO] ApiDb:261 - Set plugin images path to: C:\ST\STM32CubeIDE_1.18.0\STM32CubeIDE\plugins\com.st.stm32cube.common.mx_6.14.0.202502271554\\db\/plugins/mcufinder/images/
2026-04-23 09:06:57,675 [WARN] DbFile:41 - Overriding database path with different value: C:\Users\91762\.stmcufinder\plugins\mcufinder/ => C:\Users\91762\.stmcufinder\plugins\mcufinder
2026-04-23 09:06:57,675 [INFO] ApiDb:250 - Set database path to: C:\Users\91762\.stmcufinder\plugins\mcufinder//mcu/
2026-04-23 09:06:57,675 [WARN] DbFile:41 - Overriding database path with different value: C:\Users\91762\.stmcufinder\plugins\mcufinder/ => C:\Users\91762\.stmcufinder\plugins\mcufinder
2026-04-23 09:06:57,675 [INFO] DbMcusAds:125 - Set database path to: C:\Users\91762\.stmcufinder\plugins\mcufinder//mcu/
2026-04-23 09:06:57,675 [WARN] DbFile:41 - Overriding database path with different value: C:\Users\91762\.stmcufinder\plugins\mcufinder/ => C:\Users\91762\.stmcufinder\plugins\mcufinder
2026-04-23 09:06:57,675 [WARN] DbFile:41 - Overriding database path with different value: C:\Users\91762\.stmcufinder\plugins\mcufinder/ => C:\Users\91762\.stmcufinder\plugins\mcufinder
2026-04-23 09:06:57,675 [INFO] CrossReferenceDbSqlite:203 - Set database path to: C:\Users\91762\.stmcufinder\plugins\mcufinder//mcu/cs/
2026-04-23 09:06:57,699 [INFO] ApplicationProperties:184 - Using Application install path: C:\ST\STM32CubeIDE_1.18.0\STM32CubeIDE\plugins\com.st.stm32cube.common.mx_6.14.0.202502271554
2026-04-23 09:06:57,702 [INFO] PluginManage:196 - Search for loadable plugins [exclusion list=, ]
2026-04-23 09:06:57,705 [INFO] PluginManage:310 - Check plugin analytics
2026-04-23 09:06:57,911 [INFO] AnalyticsPlugin:253 - Accepted Software Licenses: 
2026-04-23 09:06:57,911 [INFO] AnalyticsPlugin:255 - Accepted CMSIS Pack Licenses: 
2026-04-23 09:06:57,911 [INFO] AnalyticsPlugin:257 - Accepted Firmware Licenses: FW.F4.1.28.0
2026-04-23 09:06:57,913 [INFO] PluginManage:359 - Loaded plugin analytics (category:tool,tabindex:-1)
2026-04-23 09:06:57,913 [INFO] PluginManage:310 - Check plugin cadmodel
2026-04-23 09:06:57,927 [INFO] CADModel:105 - Init CAD model plugin
2026-04-23 09:06:57,928 [INFO] PluginManage:359 - Loaded plugin cadmodel (category:power,tabindex:5)
2026-04-23 09:06:57,928 [INFO] PluginManage:310 - Check plugin clock
2026-04-23 09:06:57,946 [INFO] PluginManage:359 - Loaded plugin clock (category:base,tabindex:2)
2026-04-23 09:06:57,946 [INFO] PluginManage:310 - Check plugin ddr
2026-04-23 09:06:57,948 [INFO] PluginManage:359 - Loaded plugin ddr (category:tool,tabindex:6)
2026-04-23 09:06:57,948 [INFO] PluginManage:310 - Check plugin filemanager
2026-04-23 09:06:58,081 [INFO] PluginManage:359 - Loaded plugin filemanager (category:base,tabindex:10)
2026-04-23 09:06:58,082 [INFO] PluginManage:310 - Check plugin ipmanager
2026-04-23 09:06:58,089 [INFO] PluginManage:359 - Loaded plugin ipmanager (category:base,tabindex:5)
2026-04-23 09:06:58,089 [INFO] PluginManage:310 - Check plugin lpbam
2026-04-23 09:06:58,106 [INFO] PluginManage:359 - Loaded plugin lpbam (category:base,tabindex:0)
2026-04-23 09:06:58,106 [INFO] PluginManage:310 - Check plugin memorymap
2026-04-23 09:06:58,130 [INFO] PluginManage:359 - Loaded plugin memorymap (category:base,tabindex:4)
2026-04-23 09:06:58,130 [INFO] PluginManage:310 - Check plugin pinoutandconfiguration
2026-04-23 09:06:58,149 [INFO] PluginManage:359 - Loaded plugin pinoutandconfiguration (category:base,tabindex:1)
2026-04-23 09:06:58,149 [INFO] PluginManage:310 - Check plugin pinoutconfig
2026-04-23 09:06:58,237 [WARN] SupportedApi:132 - Cannot load RTOS API schema: s4s-elt-must-match.1: The content of 'definitions' must match (annotation?, (simpleType | complexType)?, (unique | key | keyref)*)). A problem was found starting at: attribute.
2026-04-23 09:06:58,372 [INFO] PluginManage:359 - Loaded plugin pinoutconfig (category:base,tabindex:0)
2026-04-23 09:06:58,372 [INFO] PluginManage:310 - Check plugin power
2026-04-23 09:06:58,393 [INFO] PluginManage:359 - Loaded plugin power (category:power,tabindex:4)
2026-04-23 09:06:58,394 [INFO] PluginManage:310 - Check plugin projectmanager
2026-04-23 09:06:58,409 [INFO] PluginManage:359 - Loaded plugin projectmanager (category:projectmanager,tabindex:4)
2026-04-23 09:06:58,410 [INFO] PluginManage:310 - Check plugin rif
2026-04-23 09:06:58,427 [INFO] PluginManage:359 - Loaded plugin rif (category:base,tabindex:3)
2026-04-23 09:06:58,427 [INFO] PluginManage:310 - Check plugin thirdparty
2026-04-23 09:06:58,749 [INFO] PluginManage:359 - Loaded plugin thirdparty (category:base,tabindex:-1)
2026-04-23 09:06:58,749 [WARN] IntegrityCheckThread:84 - waiting for thirdparty lock release [integrity check]
2026-04-23 09:06:58,750 [INFO] IntegrityCheckThread:86 - entering critical section [integrity check]
2026-04-23 09:06:58,750 [INFO] PluginManage:310 - Check plugin tools
2026-04-23 09:06:58,750 [INFO] ThirdPartyUpdaterWithRetryManager:70 - Updater plugin not ready yet. [1/15]
2026-04-23 09:06:58,795 [INFO] PluginManage:359 - Loaded plugin tools (category:base,tabindex:7)
2026-04-23 09:06:58,795 [INFO] PluginManage:310 - Check plugin tutovideos
2026-04-23 09:06:59,041 [INFO] PluginManage:359 - Loaded plugin tutovideos (category:base,tabindex:-1)
2026-04-23 09:06:59,041 [INFO] PluginManage:310 - Check plugin updater
2026-04-23 09:06:59,065 [INFO] PluginManage:359 - Loaded plugin updater (category:base,tabindex:12)
2026-04-23 09:06:59,065 [INFO] PluginManage:310 - Check plugin userauth
2026-04-23 09:06:59,071 [INFO] UserAuth:118 - Init User Auth plugin
2026-04-23 09:06:59,072 [INFO] PluginManage:359 - Loaded plugin userauth (category:base,tabindex:14)
2026-04-23 09:06:59,073 [INFO] PluginManage:283 - PluginManage : Loaded plugins [18]
2026-04-23 09:06:59,437 [INFO] PinOutPanel:1589 - setPackage(No Configuration,No Configuration)
2026-04-23 09:06:59,534 [INFO] CADModel:165 - CPN selected for project level
2026-04-23 09:06:59,534 [INFO] CADModel:114 - Register for checkConnection events
2026-04-23 09:06:59,561 [INFO] IPUIPlugin:80 - create IPUIPlugin
2026-04-23 09:06:59,562 [INFO] PluginManager:220 - loadIPPluginJar : add adc
2026-04-23 09:06:59,603 [INFO] IPUIPlugin:80 - create IPUIPlugin
2026-04-23 09:06:59,603 [INFO] PluginManager:220 - loadIPPluginJar : add aes
2026-04-23 09:06:59,638 [INFO] IPUIPlugin:80 - create IPUIPlugin
2026-04-23 09:06:59,638 [INFO] PluginManager:220 - loadIPPluginJar : add can
2026-04-23 09:06:59,666 [INFO] IPUIPlugin:80 - create IPUIPlugin
2026-04-23 09:06:59,666 [INFO] PluginManager:220 - loadIPPluginJar : add comp
2026-04-23 09:06:59,699 [INFO] IPUIPlugin:80 - create IPUIPlugin
2026-04-23 09:06:59,699 [INFO] PluginManager:220 - loadIPPluginJar : add cryp
2026-04-23 09:06:59,711 [INFO] IPUIPlugin:80 - create IPUIPlugin
2026-04-23 09:06:59,711 [INFO] PluginManager:220 - loadIPPluginJar : add ddr_ctrl_phy
2026-04-23 09:06:59,738 [INFO] IPUIPlugin:80 - create IPUIPlugin
2026-04-23 09:06:59,738 [INFO] PluginManager:220 - loadIPPluginJar : add dfsdm
2026-04-23 09:06:59,751 [INFO] IPUIPlugin:80 - create IPUIPlugin
2026-04-23 09:06:59,752 [INFO] PluginManager:220 - loadIPPluginJar : add dma
2026-04-23 09:06:59,786 [INFO] IPUIPlugin:80 - create IPUIPlugin
2026-04-23 09:06:59,786 [INFO] PluginManager:220 - loadIPPluginJar : add dma3
2026-04-23 09:06:59,824 [INFO] IPUIPlugin:80 - create IPUIPlugin
2026-04-23 09:06:59,824 [INFO] PluginManager:220 - loadIPPluginJar : add extmemmanager
2026-04-23 09:06:59,844 [INFO] IPUIPlugin:80 - create IPUIPlugin
2026-04-23 09:06:59,844 [INFO] PluginManager:220 - loadIPPluginJar : add fatfs
2026-04-23 09:06:59,887 [INFO] IPUIPlugin:80 - create IPUIPlugin
2026-04-23 09:06:59,887 [INFO] PluginManager:220 - loadIPPluginJar : add fmc
2026-04-23 09:06:59,901 [INFO] IPUIPlugin:80 - create IPUIPlugin
2026-04-23 09:06:59,901 [INFO] PluginManager:220 - loadIPPluginJar : add freertos
2026-04-23 09:06:59,921 [INFO] IPUIPlugin:80 - create IPUIPlugin
2026-04-23 09:06:59,921 [INFO] PluginManager:220 - loadIPPluginJar : add genericplugin
2026-04-23 09:07:00,006 [INFO] IPUIPlugin:80 - create IPUIPlugin
2026-04-23 09:07:00,006 [INFO] PluginManager:220 - loadIPPluginJar : add gfxmmu
2026-04-23 09:07:00,140 [INFO] IPUIPlugin:80 - create IPUIPlugin
2026-04-23 09:07:00,140 [INFO] PluginManager:220 - loadIPPluginJar : add gic
2026-04-23 09:07:00,151 [INFO] IPUIPlugin:80 - create IPUIPlugin
2026-04-23 09:07:00,152 [INFO] PluginManager:220 - loadIPPluginJar : add gpio
2026-04-23 09:07:00,233 [INFO] IPUIPlugin:80 - create IPUIPlugin
2026-04-23 09:07:00,233 [INFO] PluginManager:220 - loadIPPluginJar : add gtzc
2026-04-23 09:07:00,266 [INFO] IPUIPlugin:80 - create IPUIPlugin
2026-04-23 09:07:00,266 [INFO] PluginManager:220 - loadIPPluginJar : add hash
2026-04-23 09:07:00,311 [INFO] IPUIPlugin:80 - create IPUIPlugin
2026-04-23 09:07:00,311 [INFO] PluginManager:220 - loadIPPluginJar : add i2c
2026-04-23 09:07:00,346 [INFO] IPUIPlugin:80 - create IPUIPlugin
2026-04-23 09:07:00,346 [INFO] PluginManager:220 - loadIPPluginJar : add i2s
2026-04-23 09:07:00,383 [INFO] IPUIPlugin:80 - create IPUIPlugin
2026-04-23 09:07:00,383 [INFO] PluginManager:220 - loadIPPluginJar : add i3c
2026-04-23 09:07:00,475 [INFO] IPUIPlugin:80 - create IPUIPlugin
2026-04-23 09:07:00,475 [INFO] PluginManager:220 - loadIPPluginJar : add ipddr
2026-04-23 09:07:00,562 [INFO] IPUIPlugin:80 - create IPUIPlugin
2026-04-23 09:07:00,562 [INFO] PluginManager:220 - loadIPPluginJar : add linkedlist
2026-04-23 09:07:00,595 [INFO] IPUIPlugin:80 - create IPUIPlugin
2026-04-23 09:07:00,595 [INFO] PluginManager:220 - loadIPPluginJar : add lorawan
2026-04-23 09:07:00,628 [INFO] IPUIPlugin:80 - create IPUIPlugin
2026-04-23 09:07:00,628 [INFO] PluginManager:220 - loadIPPluginJar : add ltdc
2026-04-23 09:07:00,643 [INFO] IPUIPlugin:80 - create IPUIPlugin
2026-04-23 09:07:00,643 [INFO] PluginManager:220 - loadIPPluginJar : add mdma
2026-04-23 09:07:00,654 [INFO] IPUIPlugin:80 - create IPUIPlugin
2026-04-23 09:07:00,654 [INFO] PluginManager:220 - loadIPPluginJar : add nvic
2026-04-23 09:07:00,689 [INFO] IPUIPlugin:80 - create IPUIPlugin
2026-04-23 09:07:00,689 [INFO] PluginManager:220 - loadIPPluginJar : add opamp
2026-04-23 09:07:00,746 [INFO] IPUIPlugin:80 - create IPUIPlugin
2026-04-23 09:07:00,746 [INFO] PluginManager:220 - loadIPPluginJar : add openamp
2026-04-23 09:07:00,783 [INFO] IPUIPlugin:80 - create IPUIPlugin
2026-04-23 09:07:00,783 [INFO] PluginManager:220 - loadIPPluginJar : add pdm2pcm
2026-04-23 09:07:00,796 [INFO] IPUIPlugin:80 - create IPUIPlugin
2026-04-23 09:07:00,798 [INFO] PluginManager:220 - loadIPPluginJar : add plateformsettings
2026-04-23 09:07:00,825 [INFO] IPUIPlugin:80 - create IPUIPlugin
2026-04-23 09:07:00,825 [INFO] PluginManager:220 - loadIPPluginJar : add quadspi
2026-04-23 09:07:00,847 [INFO] IPUIPlugin:80 - create IPUIPlugin
2026-04-23 09:07:00,847 [INFO] PluginManager:220 - loadIPPluginJar : add radio
2026-04-23 09:07:00,858 [INFO] IPUIPlugin:80 - create IPUIPlugin
2026-04-23 09:07:00,858 [INFO] PluginManager:220 - loadIPPluginJar : add resmgrutility
2026-04-23 09:07:00,896 [INFO] IPUIPlugin:80 - create IPUIPlugin
2026-04-23 09:07:00,896 [INFO] PluginManager:220 - loadIPPluginJar : add sai
2026-04-23 09:07:00,926 [INFO] IPUIPlugin:80 - create IPUIPlugin
2026-04-23 09:07:00,926 [INFO] PluginManager:220 - loadIPPluginJar : add spi
2026-04-23 09:07:00,989 [INFO] IPUIPlugin:80 - create IPUIPlugin
2026-04-23 09:07:00,989 [INFO] PluginManager:220 - loadIPPluginJar : add stm32_wpan
2026-04-23 09:07:01,009 [INFO] IPUIPlugin:80 - create IPUIPlugin
2026-04-23 09:07:01,009 [INFO] PluginManager:220 - loadIPPluginJar : add tim
2026-04-23 09:07:01,064 [INFO] IPUIPlugin:80 - create IPUIPlugin
2026-04-23 09:07:01,065 [INFO] PluginManager:220 - loadIPPluginJar : add touchsensing
2026-04-23 09:07:01,088 [INFO] IPUIPlugin:80 - create IPUIPlugin
2026-04-23 09:07:01,088 [INFO] PluginManager:220 - loadIPPluginJar : add tracer_emb
2026-04-23 09:07:01,116 [INFO] IPUIPlugin:80 - create IPUIPlugin
2026-04-23 09:07:01,116 [INFO] PluginManager:220 - loadIPPluginJar : add ts
2026-04-23 09:07:01,140 [INFO] IPUIPlugin:80 - create IPUIPlugin
2026-04-23 09:07:01,140 [INFO] PluginManager:220 - loadIPPluginJar : add tsc
2026-04-23 09:07:01,160 [INFO] IPUIPlugin:80 - create IPUIPlugin
2026-04-23 09:07:01,160 [INFO] PluginManager:220 - loadIPPluginJar : add ucpd
2026-04-23 09:07:01,200 [INFO] IPUIPlugin:80 - create IPUIPlugin
2026-04-23 09:07:01,200 [INFO] PluginManager:220 - loadIPPluginJar : add usart
2026-04-23 09:07:01,238 [INFO] IPUIPlugin:80 - create IPUIPlugin
2026-04-23 09:07:01,238 [INFO] PluginManager:220 - loadIPPluginJar : add usbx
2026-04-23 09:07:01,362 [FATAL] Updater:351 - Updater called before beeing initialized
2026-04-23 09:07:01,399 [INFO] RulesReader:64 - Compatibility file has been processed (301 Rules)
2026-04-23 09:07:01,424 [INFO] RulesReader:64 - Compatibility file has been processed (301 Rules)
2026-04-23 09:07:01,437 [INFO] CADModel:165 - CPN selected for project level
2026-04-23 09:07:01,437 [INFO] CADModel:114 - Register for checkConnection events
2026-04-23 09:07:01,437 [FATAL] Updater:351 - Updater called before beeing initialized
2026-04-23 09:07:01,437 [ERROR] CADModel:125 - Updater not yet initialized, retry later 
2026-04-23 09:07:01,562 [FATAL] Updater:351 - Updater called before beeing initialized
2026-04-23 09:07:01,565 [INFO] CADModel:165 - CPN selected for project level
2026-04-23 09:07:01,565 [INFO] CADModel:114 - Register for checkConnection events
2026-04-23 09:07:01,565 [FATAL] Updater:351 - Updater called before beeing initialized
2026-04-23 09:07:01,565 [ERROR] CADModel:125 - Updater not yet initialized, retry later 
2026-04-23 09:07:01,568 [FATAL] Updater:351 - Updater called before beeing initialized
2026-04-23 09:07:01,669 [FATAL] Updater:351 - Updater called before beeing initialized
2026-04-23 09:07:01,680 [INFO] DbMcusAds:53 - JSON generation date=Fri Apr 10 14:49:02 IST 2026 (1775812742310)
2026-04-23 09:07:01,680 [FATAL] Updater:351 - Updater called before beeing initialized
2026-04-23 09:07:01,712 [WARN] DetailPanel:346 - Failed to get advertising image, set to default
2026-04-23 09:07:01,751 [INFO] ThirdPartyUpdaterWithRetryManager:70 - Updater plugin not ready yet. [2/15]
2026-04-23 09:07:01,879 [FATAL] Updater:351 - Updater called before beeing initialized
2026-04-23 09:07:01,881 [FATAL] Updater:351 - Updater called before beeing initialized
2026-04-23 09:07:01,881 [FATAL] Updater:351 - Updater called before beeing initialized
2026-04-23 09:07:01,881 [WARN] DetailPanel:346 - Failed to get advertising image, set to default
2026-04-23 09:07:01,882 [FATAL] Updater:351 - Updater called before beeing initialized
2026-04-23 09:07:01,937 [ERROR] Updater:1198 - MainUpdater not yet initialized. External WinMGr cannot be set.
2026-04-23 09:07:01,946 [INFO] Updater:1134 - Updater Version found : 6.14.0
2026-04-23 09:07:01,968 [INFO] ApplicationProperties:184 - Using Application install path: C:\ST\STM32CubeIDE_1.18.0\STM32CubeIDE\plugins\com.st.stm32cube.common.mx_6.14.0.202502271554
2026-04-23 09:07:03,548 [ERROR] LogOutputStream:75 - [STDERR_REDIRECT] Apr 23, 2026 9:07:03 AM java.util.prefs.WindowsPreferences <init>
2026-04-23 09:07:03,550 [ERROR] LogOutputStream:75 - [STDERR_REDIRECT] WARNING: Could not open/create prefs root node Software\JavaSoft\Prefs at root 0xffffffff80000002. Windows RegCreateKeyEx(...) returned error code 5.
2026-04-23 09:07:03,550 [ERROR] LogOutputStream:75 - [STDERR_REDIRECT] 
2026-04-23 09:07:04,057 [INFO] MainUpdater:2872 - connection check result : 10
2026-04-23 09:07:04,060 [INFO] MainUpdater:289 - Updater Check For Update Now.
2026-04-23 09:07:04,060 [INFO] MicroXplorer:498 - Change Database Version : DB.6.0.140
2026-04-23 09:07:04,098 [INFO] McuFinderGlobals:63 - Set McuFinder mode to 2 (CubeIDE integrated)
2026-04-23 09:07:04,112 [INFO] UserAuth:486 - Internet connection configuration mode: 1
2026-04-23 09:07:04,183 [INFO] JxBrowserEngine:152 - Initiate JxBrowser Engine with user profile folder
2026-04-23 09:07:04,355 [INFO] CheckServerUpdateThread:120 - End of CheckServer Thread
2026-04-23 09:07:05,327 [WARN] PackLoader:240 - Cannot read IP mode file for STMicroelectronics.X-CUBE-AZRTOS-H7.3.5.0
2026-04-23 09:07:05,371 [WARN] PackLoader:240 - Cannot read IP mode file for STMicroelectronics.FP-ATR-ASTRA1.2.0.2
2026-04-23 09:07:05,414 [WARN] PackLoader:240 - Cannot read IP mode file for STMicroelectronics.X-CUBE-SMBUS.2.1.0
2026-04-23 09:07:05,462 [WARN] PackLoader:240 - Cannot read IP mode file for STMicroelectronics.X-CUBE-AZRTOS-F7.1.1.0
2026-04-23 09:07:05,495 [ERROR] Engine:466 - C:\Users\91762\.stm32cubemx\thirdparties\pdsc\STMicroelectronics.FP-SNS-MOTENV1.5.1.0.pdsc: PDSC version is not supported
2026-04-23 09:07:05,522 [ERROR] Engine:466 - C:\Users\91762\.stm32cubemx\thirdparties\pdsc\WES.I-CUBE-Cesium.1.4.0.pdsc: PDSC version is not supported
2026-04-23 09:07:05,560 [WARN] PackLoader:240 - Cannot read IP mode file for STMicroelectronics.X-CUBE-DISPLAY.3.0.0
2026-04-23 09:07:05,594 [ERROR] Engine:466 - C:\Users\91762\.stm32cubemx\thirdparties\pdsc\STMicroelectronics.FP-SNS-MOTENVWB1.1.5.0.pdsc: PDSC version is not supported
2026-04-23 09:07:05,630 [WARN] PackLoader:240 - Cannot read IP mode file for STMicroelectronics.X-CUBE-NFC10.1.0.0
2026-04-23 09:07:05,664 [WARN] PackLoader:240 - Cannot read IP mode file for STMicroelectronics.X-CUBE-ST60.1.1.0
2026-04-23 09:07:05,699 [WARN] PackLoader:240 - Cannot read IP mode file for emotas.I-CUBE-CANOPEN.1.3.0
2026-04-23 09:07:05,731 [WARN] PackLoader:240 - Cannot read IP mode file for STMicroelectronics.X-CUBE-GNSS1.7.1.0
2026-04-23 09:07:05,763 [ERROR] Engine:466 - C:\Users\91762\.stm32cubemx\thirdparties\pdsc\STMicroelectronics.FP-SNS-STBOX1.2.1.0.pdsc: PDSC version is not supported
2026-04-23 09:07:05,796 [WARN] PackLoader:240 - Cannot read IP mode file for STMicroelectronics.FP-SNS-SMARTAG2.1.2.0
2026-04-23 09:07:05,834 [WARN] PackLoader:240 - Cannot read IP mode file for STMicroelectronics.FP-SNS-FLIGHT1.5.1.0
2026-04-23 09:07:06,111 [INFO] LogOutputStream:77 - [STDOUT_REDIRECT] 1 : Invalid condition id : UX_CORESTACK_Condition cause : null
2026-04-23 09:07:06,113 [INFO] LogOutputStream:77 - [STDOUT_REDIRECT] 1 : Invalid condition id : UX_CORESTACK_Condition cause : null
2026-04-23 09:07:06,114 [INFO] LogOutputStream:77 - [STDOUT_REDIRECT] 1 : Invalid condition id : UX_CORESTACK_Condition cause : null
2026-04-23 09:07:06,115 [INFO] LogOutputStream:77 - [STDOUT_REDIRECT] 1 : Invalid condition id : UX_CORESTACK_Condition cause : null
2026-04-23 09:07:06,116 [INFO] LogOutputStream:77 - [STDOUT_REDIRECT] 1 : Invalid condition id : UX_CORESTACK_Condition cause : null
2026-04-23 09:07:06,120 [WARN] PackLoader:240 - Cannot read IP mode file for STMicroelectronics.X-CUBE-AZRTOS-WL.2.0.0
2026-04-23 09:07:06,175 [WARN] PackLoader:240 - Cannot read IP mode file for STMicroelectronics.X-CUBE-AZRTOS-H7RS.1.2.0
2026-04-23 09:07:06,218 [WARN] PackLoader:240 - Cannot read IP mode file for STMicroelectronics.X-CUBE-BLE2.3.3.0
2026-04-23 09:07:06,393 [WARN] PackLoader:240 - Cannot read IP mode file for Infineon.AIROC-Wi-Fi-Bluetooth-STM32.1.8.0
2026-04-23 09:07:06,445 [WARN] PackLoader:240 - Cannot read IP mode file for STMicroelectronics.X-CUBE-NFC9.1.0.0
2026-04-23 09:07:06,483 [WARN] PackLoader:240 - Cannot read IP mode file for STMicroelectronics.X-CUBE-BLE1.7.1.0
2026-04-23 09:07:06,524 [WARN] PackLoader:240 - Cannot read IP mode file for wolfSSL.I-CUBE-wolfMQTT.1.19.2
2026-04-23 09:07:06,562 [WARN] PackLoader:240 - Cannot read IP mode file for STMicroelectronics.X-CUBE-EEPRMA1.5.2.0
2026-04-23 09:07:06,600 [WARN] PackLoader:240 - Cannot read IP mode file for wolfSSL.I-CUBE-wolfSSL.5.8.4
2026-04-23 09:07:06,637 [WARN] PackLoader:240 - Cannot read IP mode file for Cesanta.I-CUBE-Mongoose.7.20.0
2026-04-23 09:07:06,753 [WARN] PackLoader:240 - Cannot read IP mode file for STMicroelectronics.X-CUBE-MEMS1.12.0.0
2026-04-23 09:07:07,011 [WARN] PackLoader:240 - Cannot read IP mode file for STMicroelectronics.X-CUBE-AZRTOS-G0.1.1.0
2026-04-23 09:07:07,057 [WARN] PackLoader:240 - Cannot read IP mode file for STMicroelectronics.X-CUBE-NFC4.3.0.0
2026-04-23 09:07:07,110 [WARN] PackLoader:240 - Cannot read IP mode file for EmbeddedOffice.I-CUBE-FS-RTOS.1.0.1
2026-04-23 09:07:07,147 [WARN] PackLoader:240 - Cannot read IP mode file for wolfSSL.I-CUBE-wolfTPM.3.8.0
2026-04-23 09:07:07,193 [WARN] PackLoader:240 - Cannot read IP mode file for STMicroelectronics.X-CUBE-TCPP.4.2.0
2026-04-23 09:07:07,224 [WARN] PackLoader:240 - Cannot read IP mode file for RealThread.X-CUBE-RT-Thread_Nano.4.1.1
2026-04-23 09:07:07,250 [WARN] PackLoader:240 - Cannot read IP mode file for STMicroelectronics.FP-ATR-SIGFOX1.3.2.0
2026-04-23 09:07:07,275 [ERROR] Engine:466 - C:\Users\91762\.stm32cubemx\thirdparties\pdsc\STMicroelectronics.X-CUBE-FREERTOS.1.5.0.pdsc: PDSC version is not supported
2026-04-23 09:07:07,300 [WARN] PackLoader:240 - Cannot read IP mode file for ITTIA_DB.I-CUBE-ITTIADB.8.9.0
2026-04-23 09:07:07,325 [WARN] PackLoader:240 - Cannot read IP mode file for STMicroelectronics.X-CUBE-NFC6.3.2.0
2026-04-23 09:07:07,360 [WARN] PackLoader:240 - Cannot read IP mode file for STMicroelectronics.X-CUBE-AI.10.2.0
2026-04-23 09:07:07,414 [WARN] PackLoader:240 - Cannot read IP mode file for SEGGER.I-CUBE-embOS.1.3.1
2026-04-23 09:07:07,489 [WARN] PackLoader:240 - Cannot read IP mode file for STMicroelectronics.X-CUBE-ALGOBUILD.1.4.0
2026-04-23 09:07:07,513 [WARN] PackLoader:240 - Cannot read IP mode file for STMicroelectronics.X-CUBE-PM33A1.1.0.0
2026-04-23 09:07:07,555 [WARN] PackLoader:240 - Cannot read IP mode file for STMicroelectronics.X-CUBE-AZRTOS-F4.1.1.0
2026-04-23 09:07:07,590 [WARN] PackLoader:240 - Cannot read IP mode file for STMicroelectronics.X-CUBE-ISPU.2.1.0
2026-04-23 09:07:07,624 [ERROR] Engine:466 - C:\Users\91762\.stm32cubemx\thirdparties\pdsc\STMicroelectronics.X-CUBE-IPS.3.2.0.pdsc: PDSC version is not supported
2026-04-23 09:07:07,663 [WARN] PackLoader:240 - Cannot read IP mode file for STMicroelectronics.eDS-WB_DPC_TT-BIDIR.2.1.1
2026-04-23 09:07:07,693 [WARN] PackLoader:240 - Cannot read IP mode file for STMicroelectronics.X-CUBE-NFC12.1.0.0
2026-04-23 09:07:07,746 [WARN] PackLoader:240 - Cannot read IP mode file for STMicroelectronics.X-CUBE-AZRTOS-L5.2.0.0
2026-04-23 09:07:07,921 [WARN] PackLoader:240 - Cannot read IP mode file for STMicroelectronics.eDS-WB_DPC_VIENNA.1.2.0
2026-04-23 09:07:08,027 [WARN] PackLoader:240 - Cannot read IP mode file for STMicroelectronics.eDS-WB_DPC_3PH2L-BIDIR.1.1.1
2026-04-23 09:07:08,056 [ERROR] Engine:466 - C:\Users\91762\.stm32cubemx\thirdparties\pdsc\STMicroelectronics.X-CUBE-ST67W61.1.3.0.pdsc: PDSC version is not supported
2026-04-23 09:07:08,085 [WARN] PackLoader:240 - Cannot read IP mode file for STMicroelectronics.X-CUBE-TOUCHGFX.4.26.1
2026-04-23 09:07:08,117 [WARN] PackLoader:240 - Cannot read IP mode file for STMicroelectronics.FP-SNS-STAIOTCFT.1.0.0
2026-04-23 09:07:08,152 [WARN] PackLoader:240 - Cannot read IP mode file for STMicroelectronics.X-CUBE-DPower.1.3.0
2026-04-23 09:07:08,204 [WARN] ConditionMgr:438 - getConditionDescription Invalid condition id : LAN8742 Phy interface Condition cause : null
2026-04-23 09:07:08,206 [WARN] PackLoader:240 - Cannot read IP mode file for STMicroelectronics.X-CUBE-AZRTOS-L4.2.0.0
2026-04-23 09:07:08,208 [WARN] ConditionMgr:1044 - genDependencies : Invalid condition id : LAN8742 Phy interface Condition cause : null
2026-04-23 09:07:08,208 [WARN] ConditionMgr:1044 - genDependencies : Invalid condition id : LAN8742 Phy interface Condition cause : null
2026-04-23 09:07:08,209 [WARN] ConditionMgr:1044 - genDependencies : Invalid condition id : LAN8742 Phy interface Condition cause : null
2026-04-23 09:07:08,251 [WARN] PackLoader:240 - Cannot read IP mode file for STMicroelectronics.X-CUBE-SFXS2LP1.4.0.0
2026-04-23 09:07:08,291 [WARN] PackLoader:240 - Cannot read IP mode file for STMicroelectronics.X-CUBE-WB05N.2.1.0
2026-04-23 09:07:08,325 [ERROR] Engine:466 - C:\Users\91762\.stm32cubemx\thirdparties\pdsc\STMicroelectronics.X-CUBE-ST67W61.1.2.0.pdsc: PDSC version is not supported
2026-04-23 09:07:08,359 [WARN] PackLoader:240 - Cannot read IP mode file for STMicroelectronics.X-CUBE-BLEMGR.4.1.0
2026-04-23 09:07:08,403 [WARN] ConditionMgr:438 - getConditionDescription Invalid condition id : UX DEVICE CLASS RTOS Condition cause : null
2026-04-23 09:07:08,404 [WARN] ConditionMgr:438 - getConditionDescription Invalid condition id : UX DEVICE CLASS RTOS Condition cause : null
2026-04-23 09:07:08,406 [WARN] PackLoader:240 - Cannot read IP mode file for STMicroelectronics.X-CUBE-AZRTOS-WB.2.0.0
2026-04-23 09:07:08,407 [WARN] ConditionMgr:1044 - genDependencies : Invalid condition id : UX DEVICE CLASS RTOS Condition cause : null
2026-04-23 09:07:08,407 [WARN] ConditionMgr:1044 - genDependencies : Invalid condition id : UX DEVICE CLASS RTOS Condition cause : null
2026-04-23 09:07:08,408 [WARN] ConditionMgr:1044 - genDependencies : Invalid condition id : UX DEVICE CLASS RTOS Condition cause : null
2026-04-23 09:07:08,408 [WARN] ConditionMgr:1044 - genDependencies : Invalid condition id : UX DEVICE CLASS RTOS Condition cause : null
2026-04-23 09:07:08,408 [WARN] ConditionMgr:1044 - genDependencies : Invalid condition id : UX DEVICE CLASS RTOS Condition cause : null
2026-04-23 09:07:08,425 [INFO] WebApp:169 - Instantiating new browser for Auth
2026-04-23 09:07:08,433 [WARN] ConditionMgr:438 - getConditionDescription Invalid condition id : Cortex-A Device cause : null
2026-04-23 09:07:08,472 [WARN] ConditionMgr:1044 - genDependencies : Invalid condition id : Cortex-A Device cause : null
2026-04-23 09:07:08,473 [WARN] ConditionMgr:1044 - genDependencies : Invalid condition id : Cortex-A Device cause : null
2026-04-23 09:07:08,473 [WARN] ConditionMgr:1044 - genDependencies : Invalid condition id : Cortex-A Device cause : null
2026-04-23 09:07:08,510 [WARN] PackLoader:240 - Cannot read IP mode file for STMicroelectronics.X-CUBE-STSE01.2.0.0
2026-04-23 09:07:08,546 [WARN] PackLoader:240 - Cannot read IP mode file for STMicroelectronics.X-CUBE-SUBG2.5.0.0
2026-04-23 09:07:08,582 [WARN] PackLoader:240 - Cannot read IP mode file for STMicroelectronics.X-CUBE-AZRTOS-G4.2.0.0
2026-04-23 09:07:08,602 [WARN] PackLoader:240 - Cannot read IP mode file for wolfSSL.I-CUBE-wolfSSH.1.4.20
2026-04-23 09:07:08,623 [WARN] PackLoader:240 - Cannot read IP mode file for STMicroelectronics.X-CUBE-NFC7.2.0.0
2026-04-23 09:07:08,648 [WARN] PackLoader:240 - Cannot read IP mode file for STMicroelectronics.X-CUBE-ALS.1.0.2
2026-04-23 09:07:08,673 [WARN] PackLoader:240 - Cannot read IP mode file for STMicroelectronics.X-CUBE-TOF1.3.4.3
2026-04-23 09:07:08,683 [INFO] ThirdParty:978 - Integrity check success = true
2026-04-23 09:07:08,684 [INFO] IntegrityCheckThread:100 - exiting critical section [integrity check]
2026-04-23 09:07:08,684 [INFO] IntegrityCheckThread:103 - End integrity checks thread
2026-04-23 09:07:09,917 [INFO] WebApp:463 - Apply proxy settings
2026-04-23 09:07:09,918 [INFO] WebApp:548 - Chromium requires no authentication
2026-04-23 09:07:09,934 [INFO] WebApp:491 - Direct internet connection detected
2026-04-23 09:07:09,977 [INFO] WebApp:894 - Register for checkConnection events
2026-04-23 09:07:09,978 [INFO] WebApp:463 - Apply proxy settings
2026-04-23 09:07:09,978 [INFO] WebApp:548 - Chromium requires no authentication
2026-04-23 09:07:09,978 [INFO] WebApp:491 - Direct internet connection detected
2026-04-23 09:07:10,184 [INFO] WebApp:225 - Starting web application
2026-04-23 09:07:10,185 [INFO] WebApp:593 - Web application path used C:\ST\STM32CubeIDE_1.18.0\STM32CubeIDE\plugins\com.st.stm32cube.common.mx_6.14.0.202502271554\db\plugins\mcufinder\reactClient1\index.html
2026-04-23 09:07:10,225 [INFO] WebApp:191 - Connection restablished
2026-04-23 09:07:12,913 [INFO] UserAuth:486 - Internet connection configuration mode: 1
2026-04-23 10:05:53,262 [INFO] WebApp:194 - Connection lost
2026-04-23 10:05:53,777 [INFO] WebApp:191 - Connection restablished
2026-04-23 10:38:26,172 [INFO] WebApp:194 - Connection lost
2026-04-23 10:38:28,069 [INFO] WebApp:191 - Connection restablished
2026-04-23 10:38:29,587 [INFO] WebApp:194 - Connection lost
2026-04-23 10:38:29,949 [INFO] WebApp:191 - Connection restablished
2026-04-23 11:38:35,779 [INFO] WebApp:194 - Connection lost
2026-04-23 11:38:36,618 [INFO] WebApp:191 - Connection restablished
2026-04-23 12:01:39,849 [INFO] WebApp:194 - Connection lost
2026-04-23 12:01:40,340 [INFO] WebApp:191 - Connection restablished
2026-04-23 12:38:39,718 [INFO] WebApp:194 - Connection lost
2026-04-23 12:38:40,149 [INFO] WebApp:191 - Connection restablished
2026-04-23 13:00:08,719 [INFO] WebApp:194 - Connection lost
2026-04-23 13:00:10,133 [INFO] WebApp:191 - Connection restablished
2026-04-23 13:00:13,449 [INFO] WebApp:194 - Connection lost
2026-04-23 13:00:13,651 [INFO] WebApp:191 - Connection restablished
2026-04-23 14:43:49,861 [INFO] WebApp:194 - Connection lost
2026-04-23 14:43:50,350 [INFO] WebApp:191 - Connection restablished
2026-04-23 15:43:53,453 [INFO] WebApp:194 - Connection lost
2026-04-23 15:43:54,128 [INFO] WebApp:191 - Connection restablished
2026-04-23 16:43:57,658 [INFO] WebApp:194 - Connection lost
2026-04-23 16:43:58,780 [INFO] WebApp:191 - Connection restablished
2026-04-23 17:31:09,375 [INFO] WebApp:194 - Connection lost
2026-04-23 17:31:11,037 [INFO] WebApp:191 - Connection restablished
2026-04-23 17:32:51,056 [INFO] WebApp:194 - Connection lost
2026-04-23 17:32:52,470 [INFO] WebApp:191 - Connection restablished
2026-04-23 17:33:24,581 [INFO] WebApp:194 - Connection lost
2026-04-23 17:33:24,893 [INFO] WebApp:191 - Connection restablished
2026-04-23 18:03:02,236 [ERROR] LogOutputStream:75 - [STDERR_REDIRECT] 
2026-04-23 18:03:02,251 [ERROR] LogOutputStream:75 - [STDERR_REDIRECT] 
