2026-04-29 12:30:52,781 [INFO] Activator:176 - 


2026-04-29 12:30:52,786 [INFO] Activator:177 - !SESSION log4j initialized
2026-04-29 12:30:59,203 [INFO] LogOutputStream:77 - [STDOUT_REDIRECT] 
2026-04-29 12:31:01,745 [INFO] ApplicationProperties:184 - Using Application install path: C:\ST\STM32CubeIDE_1.18.0\STM32CubeIDE\plugins\com.st.stm32cube.common.mx_6.14.0.202502271554
2026-04-29 12:31:01,768 [INFO] DbMcusXml:78 - Set database path to: C:\ST\STM32CubeIDE_1.18.0\STM32CubeIDE\plugins\com.st.stm32cube.common.mx_6.14.0.202502271554\\db\/mcu/
2026-04-29 12:31:01,768 [INFO] ApiDb:274 - Set plugin database path to: C:\ST\STM32CubeIDE_1.18.0\STM32CubeIDE\plugins\com.st.stm32cube.common.mx_6.14.0.202502271554\\db\/plugins/boardmanager/
2026-04-29 12:31:01,769 [WARN] ApiDb:259 - Overriding images path with different value:  => C:\ST\STM32CubeIDE_1.18.0\STM32CubeIDE\plugins\com.st.stm32cube.common.mx_6.14.0.202502271554\\db\/plugins/mcufinder/images/
2026-04-29 12:31:01,784 [INFO] ApiDb:250 - Set database path to: C:\Users\91762\.stmcufinder\plugins\mcufinder//mcu/
2026-04-29 12:31:01,784 [INFO] DbMcusAds:125 - Set database path to: C:\Users\91762\.stmcufinder\plugins\mcufinder//mcu/
2026-04-29 12:31:01,787 [INFO] CrossReferenceDbSqlite:203 - Set database path to: C:\Users\91762\.stmcufinder\plugins\mcufinder//mcu/cs/
2026-04-29 12:31:01,924 [INFO] RulesReader:64 - Compatibility file has been processed (301 Rules)
2026-04-29 12:31:02,025 [INFO] DbMcusXml:78 - Set database path to: C:\ST\STM32CubeIDE_1.18.0\STM32CubeIDE\plugins\com.st.stm32cube.common.mx_6.14.0.202502271554\\db\/mcu/
2026-04-29 12:31:02,025 [INFO] ApiDb:274 - Set plugin database path to: C:\ST\STM32CubeIDE_1.18.0\STM32CubeIDE\plugins\com.st.stm32cube.common.mx_6.14.0.202502271554\\db\/plugins/boardmanager/
2026-04-29 12:31:02,025 [INFO] ApiDb:261 - Set plugin images path to: C:\ST\STM32CubeIDE_1.18.0\STM32CubeIDE\plugins\com.st.stm32cube.common.mx_6.14.0.202502271554\\db\/plugins/mcufinder/images/
2026-04-29 12:31:02,026 [WARN] DbFile:41 - Overriding database path with different value: C:\Users\91762\.stmcufinder\plugins\mcufinder/ => C:\Users\91762\.stmcufinder\plugins\mcufinder
2026-04-29 12:31:02,026 [INFO] ApiDb:250 - Set database path to: C:\Users\91762\.stmcufinder\plugins\mcufinder//mcu/
2026-04-29 12:31:02,026 [WARN] DbFile:41 - Overriding database path with different value: C:\Users\91762\.stmcufinder\plugins\mcufinder/ => C:\Users\91762\.stmcufinder\plugins\mcufinder
2026-04-29 12:31:02,026 [INFO] DbMcusAds:125 - Set database path to: C:\Users\91762\.stmcufinder\plugins\mcufinder//mcu/
2026-04-29 12:31:02,026 [WARN] DbFile:41 - Overriding database path with different value: C:\Users\91762\.stmcufinder\plugins\mcufinder/ => C:\Users\91762\.stmcufinder\plugins\mcufinder
2026-04-29 12:31:02,026 [WARN] DbFile:41 - Overriding database path with different value: C:\Users\91762\.stmcufinder\plugins\mcufinder/ => C:\Users\91762\.stmcufinder\plugins\mcufinder
2026-04-29 12:31:02,026 [INFO] CrossReferenceDbSqlite:203 - Set database path to: C:\Users\91762\.stmcufinder\plugins\mcufinder//mcu/cs/
2026-04-29 12:31:02,114 [INFO] MainPanel:272 - HeapMemory: 268435456
2026-04-29 12:31:02,264 [INFO] DbMcusXml:78 - Set database path to: C:\ST\STM32CubeIDE_1.18.0\STM32CubeIDE\plugins\com.st.stm32cube.common.mx_6.14.0.202502271554\\db\/mcu/
2026-04-29 12:31:02,264 [INFO] ApiDb:274 - Set plugin database path to: C:\ST\STM32CubeIDE_1.18.0\STM32CubeIDE\plugins\com.st.stm32cube.common.mx_6.14.0.202502271554\\db\/plugins/boardmanager/
2026-04-29 12:31:02,264 [INFO] ApiDb:261 - Set plugin images path to: C:\ST\STM32CubeIDE_1.18.0\STM32CubeIDE\plugins\com.st.stm32cube.common.mx_6.14.0.202502271554\\db\/plugins/mcufinder/images/
2026-04-29 12:31:02,264 [WARN] DbFile:41 - Overriding database path with different value: C:\Users\91762\.stmcufinder\plugins\mcufinder/ => C:\Users\91762\.stmcufinder\plugins\mcufinder
2026-04-29 12:31:02,264 [INFO] ApiDb:250 - Set database path to: C:\Users\91762\.stmcufinder\plugins\mcufinder//mcu/
2026-04-29 12:31:02,264 [WARN] DbFile:41 - Overriding database path with different value: C:\Users\91762\.stmcufinder\plugins\mcufinder/ => C:\Users\91762\.stmcufinder\plugins\mcufinder
2026-04-29 12:31:02,264 [INFO] DbMcusAds:125 - Set database path to: C:\Users\91762\.stmcufinder\plugins\mcufinder//mcu/
2026-04-29 12:31:02,265 [WARN] DbFile:41 - Overriding database path with different value: C:\Users\91762\.stmcufinder\plugins\mcufinder/ => C:\Users\91762\.stmcufinder\plugins\mcufinder
2026-04-29 12:31:02,265 [WARN] DbFile:41 - Overriding database path with different value: C:\Users\91762\.stmcufinder\plugins\mcufinder/ => C:\Users\91762\.stmcufinder\plugins\mcufinder
2026-04-29 12:31:02,265 [INFO] CrossReferenceDbSqlite:203 - Set database path to: C:\Users\91762\.stmcufinder\plugins\mcufinder//mcu/cs/
2026-04-29 12:31:02,288 [INFO] ApplicationProperties:184 - Using Application install path: C:\ST\STM32CubeIDE_1.18.0\STM32CubeIDE\plugins\com.st.stm32cube.common.mx_6.14.0.202502271554
2026-04-29 12:31:02,291 [INFO] PluginManage:196 - Search for loadable plugins [exclusion list=, ]
2026-04-29 12:31:02,293 [INFO] PluginManage:310 - Check plugin analytics
2026-04-29 12:31:02,511 [INFO] AnalyticsPlugin:253 - Accepted Software Licenses: 
2026-04-29 12:31:02,512 [INFO] AnalyticsPlugin:255 - Accepted CMSIS Pack Licenses: 
2026-04-29 12:31:02,512 [INFO] AnalyticsPlugin:257 - Accepted Firmware Licenses: FW.F4.1.28.0
2026-04-29 12:31:02,514 [INFO] PluginManage:359 - Loaded plugin analytics (category:tool,tabindex:-1)
2026-04-29 12:31:02,515 [INFO] PluginManage:310 - Check plugin cadmodel
2026-04-29 12:31:02,531 [INFO] CADModel:105 - Init CAD model plugin
2026-04-29 12:31:02,531 [INFO] PluginManage:359 - Loaded plugin cadmodel (category:power,tabindex:5)
2026-04-29 12:31:02,531 [INFO] PluginManage:310 - Check plugin clock
2026-04-29 12:31:02,549 [INFO] PluginManage:359 - Loaded plugin clock (category:base,tabindex:2)
2026-04-29 12:31:02,549 [INFO] PluginManage:310 - Check plugin ddr
2026-04-29 12:31:02,551 [INFO] PluginManage:359 - Loaded plugin ddr (category:tool,tabindex:6)
2026-04-29 12:31:02,551 [INFO] PluginManage:310 - Check plugin filemanager
2026-04-29 12:31:02,699 [INFO] PluginManage:359 - Loaded plugin filemanager (category:base,tabindex:10)
2026-04-29 12:31:02,699 [INFO] PluginManage:310 - Check plugin ipmanager
2026-04-29 12:31:02,707 [INFO] PluginManage:359 - Loaded plugin ipmanager (category:base,tabindex:5)
2026-04-29 12:31:02,708 [INFO] PluginManage:310 - Check plugin lpbam
2026-04-29 12:31:02,726 [INFO] PluginManage:359 - Loaded plugin lpbam (category:base,tabindex:0)
2026-04-29 12:31:02,727 [INFO] PluginManage:310 - Check plugin memorymap
2026-04-29 12:31:02,754 [INFO] PluginManage:359 - Loaded plugin memorymap (category:base,tabindex:4)
2026-04-29 12:31:02,754 [INFO] PluginManage:310 - Check plugin pinoutandconfiguration
2026-04-29 12:31:02,775 [INFO] PluginManage:359 - Loaded plugin pinoutandconfiguration (category:base,tabindex:1)
2026-04-29 12:31:02,775 [INFO] PluginManage:310 - Check plugin pinoutconfig
2026-04-29 12:31:02,881 [WARN] SupportedApi:132 - Cannot load RTOS API schema: s4s-elt-must-match.1: The content of 'definitions' must match (annotation?, (simpleType | complexType)?, (unique | key | keyref)*)). A problem was found starting at: attribute.
2026-04-29 12:31:03,038 [INFO] PluginManage:359 - Loaded plugin pinoutconfig (category:base,tabindex:0)
2026-04-29 12:31:03,038 [INFO] PluginManage:310 - Check plugin power
2026-04-29 12:31:03,060 [INFO] PluginManage:359 - Loaded plugin power (category:power,tabindex:4)
2026-04-29 12:31:03,060 [INFO] PluginManage:310 - Check plugin projectmanager
2026-04-29 12:31:03,078 [INFO] PluginManage:359 - Loaded plugin projectmanager (category:projectmanager,tabindex:4)
2026-04-29 12:31:03,078 [INFO] PluginManage:310 - Check plugin rif
2026-04-29 12:31:03,097 [INFO] PluginManage:359 - Loaded plugin rif (category:base,tabindex:3)
2026-04-29 12:31:03,097 [INFO] PluginManage:310 - Check plugin thirdparty
2026-04-29 12:31:03,413 [INFO] PluginManage:359 - Loaded plugin thirdparty (category:base,tabindex:-1)
2026-04-29 12:31:03,413 [WARN] IntegrityCheckThread:84 - waiting for thirdparty lock release [integrity check]
2026-04-29 12:31:03,413 [INFO] PluginManage:310 - Check plugin tools
2026-04-29 12:31:03,413 [INFO] IntegrityCheckThread:86 - entering critical section [integrity check]
2026-04-29 12:31:03,414 [INFO] ThirdPartyUpdaterWithRetryManager:70 - Updater plugin not ready yet. [1/15]
2026-04-29 12:31:03,448 [INFO] PluginManage:359 - Loaded plugin tools (category:base,tabindex:7)
2026-04-29 12:31:03,449 [INFO] PluginManage:310 - Check plugin tutovideos
2026-04-29 12:31:03,727 [INFO] PluginManage:359 - Loaded plugin tutovideos (category:base,tabindex:-1)
2026-04-29 12:31:03,729 [INFO] PluginManage:310 - Check plugin updater
2026-04-29 12:31:03,773 [INFO] PluginManage:359 - Loaded plugin updater (category:base,tabindex:12)
2026-04-29 12:31:03,774 [INFO] PluginManage:310 - Check plugin userauth
2026-04-29 12:31:03,782 [INFO] UserAuth:118 - Init User Auth plugin
2026-04-29 12:31:03,783 [INFO] PluginManage:359 - Loaded plugin userauth (category:base,tabindex:14)
2026-04-29 12:31:03,783 [INFO] PluginManage:283 - PluginManage : Loaded plugins [18]
2026-04-29 12:31:04,054 [INFO] PinOutPanel:1589 - setPackage(No Configuration,No Configuration)
2026-04-29 12:31:04,173 [INFO] CADModel:165 - CPN selected for project level
2026-04-29 12:31:04,173 [INFO] CADModel:114 - Register for checkConnection events
2026-04-29 12:31:04,207 [INFO] IPUIPlugin:80 - create IPUIPlugin
2026-04-29 12:31:04,208 [INFO] PluginManager:220 - loadIPPluginJar : add adc
2026-04-29 12:31:04,250 [INFO] IPUIPlugin:80 - create IPUIPlugin
2026-04-29 12:31:04,250 [INFO] PluginManager:220 - loadIPPluginJar : add aes
2026-04-29 12:31:04,300 [INFO] IPUIPlugin:80 - create IPUIPlugin
2026-04-29 12:31:04,300 [INFO] PluginManager:220 - loadIPPluginJar : add can
2026-04-29 12:31:04,333 [INFO] IPUIPlugin:80 - create IPUIPlugin
2026-04-29 12:31:04,333 [INFO] PluginManager:220 - loadIPPluginJar : add comp
2026-04-29 12:31:04,367 [INFO] IPUIPlugin:80 - create IPUIPlugin
2026-04-29 12:31:04,368 [INFO] PluginManager:220 - loadIPPluginJar : add cryp
2026-04-29 12:31:04,384 [INFO] IPUIPlugin:80 - create IPUIPlugin
2026-04-29 12:31:04,384 [INFO] PluginManager:220 - loadIPPluginJar : add ddr_ctrl_phy
2026-04-29 12:31:04,419 [INFO] IPUIPlugin:80 - create IPUIPlugin
2026-04-29 12:31:04,419 [INFO] PluginManager:220 - loadIPPluginJar : add dfsdm
2026-04-29 12:31:04,435 [INFO] IPUIPlugin:80 - create IPUIPlugin
2026-04-29 12:31:04,436 [INFO] PluginManager:220 - loadIPPluginJar : add dma
2026-04-29 12:31:04,476 [INFO] IPUIPlugin:80 - create IPUIPlugin
2026-04-29 12:31:04,476 [INFO] PluginManager:220 - loadIPPluginJar : add dma3
2026-04-29 12:31:04,523 [INFO] IPUIPlugin:80 - create IPUIPlugin
2026-04-29 12:31:04,523 [INFO] PluginManager:220 - loadIPPluginJar : add extmemmanager
2026-04-29 12:31:04,546 [INFO] IPUIPlugin:80 - create IPUIPlugin
2026-04-29 12:31:04,546 [INFO] PluginManager:220 - loadIPPluginJar : add fatfs
2026-04-29 12:31:04,597 [INFO] IPUIPlugin:80 - create IPUIPlugin
2026-04-29 12:31:04,598 [INFO] PluginManager:220 - loadIPPluginJar : add fmc
2026-04-29 12:31:04,613 [INFO] IPUIPlugin:80 - create IPUIPlugin
2026-04-29 12:31:04,613 [INFO] PluginManager:220 - loadIPPluginJar : add freertos
2026-04-29 12:31:04,636 [INFO] IPUIPlugin:80 - create IPUIPlugin
2026-04-29 12:31:04,636 [INFO] PluginManager:220 - loadIPPluginJar : add genericplugin
2026-04-29 12:31:04,740 [INFO] IPUIPlugin:80 - create IPUIPlugin
2026-04-29 12:31:04,740 [INFO] PluginManager:220 - loadIPPluginJar : add gfxmmu
2026-04-29 12:31:04,881 [INFO] IPUIPlugin:80 - create IPUIPlugin
2026-04-29 12:31:04,881 [INFO] PluginManager:220 - loadIPPluginJar : add gic
2026-04-29 12:31:04,895 [INFO] IPUIPlugin:80 - create IPUIPlugin
2026-04-29 12:31:04,896 [INFO] PluginManager:220 - loadIPPluginJar : add gpio
2026-04-29 12:31:05,002 [INFO] IPUIPlugin:80 - create IPUIPlugin
2026-04-29 12:31:05,002 [INFO] PluginManager:220 - loadIPPluginJar : add gtzc
2026-04-29 12:31:05,039 [INFO] IPUIPlugin:80 - create IPUIPlugin
2026-04-29 12:31:05,039 [INFO] PluginManager:220 - loadIPPluginJar : add hash
2026-04-29 12:31:05,096 [INFO] IPUIPlugin:80 - create IPUIPlugin
2026-04-29 12:31:05,096 [INFO] PluginManager:220 - loadIPPluginJar : add i2c
2026-04-29 12:31:05,140 [INFO] IPUIPlugin:80 - create IPUIPlugin
2026-04-29 12:31:05,140 [INFO] PluginManager:220 - loadIPPluginJar : add i2s
2026-04-29 12:31:05,181 [INFO] IPUIPlugin:80 - create IPUIPlugin
2026-04-29 12:31:05,181 [INFO] PluginManager:220 - loadIPPluginJar : add i3c
2026-04-29 12:31:05,284 [INFO] IPUIPlugin:80 - create IPUIPlugin
2026-04-29 12:31:05,284 [INFO] PluginManager:220 - loadIPPluginJar : add ipddr
2026-04-29 12:31:05,381 [INFO] IPUIPlugin:80 - create IPUIPlugin
2026-04-29 12:31:05,381 [INFO] PluginManager:220 - loadIPPluginJar : add linkedlist
2026-04-29 12:31:05,416 [INFO] IPUIPlugin:80 - create IPUIPlugin
2026-04-29 12:31:05,416 [INFO] PluginManager:220 - loadIPPluginJar : add lorawan
2026-04-29 12:31:05,459 [INFO] IPUIPlugin:80 - create IPUIPlugin
2026-04-29 12:31:05,459 [INFO] PluginManager:220 - loadIPPluginJar : add ltdc
2026-04-29 12:31:05,476 [INFO] IPUIPlugin:80 - create IPUIPlugin
2026-04-29 12:31:05,476 [INFO] PluginManager:220 - loadIPPluginJar : add mdma
2026-04-29 12:31:05,488 [INFO] IPUIPlugin:80 - create IPUIPlugin
2026-04-29 12:31:05,488 [INFO] PluginManager:220 - loadIPPluginJar : add nvic
2026-04-29 12:31:05,522 [INFO] IPUIPlugin:80 - create IPUIPlugin
2026-04-29 12:31:05,522 [INFO] PluginManager:220 - loadIPPluginJar : add opamp
2026-04-29 12:31:05,596 [INFO] IPUIPlugin:80 - create IPUIPlugin
2026-04-29 12:31:05,596 [INFO] PluginManager:220 - loadIPPluginJar : add openamp
2026-04-29 12:31:05,644 [INFO] IPUIPlugin:80 - create IPUIPlugin
2026-04-29 12:31:05,644 [INFO] PluginManager:220 - loadIPPluginJar : add pdm2pcm
2026-04-29 12:31:05,662 [INFO] IPUIPlugin:80 - create IPUIPlugin
2026-04-29 12:31:05,665 [INFO] PluginManager:220 - loadIPPluginJar : add plateformsettings
2026-04-29 12:31:05,689 [INFO] IPUIPlugin:80 - create IPUIPlugin
2026-04-29 12:31:05,689 [INFO] PluginManager:220 - loadIPPluginJar : add quadspi
2026-04-29 12:31:05,721 [INFO] IPUIPlugin:80 - create IPUIPlugin
2026-04-29 12:31:05,723 [INFO] PluginManager:220 - loadIPPluginJar : add radio
2026-04-29 12:31:05,736 [INFO] IPUIPlugin:80 - create IPUIPlugin
2026-04-29 12:31:05,736 [INFO] PluginManager:220 - loadIPPluginJar : add resmgrutility
2026-04-29 12:31:05,788 [INFO] IPUIPlugin:80 - create IPUIPlugin
2026-04-29 12:31:05,788 [INFO] PluginManager:220 - loadIPPluginJar : add sai
2026-04-29 12:31:05,826 [INFO] IPUIPlugin:80 - create IPUIPlugin
2026-04-29 12:31:05,826 [INFO] PluginManager:220 - loadIPPluginJar : add spi
2026-04-29 12:31:05,909 [INFO] IPUIPlugin:80 - create IPUIPlugin
2026-04-29 12:31:05,909 [INFO] PluginManager:220 - loadIPPluginJar : add stm32_wpan
2026-04-29 12:31:05,930 [INFO] IPUIPlugin:80 - create IPUIPlugin
2026-04-29 12:31:05,930 [INFO] PluginManager:220 - loadIPPluginJar : add tim
2026-04-29 12:31:06,013 [INFO] IPUIPlugin:80 - create IPUIPlugin
2026-04-29 12:31:06,013 [INFO] PluginManager:220 - loadIPPluginJar : add touchsensing
2026-04-29 12:31:06,034 [INFO] IPUIPlugin:80 - create IPUIPlugin
2026-04-29 12:31:06,034 [INFO] PluginManager:220 - loadIPPluginJar : add tracer_emb
2026-04-29 12:31:06,060 [INFO] IPUIPlugin:80 - create IPUIPlugin
2026-04-29 12:31:06,060 [INFO] PluginManager:220 - loadIPPluginJar : add ts
2026-04-29 12:31:06,081 [INFO] IPUIPlugin:80 - create IPUIPlugin
2026-04-29 12:31:06,081 [INFO] PluginManager:220 - loadIPPluginJar : add tsc
2026-04-29 12:31:06,106 [INFO] IPUIPlugin:80 - create IPUIPlugin
2026-04-29 12:31:06,106 [INFO] PluginManager:220 - loadIPPluginJar : add ucpd
2026-04-29 12:31:06,150 [INFO] IPUIPlugin:80 - create IPUIPlugin
2026-04-29 12:31:06,150 [INFO] PluginManager:220 - loadIPPluginJar : add usart
2026-04-29 12:31:06,194 [INFO] IPUIPlugin:80 - create IPUIPlugin
2026-04-29 12:31:06,194 [INFO] PluginManager:220 - loadIPPluginJar : add usbx
2026-04-29 12:31:06,320 [FATAL] Updater:351 - Updater called before beeing initialized
2026-04-29 12:31:06,351 [INFO] RulesReader:64 - Compatibility file has been processed (301 Rules)
2026-04-29 12:31:06,362 [INFO] RulesReader:64 - Compatibility file has been processed (301 Rules)
2026-04-29 12:31:06,377 [INFO] CADModel:165 - CPN selected for project level
2026-04-29 12:31:06,377 [INFO] CADModel:114 - Register for checkConnection events
2026-04-29 12:31:06,377 [FATAL] Updater:351 - Updater called before beeing initialized
2026-04-29 12:31:06,377 [ERROR] CADModel:125 - Updater not yet initialized, retry later 
2026-04-29 12:31:06,415 [INFO] ThirdPartyUpdaterWithRetryManager:70 - Updater plugin not ready yet. [2/15]
2026-04-29 12:31:06,581 [FATAL] Updater:351 - Updater called before beeing initialized
2026-04-29 12:31:06,584 [INFO] CADModel:165 - CPN selected for project level
2026-04-29 12:31:06,584 [INFO] CADModel:114 - Register for checkConnection events
2026-04-29 12:31:06,584 [FATAL] Updater:351 - Updater called before beeing initialized
2026-04-29 12:31:06,584 [ERROR] CADModel:125 - Updater not yet initialized, retry later 
2026-04-29 12:31:06,586 [FATAL] Updater:351 - Updater called before beeing initialized
2026-04-29 12:31:06,717 [FATAL] Updater:351 - Updater called before beeing initialized
2026-04-29 12:31:06,730 [INFO] DbMcusAds:53 - JSON generation date=Fri Apr 10 14:49:02 IST 2026 (1775812742310)
2026-04-29 12:31:06,730 [FATAL] Updater:351 - Updater called before beeing initialized
2026-04-29 12:31:06,772 [WARN] DetailPanel:346 - Failed to get advertising image, set to default
2026-04-29 12:31:06,965 [FATAL] Updater:351 - Updater called before beeing initialized
2026-04-29 12:31:06,971 [FATAL] Updater:351 - Updater called before beeing initialized
2026-04-29 12:31:06,971 [FATAL] Updater:351 - Updater called before beeing initialized
2026-04-29 12:31:06,971 [WARN] DetailPanel:346 - Failed to get advertising image, set to default
2026-04-29 12:31:06,971 [FATAL] Updater:351 - Updater called before beeing initialized
2026-04-29 12:31:07,036 [ERROR] Updater:1198 - MainUpdater not yet initialized. External WinMGr cannot be set.
2026-04-29 12:31:07,047 [INFO] Updater:1134 - Updater Version found : 6.14.0
2026-04-29 12:31:07,073 [INFO] ApplicationProperties:184 - Using Application install path: C:\ST\STM32CubeIDE_1.18.0\STM32CubeIDE\plugins\com.st.stm32cube.common.mx_6.14.0.202502271554
2026-04-29 12:31:08,711 [ERROR] LogOutputStream:75 - [STDERR_REDIRECT] Apr 29, 2026 12:31:08 PM java.util.prefs.WindowsPreferences <init>
2026-04-29 12:31:08,714 [ERROR] LogOutputStream:75 - [STDERR_REDIRECT] WARNING: Could not open/create prefs root node Software\JavaSoft\Prefs at root 0xffffffff80000002. Windows RegCreateKeyEx(...) returned error code 5.
2026-04-29 12:31:08,714 [ERROR] LogOutputStream:75 - [STDERR_REDIRECT] 
2026-04-29 12:31:09,066 [INFO] MainUpdater:2872 - connection check result : 10
2026-04-29 12:31:09,066 [INFO] MainUpdater:3566 - Updater definition file requires update
2026-04-29 12:31:09,068 [INFO] MainUpdater:289 - Updater Check For Update Now.
2026-04-29 12:31:09,068 [INFO] MicroXplorer:498 - Change Database Version : DB.6.0.140
2026-04-29 12:31:09,088 [INFO] McuFinderGlobals:63 - Set McuFinder mode to 2 (CubeIDE integrated)
2026-04-29 12:31:09,096 [INFO] UserAuth:486 - Internet connection configuration mode: 1
2026-04-29 12:31:09,107 [INFO] ServerAccessManage:473 - Download File updaters.zip
2026-04-29 12:31:09,138 [INFO] JxBrowserEngine:152 - Initiate JxBrowser Engine with user profile folder
2026-04-29 12:31:09,197 [INFO] FileExtend:242 - Unzip File : updaters.zip
2026-04-29 12:31:09,197 [INFO] FileExtend:257 - Standard Zip Deflate
2026-04-29 12:31:09,418 [WARN] MainUpdater:1193 - Updater busy. Cannot search thirdparties
2026-04-29 12:31:09,420 [INFO] ThirdPartyUpdaterWithRetryManager:96 - Updater plugin is busy. [1/15]
2026-04-29 12:31:10,271 [INFO] ServerAccessManage:473 - Download File PacksControlFlags.xml
2026-04-29 12:31:10,444 [INFO] ServerAccessManage:473 - Download File cubemx.pidx
2026-04-29 12:31:10,878 [INFO] ServerAccessManage:473 - Download File STMicroelectronics.FP-SNS-STAIOTCFT.pdsc
2026-04-29 12:31:11,643 [INFO] ServerAccessManage:473 - Download File STMicroelectronics.X-CUBE-GNSS1.pdsc
2026-04-29 12:31:12,195 [INFO] WebApp:169 - Instantiating new browser for Auth
2026-04-29 12:31:12,430 [WARN] MainUpdater:1193 - Updater busy. Cannot search thirdparties
2026-04-29 12:31:12,430 [INFO] ThirdPartyUpdaterWithRetryManager:96 - Updater plugin is busy. [2/15]
2026-04-29 12:31:12,662 [ERROR] ServerAccessManage:1089 - Problem, file not found on Server
2026-04-29 12:31:13,074 [INFO] WebApp:463 - Apply proxy settings
2026-04-29 12:31:13,074 [INFO] WebApp:548 - Chromium requires no authentication
2026-04-29 12:31:13,099 [INFO] WebApp:491 - Direct internet connection detected
2026-04-29 12:31:13,135 [INFO] WebApp:894 - Register for checkConnection events
2026-04-29 12:31:13,135 [INFO] WebApp:463 - Apply proxy settings
2026-04-29 12:31:13,135 [INFO] WebApp:548 - Chromium requires no authentication
2026-04-29 12:31:13,135 [INFO] WebApp:491 - Direct internet connection detected
2026-04-29 12:31:13,248 [ERROR] ServerAccessManage:1089 - Problem, file not found on Server
2026-04-29 12:31:13,363 [INFO] WebApp:225 - Starting web application
2026-04-29 12:31:13,363 [INFO] WebApp:593 - Web application path used C:\ST\STM32CubeIDE_1.18.0\STM32CubeIDE\plugins\com.st.stm32cube.common.mx_6.14.0.202502271554\db\plugins\mcufinder\reactClient1\index.html
2026-04-29 12:31:13,411 [INFO] WebApp:191 - Connection restablished
2026-04-29 12:31:13,526 [ERROR] ServerAccessManage:1089 - Problem, file not found on Server
2026-04-29 12:31:13,666 [INFO] UserAuth:486 - Internet connection configuration mode: 1
2026-04-29 12:31:14,114 [ERROR] ServerAccessManage:1089 - Problem, file not found on Server
2026-04-29 12:31:14,975 [ERROR] ServerAccessManage:1089 - Problem, file not found on Server
2026-04-29 12:31:15,342 [ERROR] ServerAccessManage:1089 - Problem, file not found on Server
2026-04-29 12:31:15,431 [WARN] MainUpdater:1193 - Updater busy. Cannot search thirdparties
2026-04-29 12:31:15,431 [INFO] ThirdPartyUpdaterWithRetryManager:96 - Updater plugin is busy. [3/15]
2026-04-29 12:31:15,559 [INFO] ServerAccessManage:473 - Download File STMicroelectronics.X-CUBE-MEMS1.pdsc
2026-04-29 12:31:17,745 [WARN] PopulateThirdPartyThread:106 - Error when creating pack: C:/Users/91762/.stm32cubemx/thirdparties/pdsc/STMicroelectronics.FP-SNS-STAIOTCFT.pdsc
2026-04-29 12:31:17,871 [WARN] PackLoader:240 - Cannot read IP mode file for STMicroelectronics.X-CUBE-GNSS1.7.1.1
2026-04-29 12:31:17,934 [INFO] CheckServerUpdateThread:120 - End of CheckServer Thread
2026-04-29 12:31:17,951 [WARN] PackLoader:240 - Cannot read IP mode file for STMicroelectronics.X-CUBE-MEMS1.12.1.0
2026-04-29 12:31:18,038 [INFO] PopulateThirdPartyThread:66 - Ending populate Thread
2026-04-29 12:31:18,040 [INFO] ThirdParty:1030 - CMSIS Pack Vendor :STMicroelectronics X-CUBE-MEMS1 12.1.0
2026-04-29 12:31:18,040 [INFO] ThirdParty:1030 - CMSIS Pack Vendor :STMicroelectronics X-CUBE-GNSS1 7.1.1
2026-04-29 12:31:18,040 [INFO] LoadServerUpdatesThread:375 - End of LoadServerUpdate Thread
2026-04-29 12:31:18,772 [WARN] PackLoader:240 - Cannot read IP mode file for STMicroelectronics.X-CUBE-AZRTOS-H7.3.5.0
2026-04-29 12:31:18,786 [WARN] PackLoader:240 - Cannot read IP mode file for STMicroelectronics.FP-ATR-ASTRA1.2.0.2
2026-04-29 12:31:18,815 [WARN] PackLoader:240 - Cannot read IP mode file for STMicroelectronics.X-CUBE-SMBUS.2.1.0
2026-04-29 12:31:18,852 [WARN] PackLoader:240 - Cannot read IP mode file for STMicroelectronics.X-CUBE-AZRTOS-F7.1.1.0
2026-04-29 12:31:18,873 [ERROR] Engine:466 - C:\Users\91762\.stm32cubemx\thirdparties\pdsc\STMicroelectronics.FP-SNS-MOTENV1.5.1.0.pdsc: PDSC version is not supported
2026-04-29 12:31:18,888 [ERROR] Engine:466 - C:\Users\91762\.stm32cubemx\thirdparties\pdsc\WES.I-CUBE-Cesium.1.4.0.pdsc: PDSC version is not supported
2026-04-29 12:31:18,910 [WARN] PackLoader:240 - Cannot read IP mode file for STMicroelectronics.X-CUBE-DISPLAY.3.0.0
2026-04-29 12:31:18,923 [WARN] PackLoader:240 - Cannot read IP mode file for STMicroelectronics.X-CUBE-GNSS1.7.1.1
2026-04-29 12:31:18,931 [ERROR] Engine:466 - C:\Users\91762\.stm32cubemx\thirdparties\pdsc\STMicroelectronics.FP-SNS-MOTENVWB1.1.5.0.pdsc: PDSC version is not supported
2026-04-29 12:31:18,955 [WARN] PackLoader:240 - Cannot read IP mode file for STMicroelectronics.X-CUBE-NFC10.1.0.0
2026-04-29 12:31:18,979 [WARN] PackLoader:240 - Cannot read IP mode file for STMicroelectronics.X-CUBE-ST60.1.1.0
2026-04-29 12:31:18,998 [WARN] PackLoader:240 - Cannot read IP mode file for emotas.I-CUBE-CANOPEN.1.3.0
2026-04-29 12:31:19,013 [WARN] PackLoader:240 - Cannot read IP mode file for STMicroelectronics.X-CUBE-GNSS1.7.1.0
2026-04-29 12:31:19,037 [ERROR] Engine:466 - C:\Users\91762\.stm32cubemx\thirdparties\pdsc\STMicroelectronics.FP-SNS-STBOX1.2.1.0.pdsc: PDSC version is not supported
2026-04-29 12:31:19,052 [WARN] PackLoader:240 - Cannot read IP mode file for STMicroelectronics.FP-SNS-SMARTAG2.1.2.0
2026-04-29 12:31:19,056 [WARN] PackLoader:240 - Cannot read IP mode file for STMicroelectronics.FP-SNS-FLIGHT1.5.1.0
2026-04-29 12:31:19,075 [INFO] LogOutputStream:77 - [STDOUT_REDIRECT] 1 : Invalid condition id : UX_CORESTACK_Condition cause : null
2026-04-29 12:31:19,076 [INFO] LogOutputStream:77 - [STDOUT_REDIRECT] 1 : Invalid condition id : UX_CORESTACK_Condition cause : null
2026-04-29 12:31:19,077 [INFO] LogOutputStream:77 - [STDOUT_REDIRECT] 1 : Invalid condition id : UX_CORESTACK_Condition cause : null
2026-04-29 12:31:19,078 [INFO] LogOutputStream:77 - [STDOUT_REDIRECT] 1 : Invalid condition id : UX_CORESTACK_Condition cause : null
2026-04-29 12:31:19,078 [INFO] LogOutputStream:77 - [STDOUT_REDIRECT] 1 : Invalid condition id : UX_CORESTACK_Condition cause : null
2026-04-29 12:31:19,081 [WARN] PackLoader:240 - Cannot read IP mode file for STMicroelectronics.X-CUBE-AZRTOS-WL.2.0.0
2026-04-29 12:31:19,106 [WARN] PackLoader:240 - Cannot read IP mode file for STMicroelectronics.X-CUBE-AZRTOS-H7RS.1.2.0
2026-04-29 12:31:19,127 [WARN] PackLoader:240 - Cannot read IP mode file for STMicroelectronics.X-CUBE-BLE2.3.3.0
2026-04-29 12:31:19,200 [WARN] PackLoader:240 - Cannot read IP mode file for Infineon.AIROC-Wi-Fi-Bluetooth-STM32.1.8.0
2026-04-29 12:31:19,233 [WARN] PackLoader:240 - Cannot read IP mode file for STMicroelectronics.X-CUBE-NFC9.1.0.0
2026-04-29 12:31:19,251 [WARN] PackLoader:240 - Cannot read IP mode file for STMicroelectronics.X-CUBE-BLE1.7.1.0
2026-04-29 12:31:19,262 [WARN] PackLoader:240 - Cannot read IP mode file for wolfSSL.I-CUBE-wolfMQTT.1.19.2
2026-04-29 12:31:19,281 [WARN] PackLoader:240 - Cannot read IP mode file for STMicroelectronics.X-CUBE-EEPRMA1.5.2.0
2026-04-29 12:31:19,298 [WARN] PackLoader:240 - Cannot read IP mode file for wolfSSL.I-CUBE-wolfSSL.5.8.4
2026-04-29 12:31:19,305 [WARN] PackLoader:240 - Cannot read IP mode file for Cesanta.I-CUBE-Mongoose.7.20.0
2026-04-29 12:31:19,309 [ERROR] Engine:466 - C:\Users\91762\.stm32cubemx\thirdparties\pdsc\STMicroelectronics.FP-SNS-STAIOTCFT.1.1.0.pdsc: PDSC version is not supported
2026-04-29 12:31:19,353 [WARN] PackLoader:240 - Cannot read IP mode file for STMicroelectronics.X-CUBE-MEMS1.12.0.0
2026-04-29 12:31:19,432 [WARN] PackLoader:240 - Cannot read IP mode file for STMicroelectronics.X-CUBE-AZRTOS-G0.1.1.0
2026-04-29 12:31:19,451 [WARN] PackLoader:240 - Cannot read IP mode file for STMicroelectronics.X-CUBE-NFC4.3.0.0
2026-04-29 12:31:19,472 [WARN] PackLoader:240 - Cannot read IP mode file for EmbeddedOffice.I-CUBE-FS-RTOS.1.0.1
2026-04-29 12:31:19,481 [WARN] PackLoader:240 - Cannot read IP mode file for wolfSSL.I-CUBE-wolfTPM.3.8.0
2026-04-29 12:31:19,498 [WARN] PackLoader:240 - Cannot read IP mode file for STMicroelectronics.X-CUBE-TCPP.4.2.0
2026-04-29 12:31:19,517 [WARN] PackLoader:240 - Cannot read IP mode file for RealThread.X-CUBE-RT-Thread_Nano.4.1.1
2026-04-29 12:31:19,524 [WARN] PackLoader:240 - Cannot read IP mode file for STMicroelectronics.FP-ATR-SIGFOX1.3.2.0
2026-04-29 12:31:19,538 [ERROR] Engine:466 - C:\Users\91762\.stm32cubemx\thirdparties\pdsc\STMicroelectronics.X-CUBE-FREERTOS.1.5.0.pdsc: PDSC version is not supported
2026-04-29 12:31:19,553 [WARN] PackLoader:240 - Cannot read IP mode file for ITTIA_DB.I-CUBE-ITTIADB.8.9.0
2026-04-29 12:31:19,566 [WARN] PackLoader:240 - Cannot read IP mode file for STMicroelectronics.X-CUBE-NFC6.3.2.0
2026-04-29 12:31:19,580 [WARN] PackLoader:240 - Cannot read IP mode file for STMicroelectronics.X-CUBE-AI.10.2.0
2026-04-29 12:31:19,603 [WARN] PackLoader:240 - Cannot read IP mode file for STMicroelectronics.X-CUBE-MEMS1.12.1.0
2026-04-29 12:31:19,669 [WARN] PackLoader:240 - Cannot read IP mode file for SEGGER.I-CUBE-embOS.1.3.1
2026-04-29 12:31:19,719 [WARN] PackLoader:240 - Cannot read IP mode file for STMicroelectronics.X-CUBE-ALGOBUILD.1.4.0
2026-04-29 12:31:19,757 [WARN] PackLoader:240 - Cannot read IP mode file for STMicroelectronics.X-CUBE-PM33A1.1.0.0
2026-04-29 12:31:19,803 [WARN] PackLoader:240 - Cannot read IP mode file for STMicroelectronics.X-CUBE-AZRTOS-F4.1.1.0
2026-04-29 12:31:19,820 [WARN] PackLoader:240 - Cannot read IP mode file for STMicroelectronics.X-CUBE-ISPU.2.1.0
2026-04-29 12:31:19,835 [ERROR] Engine:466 - C:\Users\91762\.stm32cubemx\thirdparties\pdsc\STMicroelectronics.X-CUBE-IPS.3.2.0.pdsc: PDSC version is not supported
2026-04-29 12:31:19,841 [WARN] PackLoader:240 - Cannot read IP mode file for STMicroelectronics.eDS-WB_DPC_TT-BIDIR.2.1.1
2026-04-29 12:31:19,854 [WARN] PackLoader:240 - Cannot read IP mode file for STMicroelectronics.X-CUBE-NFC12.1.0.0
2026-04-29 12:31:19,882 [WARN] PackLoader:240 - Cannot read IP mode file for STMicroelectronics.X-CUBE-AZRTOS-L5.2.0.0
2026-04-29 12:31:19,891 [WARN] PackLoader:240 - Cannot read IP mode file for STMicroelectronics.eDS-WB_DPC_VIENNA.1.2.0
2026-04-29 12:31:19,897 [WARN] PackLoader:240 - Cannot read IP mode file for STMicroelectronics.eDS-WB_DPC_3PH2L-BIDIR.1.1.1
2026-04-29 12:31:19,914 [ERROR] Engine:466 - C:\Users\91762\.stm32cubemx\thirdparties\pdsc\STMicroelectronics.X-CUBE-ST67W61.1.3.0.pdsc: PDSC version is not supported
2026-04-29 12:31:19,931 [WARN] PackLoader:240 - Cannot read IP mode file for STMicroelectronics.X-CUBE-TOUCHGFX.4.26.1
2026-04-29 12:31:19,950 [WARN] PackLoader:240 - Cannot read IP mode file for STMicroelectronics.FP-SNS-STAIOTCFT.1.0.0
2026-04-29 12:31:19,967 [WARN] PackLoader:240 - Cannot read IP mode file for STMicroelectronics.X-CUBE-DPower.1.3.0
2026-04-29 12:31:19,995 [WARN] ConditionMgr:438 - getConditionDescription Invalid condition id : LAN8742 Phy interface Condition cause : null
2026-04-29 12:31:19,995 [WARN] PackLoader:240 - Cannot read IP mode file for STMicroelectronics.X-CUBE-AZRTOS-L4.2.0.0
2026-04-29 12:31:19,996 [WARN] ConditionMgr:1044 - genDependencies : Invalid condition id : LAN8742 Phy interface Condition cause : null
2026-04-29 12:31:19,996 [WARN] ConditionMgr:1044 - genDependencies : Invalid condition id : LAN8742 Phy interface Condition cause : null
2026-04-29 12:31:19,996 [WARN] ConditionMgr:1044 - genDependencies : Invalid condition id : LAN8742 Phy interface Condition cause : null
2026-04-29 12:31:20,012 [WARN] PackLoader:240 - Cannot read IP mode file for STMicroelectronics.X-CUBE-SFXS2LP1.4.0.0
2026-04-29 12:31:20,030 [WARN] PackLoader:240 - Cannot read IP mode file for STMicroelectronics.X-CUBE-WB05N.2.1.0
2026-04-29 12:31:20,044 [ERROR] Engine:466 - C:\Users\91762\.stm32cubemx\thirdparties\pdsc\STMicroelectronics.X-CUBE-ST67W61.1.2.0.pdsc: PDSC version is not supported
2026-04-29 12:31:20,061 [WARN] PackLoader:240 - Cannot read IP mode file for STMicroelectronics.X-CUBE-BLEMGR.4.1.0
2026-04-29 12:31:20,086 [WARN] ConditionMgr:438 - getConditionDescription Invalid condition id : UX DEVICE CLASS RTOS Condition cause : null
2026-04-29 12:31:20,086 [WARN] ConditionMgr:438 - getConditionDescription Invalid condition id : UX DEVICE CLASS RTOS Condition cause : null
2026-04-29 12:31:20,088 [WARN] PackLoader:240 - Cannot read IP mode file for STMicroelectronics.X-CUBE-AZRTOS-WB.2.0.0
2026-04-29 12:31:20,088 [WARN] ConditionMgr:1044 - genDependencies : Invalid condition id : UX DEVICE CLASS RTOS Condition cause : null
2026-04-29 12:31:20,088 [WARN] ConditionMgr:1044 - genDependencies : Invalid condition id : UX DEVICE CLASS RTOS Condition cause : null
2026-04-29 12:31:20,089 [WARN] ConditionMgr:1044 - genDependencies : Invalid condition id : UX DEVICE CLASS RTOS Condition cause : null
2026-04-29 12:31:20,089 [WARN] ConditionMgr:1044 - genDependencies : Invalid condition id : UX DEVICE CLASS RTOS Condition cause : null
2026-04-29 12:31:20,089 [WARN] ConditionMgr:1044 - genDependencies : Invalid condition id : UX DEVICE CLASS RTOS Condition cause : null
2026-04-29 12:31:20,094 [WARN] ConditionMgr:438 - getConditionDescription Invalid condition id : Cortex-A Device cause : null
2026-04-29 12:31:20,114 [WARN] ConditionMgr:1044 - genDependencies : Invalid condition id : Cortex-A Device cause : null
2026-04-29 12:31:20,114 [WARN] ConditionMgr:1044 - genDependencies : Invalid condition id : Cortex-A Device cause : null
2026-04-29 12:31:20,114 [WARN] ConditionMgr:1044 - genDependencies : Invalid condition id : Cortex-A Device cause : null
2026-04-29 12:31:20,130 [WARN] PackLoader:240 - Cannot read IP mode file for STMicroelectronics.X-CUBE-STSE01.2.0.0
2026-04-29 12:31:20,149 [WARN] PackLoader:240 - Cannot read IP mode file for STMicroelectronics.X-CUBE-SUBG2.5.0.0
2026-04-29 12:31:20,176 [WARN] PackLoader:240 - Cannot read IP mode file for STMicroelectronics.X-CUBE-AZRTOS-G4.2.0.0
2026-04-29 12:31:20,182 [WARN] PackLoader:240 - Cannot read IP mode file for wolfSSL.I-CUBE-wolfSSH.1.4.20
2026-04-29 12:31:20,198 [WARN] PackLoader:240 - Cannot read IP mode file for STMicroelectronics.X-CUBE-NFC7.2.0.0
2026-04-29 12:31:20,211 [WARN] PackLoader:240 - Cannot read IP mode file for STMicroelectronics.X-CUBE-ALS.1.0.2
2026-04-29 12:31:20,228 [WARN] PackLoader:240 - Cannot read IP mode file for STMicroelectronics.X-CUBE-TOF1.3.4.3
2026-04-29 12:31:20,233 [INFO] ThirdParty:978 - Integrity check success = true
2026-04-29 12:31:20,233 [INFO] IntegrityCheckThread:100 - exiting critical section [integrity check]
2026-04-29 12:31:20,233 [INFO] IntegrityCheckThread:103 - End integrity checks thread
2026-04-29 13:13:10,332 [INFO] WebApp:194 - Connection lost
2026-04-29 13:20:17,628 [INFO] WebApp:191 - Connection restablished
2026-04-29 14:05:14,193 [INFO] WebApp:194 - Connection lost
2026-04-29 14:05:14,787 [INFO] WebApp:191 - Connection restablished
2026-04-29 14:19:56,675 [INFO] WebApp:194 - Connection lost
2026-04-29 14:19:57,051 [INFO] WebApp:191 - Connection restablished
2026-04-29 15:20:00,796 [INFO] WebApp:194 - Connection lost
2026-04-29 15:20:01,301 [INFO] WebApp:191 - Connection restablished
2026-04-29 16:20:04,343 [INFO] WebApp:194 - Connection lost
2026-04-29 16:20:04,852 [INFO] WebApp:191 - Connection restablished
2026-04-29 17:20:08,348 [INFO] WebApp:194 - Connection lost
2026-04-29 17:20:08,819 [INFO] WebApp:191 - Connection restablished
2026-04-29 18:08:45,426 [ERROR] LogOutputStream:75 - [STDERR_REDIRECT] 
