21:02:48 **** Incremental Build of configuration Debug for project USART_DEMO ****
make -j12 all 
arm-none-eabi-gcc "../Src/main.c" -mcpu=cortex-m4 -std=gnu11 -g3 -DDEBUG -DSTM32 -DSTM32F407G_DISC1 -DSTM32F4 -DSTM32F407VGTx -c -I../Inc -O0 -ffunction-sections -fdata-sections -Wall -fstack-usage -fcyclomatic-complexity -MMD -MP -MF"Src/main.d" -MT"Src/main.o" --specs=nano.specs -mfpu=fpv4-sp-d16 -mfloat-abi=hard -mthumb -o "Src/main.o"
arm-none-eabi-gcc "../Src/stm32f407xx_gpio_driver.c" -mcpu=cortex-m4 -std=gnu11 -g3 -DDEBUG -DSTM32 -DSTM32F407G_DISC1 -DSTM32F4 -DSTM32F407VGTx -c -I../Inc -O0 -ffunction-sections -fdata-sections -Wall -fstack-usage -fcyclomatic-complexity -MMD -MP -MF"Src/stm32f407xx_gpio_driver.d" -MT"Src/stm32f407xx_gpio_driver.o" --specs=nano.specs -mfpu=fpv4-sp-d16 -mfloat-abi=hard -mthumb -o "Src/stm32f407xx_gpio_driver.o"
arm-none-eabi-gcc "../Src/stm32f407xx_usart_driver.c" -mcpu=cortex-m4 -std=gnu11 -g3 -DDEBUG -DSTM32 -DSTM32F407G_DISC1 -DSTM32F4 -DSTM32F407VGTx -c -I../Inc -O0 -ffunction-sections -fdata-sections -Wall -fstack-usage -fcyclomatic-complexity -MMD -MP -MF"Src/stm32f407xx_usart_driver.d" -MT"Src/stm32f407xx_usart_driver.o" --specs=nano.specs -mfpu=fpv4-sp-d16 -mfloat-abi=hard -mthumb -o "Src/stm32f407xx_usart_driver.o"
../Src/stm32f407xx_usart_driver.c: In function 'USART_SetBaudRate':
../Src/stm32f407xx_usart_driver.c:141:28: warning: implicit declaration of function 'RCC_GetPCLK2Value' [-Wimplicit-function-declaration]
  141 |                    PCLKx = RCC_GetPCLK2Value();
      |                            ^~~~~~~~~~~~~~~~~
../Src/stm32f407xx_usart_driver.c:144:28: warning: implicit declaration of function 'RCC_GetPCLK1Value' [-Wimplicit-function-declaration]
  144 |                    PCLKx = RCC_GetPCLK1Value();
      |                            ^~~~~~~~~~~~~~~~~
arm-none-eabi-gcc -o "USART_DEMO.elf" @"objects.list"   -mcpu=cortex-m4 -T"D:\005_STM32\USART_DEMO\STM32F407VGTX_FLASH.ld" --specs=nosys.specs -Wl,-Map="USART_DEMO.map" -Wl,--gc-sections -static --specs=nano.specs -mfpu=fpv4-sp-d16 -mfloat-abi=hard -mthumb -Wl,--start-group -lc -lm -Wl,--end-group
C:/ST/STM32CubeIDE_1.18.0/STM32CubeIDE/plugins/com.st.stm32cube.ide.mcu.externaltools.gnu-tools-for-stm32.13.3.rel1.win32_1.0.0.202411081344/tools/bin/../lib/gcc/arm-none-eabi/13.3.1/../../../../arm-none-eabi/bin/ld.exe: ./Src/stm32f407xx_usart_driver.o: in function `USART_SetBaudRate':
D:/005_STM32/USART_DEMO/Debug/../Src/stm32f407xx_usart_driver.c:141:(.text.USART_SetBaudRate+0x1e): undefined reference to `RCC_GetPCLK2Value'
C:/ST/STM32CubeIDE_1.18.0/STM32CubeIDE/plugins/com.st.stm32cube.ide.mcu.externaltools.gnu-tools-for-stm32.13.3.rel1.win32_1.0.0.202411081344/tools/bin/../lib/gcc/arm-none-eabi/13.3.1/../../../../arm-none-eabi/bin/ld.exe: D:/005_STM32/USART_DEMO/Debug/../Src/stm32f407xx_usart_driver.c:144:(.text.USART_SetBaudRate+0x28): undefined reference to `RCC_GetPCLK1Value'
collect2.exe: error: ld returned 1 exit status
make: *** [makefile:63: USART_DEMO.elf] Error 1
"make -j12 all" terminated with exit code 2. Build might be incomplete.

21:02:50 Build Failed. 3 errors, 2 warnings. (took 1s.692ms)

